This is XeTeX, Version 3.14159265-2.6-0.99998 (TeX Live 2017/Debian) (preloaded format=xelatex)
 \write18 enabled.
entering extended mode
(./source.tex
LaTeX2e <2017-04-15>
Babel <3.18> and hyphenation patterns for 28 language(s) loaded.
(/usr/share/texlive/texmf-dist/tex/latex/base/book.cls
Document Class: book 2014/09/29 v1.4h Standard LaTeX document class
(/usr/share/texlive/texmf-dist/tex/latex/base/bk10.clo))
(/usr/share/texlive/texmf-dist/tex/latex/minted/minted.sty
(/usr/share/texlive/texmf-dist/tex/latex/graphics/keyval.sty)
(/usr/share/texlive/texmf-dist/tex/latex/oberdiek/kvoptions.sty
(/usr/share/texlive/texmf-dist/tex/generic/oberdiek/ltxcmds.sty)
(/usr/share/texlive/texmf-dist/tex/generic/oberdiek/kvsetkeys.sty
(/usr/share/texlive/texmf-dist/tex/generic/oberdiek/infwarerr.sty)
(/usr/share/texlive/texmf-dist/tex/generic/oberdiek/etexcmds.sty
(/usr/share/texlive/texmf-dist/tex/generic/oberdiek/ifluatex.sty))))
(/usr/share/texlive/texmf-dist/tex/latex/fvextra/fvextra.sty
(/usr/share/texlive/texmf-dist/tex/latex/base/ifthen.sty)
(/usr/share/texlive/texmf-dist/tex/latex/etoolbox/etoolbox.sty)
(/usr/share/texlive/texmf-dist/tex/latex/fancyvrb/fancyvrb.sty
Style option: `fancyvrb' v2.7a, with DG/SPQR fixes, and firstline=lastline fix 
<2008/02/07> (tvz))
(/usr/share/texlive/texmf-dist/tex/latex/upquote/upquote.sty
(/usr/share/texlive/texmf-dist/tex/latex/base/textcomp.sty
(/usr/share/texlive/texmf-dist/tex/latex/base/ts1enc.def)))
(/usr/share/texlive/texmf-dist/tex/latex/lineno/lineno.sty))
(/usr/share/texlive/texmf-dist/tex/latex/tools/calc.sty)
(/usr/share/texlive/texmf-dist/tex/latex/tools/shellesc.sty)
(/usr/share/texlive/texmf-dist/tex/latex/ifplatform/ifplatform.sty
(/usr/share/texlive/texmf-dist/tex/generic/oberdiek/pdftexcmds.sty
(/usr/share/texlive/texmf-dist/tex/generic/oberdiek/ifpdf.sty))
(/usr/share/texlive/texmf-dist/tex/generic/oberdiek/catchfile.sty)
(./source.w18)) (/usr/share/texlive/texmf-dist/tex/generic/xstring/xstring.sty
(/usr/share/texlive/texmf-dist/tex/generic/xstring/xstring.tex))
(/usr/share/texlive/texmf-dist/tex/latex/framed/framed.sty)
(/usr/share/texlive/texmf-dist/tex/latex/float/float.sty))
(/usr/share/texlive/texmf-dist/tex/xelatex/xecjk/xeCJK.sty
(/usr/share/texlive/texmf-dist/tex/latex/l3kernel/expl3.sty
(/usr/share/texlive/texmf-dist/tex/latex/l3kernel/expl3-code.tex)
(/usr/share/texlive/texmf-dist/tex/latex/l3kernel/l3xdvipdfmx.def))
(/usr/share/texlive/texmf-dist/tex/latex/l3packages/xtemplate/xtemplate.sty)
(/usr/share/texlive/texmf-dist/tex/latex/l3packages/xparse/xparse.sty)
(/usr/share/texlive/texmf-dist/tex/latex/l3packages/l3keys2e/l3keys2e.sty)
(/usr/share/texlive/texmf-dist/tex/latex/fontspec/fontspec.sty
(/usr/share/texlive/texmf-dist/tex/latex/fontspec/fontspec-xetex.sty
(/usr/share/texlive/texmf-dist/tex/latex/base/fontenc.sty
(/usr/share/texlive/texmf-dist/tex/latex/base/tuenc.def))
(/usr/share/texlive/texmf-dist/tex/latex/fontspec/fontspec.cfg)))
(/usr/share/texlive/texmf-dist/tex/xelatex/xecjk/xunicode-addon.sty
(/usr/share/texlive/texmf-dist/tex/xelatex/xunicode/xunicode.sty
(/usr/share/texmf/tex/latex/tipa/t3enc.def)
(/usr/share/texlive/texmf-dist/tex/latex/graphics/graphicx.sty
(/usr/share/texlive/texmf-dist/tex/latex/graphics/graphics.sty
(/usr/share/texlive/texmf-dist/tex/latex/graphics/trig.sty)
(/usr/share/texlive/texmf-dist/tex/latex/graphics-cfg/graphics.cfg)
(/usr/share/texlive/texmf-dist/tex/latex/graphics-def/xetex.def)))))
(/usr/share/texlive/texmf-dist/tex/xelatex/xunicode/xunicode.sty
*** Reloading Xunicode for encoding 'TU' ***
) (/usr/share/texlive/texmf-dist/tex/xelatex/xecjk/xunicode-extra.def)
(/usr/share/texlive/texmf-dist/tex/xelatex/xecjk/xeCJK.cfg))
(/usr/share/texlive/texmf-dist/tex/latex/geometry/geometry.sty
(/usr/share/texlive/texmf-dist/tex/generic/oberdiek/ifvtex.sty)
(/usr/share/texlive/texmf-dist/tex/generic/ifxetex/ifxetex.sty))
(/usr/share/texlive/texmf-dist/tex/latex/titlesec/titlesec.sty)
(/usr/share/texlive/texmf-dist/tex/latex/amsmath/amsmath.sty
For additional information on amsmath, use the `?' option.
(/usr/share/texlive/texmf-dist/tex/latex/amsmath/amstext.sty
(/usr/share/texlive/texmf-dist/tex/latex/amsmath/amsgen.sty))
(/usr/share/texlive/texmf-dist/tex/latex/amsmath/amsbsy.sty)
(/usr/share/texlive/texmf-dist/tex/latex/amsmath/amsopn.sty))
(/usr/share/texlive/texmf-dist/tex/latex/amsfonts/amsfonts.sty)
(/usr/share/texlive/texmf-dist/tex/latex/ms/ragged2e.sty
(/usr/share/texlive/texmf-dist/tex/latex/ms/everysel.sty))
(/usr/share/texlive/texmf-dist/tex/latex/tools/multicol.sty)
(/usr/share/texlive/texmf-dist/tex/latex/fancyhdr/fancyhdr.sty)
(/usr/share/texlive/texmf-dist/tex/latex/emptypage/emptypage.sty)
(/usr/share/texlive/texmf-dist/tex/latex/enumitem/enumitem.sty)
(/usr/share/texlive/texmf-dist/tex/latex/pdfpages/pdfpages.sty
(/usr/share/texlive/texmf-dist/tex/latex/eso-pic/eso-pic.sty
(/usr/share/texlive/texmf-dist/tex/generic/oberdiek/atbegshi.sty)
(/usr/share/texlive/texmf-dist/tex/latex/xcolor/xcolor.sty
(/usr/share/texlive/texmf-dist/tex/latex/graphics-cfg/color.cfg)))
(/usr/share/texlive/texmf-dist/tex/latex/pdfpages/ppxetex.def))
(/usr/share/texlive/texmf-dist/tex/latex/tocloft/tocloft.sty)
(/usr/share/texlive/texmf-dist/tex/latex/sectsty/sectsty.sty)
(/usr/share/texlive/texmf-dist/tex/latex/lipsum/lipsum.sty)
(/usr/share/texlive/texmf-dist/tex/latex/xpatch/xpatch.sty)
(/usr/share/texlive/texmf-dist/tex/latex/mdframed/mdframed.sty
(/usr/share/texlive/texmf-dist/tex/latex/oberdiek/zref-abspage.sty
(/usr/share/texlive/texmf-dist/tex/latex/oberdiek/zref-base.sty
(/usr/share/texlive/texmf-dist/tex/generic/oberdiek/kvdefinekeys.sty)
(/usr/share/texlive/texmf-dist/tex/latex/oberdiek/auxhook.sty)))
(/usr/share/texlive/texmf-dist/tex/latex/needspace/needspace.sty)
(/usr/share/texlive/texmf-dist/tex/latex/mdframed/md-frame-0.mdf))/usr/bin/pygmentize

*************************************************
* xeCJK warning: "fandol"
* 
* Fandol is being set as the default font for CJK text.
* Please make sure it has been properly installed.
*************************************************
*************************************************
* fontspec warning: "script-not-exist"
* 
* Font 'FandolSong-Regular' does not contain script 'CJK'.
*************************************************
(./source.aux) (/usr/share/texlive/texmf-dist/tex/latex/base/ts1cmr.fd)
(/usr/share/texmf/tex/latex/tipa/t3cmr.fd)
*geometry* driver: auto-detecting
*geometry* detected driver: xetex
ABD: EverySelectfont initializing macros
(/usr/share/texlive/texmf-dist/tex/latex/oberdiek/pdflscape.sty
(/usr/share/texlive/texmf-dist/tex/latex/graphics/lscape.sty)) [1]
(./source.toc (/usr/share/texlive/texmf-dist/tex/latex/amsfonts/umsa.fd)
(/usr/share/texlive/texmf-dist/tex/latex/amsfonts/umsb.fd)) [1]
Chapter 1.
(./graph_theory.tex (./source.out.pyg) (./source.out.pyg) (./source.out.pyg
*************************************************
* fontspec warning: "script-not-exist"
* 
* Font 'FandolFang-Regular' does not contain script 'CJK'.
*************************************************
*************************************************
* fontspec warning: "script-not-exist"
* 
* Font 'FandolHei-Regular' does not contain script 'CJK'.
*************************************************
) (./source.out.pyg) (./source.out.pyg) (./source.out.pyg [2])
(./source.out.pyg [3]
Underfull \hbox (badness 10000) in paragraph at lines 170--170
|[][][][][]\TU/lmtt/m/n/9 hp[[]++[]cnt] []=[] Heap(w[p], p, []0[], []0[],
) (./source.out.pyg [4]
Underfull \hbox (badness 10000) in paragraph at lines 36--36
|            []\TU/lmtt/b/n/9 for[] \TU/lmtt/m/n/9 ([][]\TU/lmtt/b/n/9 int[] \T
U/lmtt/m/n/9 i []=[] []0[]; i []<[] ([][]\TU/lmtt/b/n/9 int[]\TU/lmtt/m/n/9 )[]
C[k].size()[];

LaTeX Font Warning: Font shape `TU/FandolFang-Regular(0)/m/it' undefined
(Font)              using `TU/FandolFang-Regular(0)/m/n' instead on input line 
64.

) (./source.out.pyg) (./source.out.pyg [5]) (./source.out.pyg
Underfull \hbox (badness 10000) in paragraph at lines 66--66
|[][][][][]\TU/lmtt/b/n/9 else[] []if[]\TU/lmtt/m/n/9 (tp[y] []^[] []1[] []&&[]
[] find(x)[] []^[] find([]
) (./source.out.pyg [6]) (./source.out.pyg
Underfull \hbox (badness 10000) in paragraph at lines 41--41
|                \TU/lmtt/m/n/9 G[pe[j][]->[]x].push_back({pe[j][]->[]y,
)This is XeTeX, Version 3.14159265-2.6-0.99998 (TeX Live 2017/Debian) (preloaded format=xelatex)
 \write18 enabled.
entering extended mode
(./source.tex
LaTeX2e <2017-04-15>
Babel <3.18> and hyphenation patterns for 28 language(s) loaded.
(/usr/share/texlive/texmf-dist/tex/latex/base/book.cls
Document Class: book 2014/09/29 v1.4h Standard LaTeX document class
(/usr/share/texlive/texmf-dist/tex/latex/base/bk10.clo))
(/usr/share/texlive/texmf-dist/tex/latex/minted/minted.sty
(/usr/share/texlive/texmf-dist/tex/latex/graphics/keyval.sty)
(/usr/share/texlive/texmf-dist/tex/latex/oberdiek/kvoptions.sty
(/usr/share/texlive/texmf-dist/tex/generic/oberdiek/ltxcmds.sty)
(/usr/share/texlive/texmf-dist/tex/generic/oberdiek/kvsetkeys.sty
(/usr/share/texlive/texmf-dist/tex/generic/oberdiek/infwarerr.sty)
(/usr/share/texlive/texmf-dist/tex/generic/oberdiek/etexcmds.sty
(/usr/share/texlive/texmf-dist/tex/generic/oberdiek/ifluatex.sty))))
(/usr/share/texlive/texmf-dist/tex/latex/fvextra/fvextra.sty
(/usr/share/texlive/texmf-dist/tex/latex/base/ifthen.sty)
(/usr/share/texlive/texmf-dist/tex/latex/etoolbox/etoolbox.sty)
(/usr/share/texlive/texmf-dist/tex/latex/fancyvrb/fancyvrb.sty
Style option: `fancyvrb' v2.7a, with DG/SPQR fixes, and firstline=lastline fix 
<2008/02/07> (tvz))
(/usr/share/texlive/texmf-dist/tex/latex/upquote/upquote.sty
(/usr/share/texlive/texmf-dist/tex/latex/base/textcomp.sty
(/usr/share/texlive/texmf-dist/tex/latex/base/ts1enc.def)))
(/usr/share/texlive/texmf-dist/tex/latex/lineno/lineno.sty))
(/usr/share/texlive/texmf-dist/tex/latex/tools/calc.sty)
(/usr/share/texlive/texmf-dist/tex/latex/tools/shellesc.sty)
(/usr/share/texlive/texmf-dist/tex/latex/ifplatform/ifplatform.sty
(/usr/share/texlive/texmf-dist/tex/generic/oberdiek/pdftexcmds.sty
(/usr/share/texlive/texmf-dist/tex/generic/oberdiek/ifpdf.sty))
(/usr/share/texlive/texmf-dist/tex/generic/oberdiek/catchfile.sty)
(./source.w18)) (/usr/share/texlive/texmf-dist/tex/generic/xstring/xstring.sty
(/usr/share/texlive/texmf-dist/tex/generic/xstring/xstring.tex))
(/usr/share/texlive/texmf-dist/tex/latex/framed/framed.sty)
(/usr/share/texlive/texmf-dist/tex/latex/float/float.sty))
(/usr/share/texlive/texmf-dist/tex/xelatex/xecjk/xeCJK.sty
(/usr/share/texlive/texmf-dist/tex/latex/l3kernel/expl3.sty
(/usr/share/texlive/texmf-dist/tex/latex/l3kernel/expl3-code.tex)
(/usr/share/texlive/texmf-dist/tex/latex/l3kernel/l3xdvipdfmx.def))
(/usr/share/texlive/texmf-dist/tex/latex/l3packages/xtemplate/xtemplate.sty)
(/usr/share/texlive/texmf-dist/tex/latex/l3packages/xparse/xparse.sty)
(/usr/share/texlive/texmf-dist/tex/latex/l3packages/l3keys2e/l3keys2e.sty)
(/usr/share/texlive/texmf-dist/tex/latex/fontspec/fontspec.sty
(/usr/share/texlive/texmf-dist/tex/latex/fontspec/fontspec-xetex.sty
(/usr/share/texlive/texmf-dist/tex/latex/base/fontenc.sty
(/usr/share/texlive/texmf-dist/tex/latex/base/tuenc.def))
(/usr/share/texlive/texmf-dist/tex/latex/fontspec/fontspec.cfg)))
(/usr/share/texlive/texmf-dist/tex/xelatex/xecjk/xunicode-addon.sty
(/usr/share/texlive/texmf-dist/tex/xelatex/xunicode/xunicode.sty
(/usr/share/texmf/tex/latex/tipa/t3enc.def)
(/usr/share/texlive/texmf-dist/tex/latex/graphics/graphicx.sty
(/usr/share/texlive/texmf-dist/tex/latex/graphics/graphics.sty
(/usr/share/texlive/texmf-dist/tex/latex/graphics/trig.sty)
(/usr/share/texlive/texmf-dist/tex/latex/graphics-cfg/graphics.cfg)
(/usr/share/texlive/texmf-dist/tex/latex/graphics-def/xetex.def)))))
(/usr/share/texlive/texmf-dist/tex/xelatex/xunicode/xunicode.sty
*** Reloading Xunicode for encoding 'TU' ***
) (/usr/share/texlive/texmf-dist/tex/xelatex/xecjk/xunicode-extra.def)
(/usr/share/texlive/texmf-dist/tex/xelatex/xecjk/xeCJK.cfg))
(/usr/share/texlive/texmf-dist/tex/latex/geometry/geometry.sty
(/usr/share/texlive/texmf-dist/tex/generic/oberdiek/ifvtex.sty)
(/usr/share/texlive/texmf-dist/tex/generic/ifxetex/ifxetex.sty))
(/usr/share/texlive/texmf-dist/tex/latex/titlesec/titlesec.sty)
(/usr/share/texlive/texmf-dist/tex/latex/amsmath/amsmath.sty
For additional information on amsmath, use the `?' option.
(/usr/share/texlive/texmf-dist/tex/latex/amsmath/amstext.sty
(/usr/share/texlive/texmf-dist/tex/latex/amsmath/amsgen.sty))
(/usr/share/texlive/texmf-dist/tex/latex/amsmath/amsbsy.sty)
(/usr/share/texlive/texmf-dist/tex/latex/amsmath/amsopn.sty))
(/usr/share/texlive/texmf-dist/tex/latex/amsfonts/amsfonts.sty)
(/usr/share/texlive/texmf-dist/tex/latex/ms/ragged2e.sty
(/usr/share/texlive/texmf-dist/tex/latex/ms/everysel.sty))
(/usr/share/texlive/texmf-dist/tex/latex/tools/multicol.sty)
(/usr/share/texlive/texmf-dist/tex/latex/fancyhdr/fancyhdr.sty)
(/usr/share/texlive/texmf-dist/tex/latex/emptypage/emptypage.sty)
(/usr/share/texlive/texmf-dist/tex/latex/enumitem/enumitem.sty)
(/usr/share/texlive/texmf-dist/tex/latex/pdfpages/pdfpages.sty
(/usr/share/texlive/texmf-dist/tex/latex/eso-pic/eso-pic.sty
(/usr/share/texlive/texmf-dist/tex/generic/oberdiek/atbegshi.sty)
(/usr/share/texlive/texmf-dist/tex/latex/xcolor/xcolor.sty
(/usr/share/texlive/texmf-dist/tex/latex/graphics-cfg/color.cfg)))
(/usr/share/texlive/texmf-dist/tex/latex/pdfpages/ppxetex.def))
(/usr/share/texlive/texmf-dist/tex/latex/tocloft/tocloft.sty)
(/usr/share/texlive/texmf-dist/tex/latex/sectsty/sectsty.sty)
(/usr/share/texlive/texmf-dist/tex/latex/lipsum/lipsum.sty)
(/usr/share/texlive/texmf-dist/tex/latex/xpatch/xpatch.sty)
(/usr/share/texlive/texmf-dist/tex/latex/mdframed/mdframed.sty
(/usr/share/texlive/texmf-dist/tex/latex/oberdiek/zref-abspage.sty
(/usr/share/texlive/texmf-dist/tex/latex/oberdiek/zref-base.sty
(/usr/share/texlive/texmf-dist/tex/generic/oberdiek/kvdefinekeys.sty)
(/usr/share/texlive/texmf-dist/tex/latex/oberdiek/auxhook.sty)))
(/usr/share/texlive/texmf-dist/tex/latex/needspace/needspace.sty)
(/usr/share/texlive/texmf-dist/tex/latex/mdframed/md-frame-0.mdf))/usr/bin/pygmentize

*************************************************
* xeCJK warning: "fandol"
* 
* Fandol is being set as the default font for CJK text.
* Please make sure it has been properly installed.
*************************************************
*************************************************
* fontspec warning: "script-not-exist"
* 
* Font 'FandolSong-Regular' does not contain script 'CJK'.
*************************************************
(./source.aux)
Runaway argument?
{\contentsline {section}{\numberline {1.8}一般图最大匹配\ \relax \ETC.
! File ended while scanning use of \@writefile.
<inserted text> 
                \par 
l.94 \begin{document}
                     
(/usr/share/texlive/texmf-dist/tex/latex/base/ts1cmr.fd)
(/usr/share/texmf/tex/latex/tipa/t3cmr.fd)
*geometry* driver: auto-detecting
*geometry* detected driver: xetex
ABD: EverySelectfont initializing macros
(/usr/share/texlive/texmf-dist/tex/latex/oberdiek/pdflscape.sty
(/usr/share/texlive/texmf-dist/tex/latex/graphics/lscape.sty)) [1]
(./source.toc) [1]
Chapter 1.
(./graph_theory.tex (./source.out.pyg) (./source.out.pyg) (./source.out.pyg
*************************************************
* fontspec warning: "script-not-exist"
* 
* Font 'FandolFang-Regular' does not contain script 'CJK'.
*************************************************
*************************************************
* fontspec warning: "script-not-exist"
* 
* Font 'FandolHei-Regular' does not contain script 'CJK'.
*************************************************
(/usr/share/texlive/texmf-dist/tex/latex/amsfonts/umsa.fd)
(/usr/share/texlive/texmf-dist/tex/latex/amsfonts/umsb.fd)) (./source.out.pyg)
(./source.out.pyg) (./source.out.pyg [2]) (./source.out.pyg [3]
Underfull \hbox (badness 10000) in paragraph at lines 170--170
|[][][][][]\TU/lmtt/m/n/9 hp[[]++[]cnt] []=[] Heap(w[p], p, []0[], []0[],
) (./source.out.pyg [4]
Underfull \hbox (badness 10000) in paragraph at lines 36--36
|            []\TU/lmtt/b/n/9 for[] \TU/lmtt/m/n/9 ([][]\TU/lmtt/b/n/9 int[] \T
U/lmtt/m/n/9 i []=[] []0[]; i []<[] ([][]\TU/lmtt/b/n/9 int[]\TU/lmtt/m/n/9 )[]
C[k].size()[];

LaTeX Font Warning: Font shape `TU/FandolFang-Regular(0)/m/it' undefined
(Font)              using `TU/FandolFang-Regular(0)/m/n' instead on input line 
64.

) (./source.out.pyg) (./source.out.pyg [5]) (./source.out.pyg
Underfull \hbox (badness 10000) in paragraph at lines 66--66
|[][][][][]\TU/lmtt/b/n/9 else[] []if[]\TU/lmtt/m/n/9 (tp[y] []^[] []1[] []&&[]
[] find(x)[] []^[] find([]
) (./source.out.pyg [6]) (./source.out.pyg
Underfull \hbox (badness 10000) in paragraph at lines 41--41
|                \TU/lmtt/m/n/9 G[pe[j][]->[]x].push_back({pe[j][]->[]y,
) (./source.out.pyg [7]) (./source.out.pyg) (./source.out.pyg [8])
(./source.out.pyg) (./source.out.pyg [9]) (./source.out.pyg [10])
(./source.out.pyg
Underfull \hbox (badness 10000) in paragraph at lines 21--21
|[][][][][]\TU/lmtt/b/n/9 for[] \TU/lmtt/m/n/9 ([][]\TU/lmtt/b/n/9 int[] \TU/lm
tt/m/n/9 i []=[] top []+[] []1[]; i []<=[] elder;
) (./source.out.pyg) (./source.out.pyg [11]) (./source.out.pyg
Underfull \hbox (badness 10000) in paragraph at lines 12--12
|[][][]\TU/lmtt/b/n/9 for[]\TU/lmtt/m/n/9 ([][]\TU/lmtt/b/n/9 int[] \TU/lmtt/m/
n/9 i []=[] now[x]; i []!=[] []-[][]1[]; i []=[]

Underfull \hbox (badness 10000) in paragraph at lines 38--38
|[][][]\TU/lmtt/b/n/9 for[]\TU/lmtt/m/n/9 ([][]\TU/lmtt/b/n/9 int[] \TU/lmtt/m/
n/9 i []=[] son[x]; i []!=[] []-[][]1[]; i []=[]
) (./source.out.pyg) (./source.out.pyg [12]) [13])
Chapter 2.
(./math.tex (./source.out.pyg) (./source.out.pyg
Overfull \vbox (2.53741pt too high) has occurred while \output is active
Overfull \vbox (2.53741pt too high) has occurred while \output is active
[14]) (./source.out.pyg) (./source.out.pyg
Underfull \hbox (badness 10000) in paragraph at lines 5--5
|    []\TU/lmtt/b/n/9 if[] \TU/lmtt/m/n/9 (d []*[] []2[] []>[] m)[] []\TU/lmtt/
b/n/9 return[] \TU/lmtt/m/n/9 calc(m []-[] d, m, m []-[] r, m []-[]
) (./source.out.pyg) (./source.out.pyg [15]) (./source.out.pyg
Underfull \hbox (badness 10000) in paragraph at lines 7--7
|    []\TU/lmtt/b/n/9 for[] \TU/lmtt/m/n/9 ([][]\TU/lmtt/b/n/9 int[] \TU/lmtt/m
/n/9 i []=[] []1[], now []=[] []1[]; i []<=[] n []&&[][] now []<=[] m;
) (./source.out.pyg
Underfull \hbox (badness 10000) in paragraph at lines 43--43
|        []\TU/lmtt/b/n/9 if[] \TU/lmtt/m/n/9 ([][]![]miller_rabin_check(number
,
[16]) (./source.out.pyg
Underfull \hbox (badness 10000) in paragraph at lines 30--30
|[][][]\TU/lmtt/m/n/9 bin.push_back(add(bin[i []-[] []1[]], bin[i []-[]
) (./source.out.pyg) (./source.out.pyg [17]) (./source.out.pyg)
(./source.out.pyg) (./source.out.pyg [18]) (./source.out.pyg [19])
(./source.out.pyg) (./source.out.pyg) (./source.out.pyg [20]) (./source.out.pyg
) (./source.out.pyg) (./source.out.pyg [21]
Underfull \hbox (badness 10000) in paragraph at lines 70--70
|        []\TU/lmtt/b/n/9 return[] []\TU/lmtt/m/it/9 /* no solution */[] \TU/lm
tt/m/n/9 std[]::[]vector[]<[][]\TU/lmtt/b/n/9 double[][]\TU/lmtt/m/n/9 >[]([]
)

Package amsmath Warning: Foreign command \atopwithdelims;
(amsmath)                \frac or \genfrac should be used instead
(amsmath)                 on input line 120.

[22])
Chapter 3.
(./geometry.tex (./source.out.pyg [23]
Underfull \hbox (badness 10000) in paragraph at lines 96--96
|    []\TU/lmtt/b/n/9 if[] \TU/lmtt/m/n/9 (point_on_seg(a.a, b)[] []||[][] poin
t_on_seg(a.b, b)[]
[24]
Underfull \hbox (badness 10000) in paragraph at lines 165--165
|        \TU/lmtt/m/n/9 l1 []=[] l2 []=[] line(p1, p1 []+[] (a.o []-[] p1)[].ro
tate90([]

Underfull \hbox (badness 10000) in paragraph at lines 189--189
|        \TU/lmtt/m/n/9 l1 []=[] l2 []=[] line(p1, p1 []+[] (a.o []-[] p1)[].ro
tate90([]
) (./source.out.pyg) (./source.out.pyg [25]
Underfull \hbox (badness 10000) in paragraph at lines 55--55
|[][][]\TU/lmtt/b/n/9 int[] \TU/lmtt/m/n/9 id []=[] lower_bound(lower.begin()[]

) (./source.out.pyg [26]) (./source.out.pyg) (./source.out.pyg)
(./source.out.pyg [27]) (./source.out.pyg [28]) (./source.out.pyg [29])
(./source.out.pyg [30]
Overfull \hbox (10.1682pt too wide) in paragraph at lines 61--61
\TU/lmtt/m/n/9 root[]->[]children[i][]->[]contains([] 

Overfull \hbox (19.61826pt too wide) in paragraph at lines 78--78
\TU/lmtt/m/n/9 tri[]->[]p[[]0[]],tri[]->[]p[[]1[]],tri[]->[]p[[]2[]],trj[]->[]p
[pj]))[] 
) (./source.out.pyg [31]) (./source.out.pyg
Overfull \hbox (71.59306pt too wide) in paragraph at lines 58--58
\TU/lmtt/m/n/9 info[face[i][[]0[]]][]+[]info[face[i][[]1[]]][]+[]info[face[i][[
]2[]]][]+[]first)[] 
) (./source.out.pyg
Underfull \hbox (badness 10000) in paragraph at lines 4--4
|[][]\TU/lmtt/b/n/9 double[] \TU/lmtt/m/n/9 s1 []=[] x []*[] x []+[] y []*[] y 
[]+[] z []*[] z, ss1 []=[] msqrt([]
[32])
Underfull \hbox (badness 5893) in paragraph at lines 56--102
\TU/FandolSong-Regular(0)/m/n/10 内 切 圆 半 径 $\OML/cmm/m/it/10 r \OT1/cmr/m/n/10 
= [] = 4\OML/cmm/m/it/10 R [] [] [] [] [] [] \OT1/cmr/m/n/10 =
)
Chapter 4.
(./string.tex (./source.out.pyg
Overfull \vbox (64.91812pt too high) has occurred while \output is active
Overfull \vbox (64.91812pt too high) has occurred while \output is active
[33]) (./source.out.pyg) (./source.out.pyg)
Underfull \hbox (badness 10000) in paragraph at lines 9--9
[]\TU/lmr/bx/n/14.4 Lydon Word Decomposition
(./source.out.pyg) (./source.out.pyg [34]) (./source.out.pyg) (./source.out.pyg
) (./source.out.pyg [35]) (./source.out.pyg) (./source.out.pyg [36])
(./source.out.pyg))
Chapter 5.
(./data_structure.tex (./source.out.pyg) (./source.out.pyg [37])
(./source.out.pyg) (./source.out.pyg) (./source.out.pyg) (./source.out.pyg
[38]
Underfull \hbox (badness 10000) in paragraph at lines 87--87
|    \TU/lmtt/m/n/9 cmin(ret, dis[pos[dmax(ql, l)[]]] []*[] o []->[] k []+[] o 
[]->[]

Underfull \hbox (badness 10000) in paragraph at lines 88--88
|    \TU/lmtt/m/n/9 cmin(ret, dis[pos[dmin(qr, r)[]]] []*[] o []->[] k []+[] o 
[]->[]
[39]) (./source.out.pyg [40]) (./source.out.pyg) (./source.out.pyg [41]
Underfull \hbox (badness 10000) in paragraph at lines 94--94
|[][]\TU/lmtt/b/n/9 int[] \TU/lmtt/m/n/9 x []=[] find(root, l []-[] []1[])[], y
 []=[] find(root, l []+[]

Underfull \hbox (badness 10000) in paragraph at lines 108--108
|[][]\TU/lmtt/b/n/9 int[] \TU/lmtt/m/n/9 x []=[] find(root, left)[], y []=[] fi
nd(root, left []+[]
[42]) (./source.out.pyg) (./source.out.pyg [43] [44]) (./source.out.pyg)
(./source.out.pyg [45]) (./source.out.pyg) (./source.out.pyg [46]
Underfull \hbox (badness 10000) in paragraph at lines 94--94
|[][]\TU/lmtt/m/n/9 Change([][]1[], []1[], n, dfn[now], mkp(d[now],
) (./source.out.pyg [47]) (./source.out.pyg
Underfull \hbox (badness 10000) in paragraph at lines 65--65
|[]\TU/lmtt/m/n/9 ans[]=[]min(ans,abs(x[]-[]p[now].d[[]0[]])[][]+[]abs([]
[48]) (./source.out.pyg
Underfull \hbox (badness 10000) in paragraph at lines 25--25
|            \TU/lmtt/m/n/9 j[]->[]up[]->[]down[]=[]j[]->[]down[]->[]up[]=[]j, 
[]++[]([]
))
Chapter 6.
(./others.tex (./source.out.pyg) (./source.out.pyg) (./source.out.pyg)
(./source.out.pyg) (./source.out.pyg [49]) (./source.out.pyg
Underfull \hbox (badness 10000) in paragraph at lines 49--49
|        \TU/lmtt/m/n/9 BigDecimal x []=[] []\TU/lmtt/b/n/9 new[] \TU/lmtt/m/n/
9 BigDecimal[]([]
[50]
Underfull \hbox (badness 10000) in paragraph at lines 108--108
|        \TU/lmtt/m/n/9 HashMap[]<[]String[],[] Integer[]>[] map []=[] []\TU/lm
tt/b/n/9 new[] \TU/lmtt/m/n/9 HashMap[]<>([]
) (./source.out.pyg
Underfull \hbox (badness 10000) in paragraph at lines 22--22
|[][][]\TU/lmtt/b/n/9 if[] \TU/lmtt/m/n/9 (delta []<[] []1e-9[] []||[][] exp([]
[]-[]delta []/[] T)[] []>[] rand01([]
) (./source.out.pyg [51]) (./source.out.pyg) (./Others/integral-table.tex

Package amsmath Warning: Cannot use `split' here;
(amsmath)                trying to recover with `aligned' on input line 188.


Package amsmath Warning: Cannot use `split' here;
(amsmath)                trying to recover with `aligned' on input line 188.

[52]))
Underfull \hbox (badness 10000) in paragraph at lines 123--124

[53] (./source.aux)

LaTeX Font Warning: Some font shapes were not available, defaults substituted.


LaTeX Warning: Label(s) may have changed. Rerun to get cross-references right.

 )
(see the transcript file for additional information)
Output written on source.pdf (54 pages).
Transcript written on source.log.
This is XeTeX, Version 3.14159265-2.6-0.99998 (TeX Live 2017/Debian) (preloaded format=xelatex)
 \write18 enabled.
entering extended mode
(./source.tex
LaTeX2e <2017-04-15>
Babel <3.18> and hyphenation patterns for 28 language(s) loaded.
(/usr/share/texlive/texmf-dist/tex/latex/base/book.cls
Document Class: book 2014/09/29 v1.4h Standard LaTeX document class
(/usr/share/texlive/texmf-dist/tex/latex/base/bk10.clo))
(/usr/share/texlive/texmf-dist/tex/latex/minted/minted.sty
(/usr/share/texlive/texmf-dist/tex/latex/graphics/keyval.sty)
(/usr/share/texlive/texmf-dist/tex/latex/oberdiek/kvoptions.sty
(/usr/share/texlive/texmf-dist/tex/generic/oberdiek/ltxcmds.sty)
(/usr/share/texlive/texmf-dist/tex/generic/oberdiek/kvsetkeys.sty
(/usr/share/texlive/texmf-dist/tex/generic/oberdiek/infwarerr.sty)
(/usr/share/texlive/texmf-dist/tex/generic/oberdiek/etexcmds.sty
(/usr/share/texlive/texmf-dist/tex/generic/oberdiek/ifluatex.sty))))
(/usr/share/texlive/texmf-dist/tex/latex/fvextra/fvextra.sty
(/usr/share/texlive/texmf-dist/tex/latex/base/ifthen.sty)
(/usr/share/texlive/texmf-dist/tex/latex/etoolbox/etoolbox.sty)
(/usr/share/texlive/texmf-dist/tex/latex/fancyvrb/fancyvrb.sty
Style option: `fancyvrb' v2.7a, with DG/SPQR fixes, and firstline=lastline fix 
<2008/02/07> (tvz))
(/usr/share/texlive/texmf-dist/tex/latex/upquote/upquote.sty
(/usr/share/texlive/texmf-dist/tex/latex/base/textcomp.sty
(/usr/share/texlive/texmf-dist/tex/latex/base/ts1enc.def)))
(/usr/share/texlive/texmf-dist/tex/latex/lineno/lineno.sty))
(/usr/share/texlive/texmf-dist/tex/latex/tools/calc.sty)
(/usr/share/texlive/texmf-dist/tex/latex/tools/shellesc.sty)
(/usr/share/texlive/texmf-dist/tex/latex/ifplatform/ifplatform.sty
(/usr/share/texlive/texmf-dist/tex/generic/oberdiek/pdftexcmds.sty
(/usr/share/texlive/texmf-dist/tex/generic/oberdiek/ifpdf.sty))
(/usr/share/texlive/texmf-dist/tex/generic/oberdiek/catchfile.sty)
(./source.w18)) (/usr/share/texlive/texmf-dist/tex/generic/xstring/xstring.sty
(/usr/share/texlive/texmf-dist/tex/generic/xstring/xstring.tex))
(/usr/share/texlive/texmf-dist/tex/latex/framed/framed.sty)
(/usr/share/texlive/texmf-dist/tex/latex/float/float.sty))
(/usr/share/texlive/texmf-dist/tex/xelatex/xecjk/xeCJK.sty
(/usr/share/texlive/texmf-dist/tex/latex/l3kernel/expl3.sty
(/usr/share/texlive/texmf-dist/tex/latex/l3kernel/expl3-code.tex)
(/usr/share/texlive/texmf-dist/tex/latex/l3kernel/l3xdvipdfmx.def))
(/usr/share/texlive/texmf-dist/tex/latex/l3packages/xtemplate/xtemplate.sty)
(/usr/share/texlive/texmf-dist/tex/latex/l3packages/xparse/xparse.sty)
(/usr/share/texlive/texmf-dist/tex/latex/l3packages/l3keys2e/l3keys2e.sty)
(/usr/share/texlive/texmf-dist/tex/latex/fontspec/fontspec.sty
(/usr/share/texlive/texmf-dist/tex/latex/fontspec/fontspec-xetex.sty
(/usr/share/texlive/texmf-dist/tex/latex/base/fontenc.sty
(/usr/share/texlive/texmf-dist/tex/latex/base/tuenc.def))
(/usr/share/texlive/texmf-dist/tex/latex/fontspec/fontspec.cfg)))
(/usr/share/texlive/texmf-dist/tex/xelatex/xecjk/xunicode-addon.sty
(/usr/share/texlive/texmf-dist/tex/xelatex/xunicode/xunicode.sty
(/usr/share/texmf/tex/latex/tipa/t3enc.def)
(/usr/share/texlive/texmf-dist/tex/latex/graphics/graphicx.sty
(/usr/share/texlive/texmf-dist/tex/latex/graphics/graphics.sty
(/usr/share/texlive/texmf-dist/tex/latex/graphics/trig.sty)
(/usr/share/texlive/texmf-dist/tex/latex/graphics-cfg/graphics.cfg)
(/usr/share/texlive/texmf-dist/tex/latex/graphics-def/xetex.def)))))
(/usr/share/texlive/texmf-dist/tex/xelatex/xunicode/xunicode.sty
*** Reloading Xunicode for encoding 'TU' ***
) (/usr/share/texlive/texmf-dist/tex/xelatex/xecjk/xunicode-extra.def)
(/usr/share/texlive/texmf-dist/tex/xelatex/xecjk/xeCJK.cfg))
(/usr/share/texlive/texmf-dist/tex/latex/geometry/geometry.sty
(/usr/share/texlive/texmf-dist/tex/generic/oberdiek/ifvtex.sty)
(/usr/share/texlive/texmf-dist/tex/generic/ifxetex/ifxetex.sty))
(/usr/share/texlive/texmf-dist/tex/latex/titlesec/titlesec.sty)
(/usr/share/texlive/texmf-dist/tex/latex/amsmath/amsmath.sty
For additional information on amsmath, use the `?' option.
(/usr/share/texlive/texmf-dist/tex/latex/amsmath/amstext.sty
(/usr/share/texlive/texmf-dist/tex/latex/amsmath/amsgen.sty))
(/usr/share/texlive/texmf-dist/tex/latex/amsmath/amsbsy.sty)
(/usr/share/texlive/texmf-dist/tex/latex/amsmath/amsopn.sty))
(/usr/share/texlive/texmf-dist/tex/latex/amsfonts/amsfonts.sty)
(/usr/share/texlive/texmf-dist/tex/latex/ms/ragged2e.sty
(/usr/share/texlive/texmf-dist/tex/latex/ms/everysel.sty))
(/usr/share/texlive/texmf-dist/tex/latex/tools/multicol.sty)
(/usr/share/texlive/texmf-dist/tex/latex/fancyhdr/fancyhdr.sty)
(/usr/share/texlive/texmf-dist/tex/latex/emptypage/emptypage.sty)
(/usr/share/texlive/texmf-dist/tex/latex/enumitem/enumitem.sty)
(/usr/share/texlive/texmf-dist/tex/latex/pdfpages/pdfpages.sty
(/usr/share/texlive/texmf-dist/tex/latex/eso-pic/eso-pic.sty
(/usr/share/texlive/texmf-dist/tex/generic/oberdiek/atbegshi.sty)
(/usr/share/texlive/texmf-dist/tex/latex/xcolor/xcolor.sty
(/usr/share/texlive/texmf-dist/tex/latex/graphics-cfg/color.cfg)))
(/usr/share/texlive/texmf-dist/tex/latex/pdfpages/ppxetex.def))
(/usr/share/texlive/texmf-dist/tex/latex/tocloft/tocloft.sty)
(/usr/share/texlive/texmf-dist/tex/latex/sectsty/sectsty.sty)
(/usr/share/texlive/texmf-dist/tex/latex/lipsum/lipsum.sty)
(/usr/share/texlive/texmf-dist/tex/latex/xpatch/xpatch.sty)
(/usr/share/texlive/texmf-dist/tex/latex/mdframed/mdframed.sty
(/usr/share/texlive/texmf-dist/tex/latex/oberdiek/zref-abspage.sty
(/usr/share/texlive/texmf-dist/tex/latex/oberdiek/zref-base.sty
(/usr/share/texlive/texmf-dist/tex/generic/oberdiek/kvdefinekeys.sty)
(/usr/share/texlive/texmf-dist/tex/latex/oberdiek/auxhook.sty)))
(/usr/share/texlive/texmf-dist/tex/latex/needspace/needspace.sty)
(/usr/share/texlive/texmf-dist/tex/latex/mdframed/md-frame-0.mdf))/usr/bin/pygmentize

*************************************************
* xeCJK warning: "fandol"
* 
* Fandol is being set as the default font for CJK text.
* Please make sure it has been properly installed.
*************************************************
*************************************************
* fontspec warning: "script-not-exist"
* 
* Font 'FandolSong-Regular' does not contain script 'CJK'.
*************************************************
(./source.aux) (/usr/share/texlive/texmf-dist/tex/latex/base/ts1cmr.fd)
(/usr/share/texmf/tex/latex/tipa/t3cmr.fd)
*geometry* driver: auto-detecting
*geometry* detected driver: xetex
ABD: EverySelectfont initializing macros
(/usr/share/texlive/texmf-dist/tex/latex/oberdiek/pdflscape.sty
(/usr/share/texlive/texmf-dist/tex/latex/graphics/lscape.sty)) [1]
(./source.toc (/usr/share/texlive/texmf-dist/tex/latex/amsfonts/umsa.fd)
(/usr/share/texlive/texmf-dist/tex/latex/amsfonts/umsb.fd)) [1]
Chapter 1.
(./graph_theory.tex (./source.out.pyg) (./source.out.pyg) (./source.out.pyg
*************************************************
* fontspec warning: "script-not-exist"
* 
* Font 'FandolFang-Regular' does not contain script 'CJK'.
*************************************************
*************************************************
* fontspec warning: "script-not-exist"
* 
* Font 'FandolHei-Regular' does not contain script 'CJK'.
*************************************************
) (./source.out.pyg) (./source.out.pyg) (./source.out.pyg [2])
(./source.out.pyg [3]
Underfull \hbox (badness 10000) in paragraph at lines 170--170
|[][][][][]\TU/lmtt/m/n/9 hp[[]++[]cnt] []=[] Heap(w[p], p, []0[], []0[],
) (./source.out.pyg [4]
Underfull \hbox (badness 10000) in paragraph at lines 36--36
|            []\TU/lmtt/b/n/9 for[] \TU/lmtt/m/n/9 ([][]\TU/lmtt/b/n/9 int[] \T
U/lmtt/m/n/9 i []=[] []0[]; i []<[] ([][]\TU/lmtt/b/n/9 int[]\TU/lmtt/m/n/9 )[]
C[k].size()[];

LaTeX Font Warning: Font shape `TU/FandolFang-Regular(0)/m/it' undefined
(Font)              using `TU/FandolFang-Regular(0)/m/n' instead on input line 
64.

) (./source.out.pyg) (./source.out.pyg [5]) (./source.out.pyg
Underfull \hbox (badness 10000) in paragraph at lines 66--66
|[][][][][]\TU/lmtt/b/n/9 else[] []if[]\TU/lmtt/m/n/9 (tp[y] []^[] []1[] []&&[]
[] find(x)[] []^[] find([]
) (./source.out.pyg [6]) (./source.out.pyg
Underfull \hbox (badness 10000) in paragraph at lines 41--41
|                \TU/lmtt/m/n/9 G[pe[j][]->[]x].push_back({pe[j][]->[]y,
) (./source.out.pyg [7]) (./source.out.pyg) (./source.out.pyg [8])
(./source.out.pyg) (./source.out.pyg [9]) (./source.out.pyg [10])
(./source.out.pyg
Underfull \hbox (badness 10000) in paragraph at lines 21--21
|[][][][][]\TU/lmtt/b/n/9 for[] \TU/lmtt/m/n/9 ([][]\TU/lmtt/b/n/9 int[] \TU/lm
tt/m/n/9 i []=[] top []+[] []1[]; i []<=[] elder;
) (./source.out.pyg) (./source.out.pyg [11]) (./source.out.pyg
Underfull \hbox (badness 10000) in paragraph at lines 12--12
|[][][]\TU/lmtt/b/n/9 for[]\TU/lmtt/m/n/9 ([][]\TU/lmtt/b/n/9 int[] \TU/lmtt/m/
n/9 i []=[] now[x]; i []!=[] []-[][]1[]; i []=[]

Underfull \hbox (badness 10000) in paragraph at lines 38--38
|[][][]\TU/lmtt/b/n/9 for[]\TU/lmtt/m/n/9 ([][]\TU/lmtt/b/n/9 int[] \TU/lmtt/m/
n/9 i []=[] son[x]; i []!=[] []-[][]1[]; i []=[]
) (./source.out.pyg) (./source.out.pyg [12]) [13])
Chapter 2.
(./math.tex (./source.out.pyg) (./source.out.pyg
Overfull \vbox (2.53741pt too high) has occurred while \output is active
Overfull \vbox (2.53741pt too high) has occurred while \output is active
[14]) (./source.out.pyg) (./source.out.pyg
Underfull \hbox (badness 10000) in paragraph at lines 5--5
|    []\TU/lmtt/b/n/9 if[] \TU/lmtt/m/n/9 (d []*[] []2[] []>[] m)[] []\TU/lmtt/
b/n/9 return[] \TU/lmtt/m/n/9 calc(m []-[] d, m, m []-[] r, m []-[]
) (./source.out.pyg) (./source.out.pyg [15]) (./source.out.pyg
Underfull \hbox (badness 10000) in paragraph at lines 7--7
|    []\TU/lmtt/b/n/9 for[] \TU/lmtt/m/n/9 ([][]\TU/lmtt/b/n/9 int[] \TU/lmtt/m
/n/9 i []=[] []1[], now []=[] []1[]; i []<=[] n []&&[][] now []<=[] m;
) (./source.out.pyg
Underfull \hbox (badness 10000) in paragraph at lines 43--43
|        []\TU/lmtt/b/n/9 if[] \TU/lmtt/m/n/9 ([][]![]miller_rabin_check(number
,
[16]) (./source.out.pyg
Underfull \hbox (badness 10000) in paragraph at lines 30--30
|[][][]\TU/lmtt/m/n/9 bin.push_back(add(bin[i []-[] []1[]], bin[i []-[]
) (./source.out.pyg) (./source.out.pyg [17]) (./source.out.pyg)
(./source.out.pyg) (./source.out.pyg [18]) (./source.out.pyg [19])
(./source.out.pyg) (./source.out.pyg) (./source.out.pyg [20]) (./source.out.pyg
) (./source.out.pyg) (./source.out.pyg [21]
Underfull \hbox (badness 10000) in paragraph at lines 70--70
|        []\TU/lmtt/b/n/9 return[] []\TU/lmtt/m/it/9 /* no solution */[] \TU/lm
tt/m/n/9 std[]::[]vector[]<[][]\TU/lmtt/b/n/9 double[][]\TU/lmtt/m/n/9 >[]([]
)

Package amsmath Warning: Foreign command \atopwithdelims;
(amsmath)                \frac or \genfrac should be used instead
(amsmath)                 on input line 120.

[22])
Chapter 3.
(./geometry.tex (./source.out.pyg [23]
Underfull \hbox (badness 10000) in paragraph at lines 96--96
|    []\TU/lmtt/b/n/9 if[] \TU/lmtt/m/n/9 (point_on_seg(a.a, b)[] []||[][] poin
t_on_seg(a.b, b)[]
[24]
Underfull \hbox (badness 10000) in paragraph at lines 165--165
|        \TU/lmtt/m/n/9 l1 []=[] l2 []=[] line(p1, p1 []+[] (a.o []-[] p1)[].ro
tate90([]

Underfull \hbox (badness 10000) in paragraph at lines 189--189
|        \TU/lmtt/m/n/9 l1 []=[] l2 []=[] line(p1, p1 []+[] (a.o []-[] p1)[].ro
tate90([]
) (./source.out.pyg) (./source.out.pyg [25]
Underfull \hbox (badness 10000) in paragraph at lines 55--55
|[][][]\TU/lmtt/b/n/9 int[] \TU/lmtt/m/n/9 id []=[] lower_bound(lower.begin()[]

) (./source.out.pyg [26]) (./source.out.pyg) (./source.out.pyg)
(./source.out.pyg [27]) (./source.out.pyg [28]) (./source.out.pyg [29])
(./source.out.pyg [30]
Overfull \hbox (10.1682pt too wide) in paragraph at lines 61--61
\TU/lmtt/m/n/9 root[]->[]children[i][]->[]contains([] 

Overfull \hbox (19.61826pt too wide) in paragraph at lines 78--78
\TU/lmtt/m/n/9 tri[]->[]p[[]0[]],tri[]->[]p[[]1[]],tri[]->[]p[[]2[]],trj[]->[]p
[pj]))[] 
) (./source.out.pyg [31]) (./source.out.pyg
Overfull \hbox (71.59306pt too wide) in paragraph at lines 58--58
\TU/lmtt/m/n/9 info[face[i][[]0[]]][]+[]info[face[i][[]1[]]][]+[]info[face[i][[
]2[]]][]+[]first)[] 
) (./source.out.pyg
Underfull \hbox (badness 10000) in paragraph at lines 4--4
|[][]\TU/lmtt/b/n/9 double[] \TU/lmtt/m/n/9 s1 []=[] x []*[] x []+[] y []*[] y 
[]+[] z []*[] z, ss1 []=[] msqrt([]
[32])
Underfull \hbox (badness 5893) in paragraph at lines 56--102
\TU/FandolSong-Regular(0)/m/n/10 内 切 圆 半 径 $\OML/cmm/m/it/10 r \OT1/cmr/m/n/10 
= [] = 4\OML/cmm/m/it/10 R [] [] [] [] [] [] \OT1/cmr/m/n/10 =
)
Chapter 4.
(./string.tex (./source.out.pyg
Overfull \vbox (64.91812pt too high) has occurred while \output is active
Overfull \vbox (64.91812pt too high) has occurred while \output is active
[33]) (./source.out.pyg) (./source.out.pyg)
Underfull \hbox (badness 10000) in paragraph at lines 9--9
[]\TU/lmr/bx/n/14.4 Lydon Word Decomposition
(./source.out.pyg) (./source.out.pyg [34]) (./source.out.pyg) (./source.out.pyg
) (./source.out.pyg [35]) (./source.out.pyg) (./source.out.pyg [36])
(./source.out.pyg))
Chapter 5.
(./data_structure.tex (./source.out.pyg) (./source.out.pyg [37])
(./source.out.pyg) (./source.out.pyg) (./source.out.pyg) (./source.out.pyg
[38]
Underfull \hbox (badness 10000) in paragraph at lines 87--87
|    \TU/lmtt/m/n/9 cmin(ret, dis[pos[dmax(ql, l)[]]] []*[] o []->[] k []+[] o 
[]->[]

Underfull \hbox (badness 10000) in paragraph at lines 88--88
|    \TU/lmtt/m/n/9 cmin(ret, dis[pos[dmin(qr, r)[]]] []*[] o []->[] k []+[] o 
[]->[]
[39]) (./source.out.pyg [40]) (./source.out.pyg) (./source.out.pyg [41]
Underfull \hbox (badness 10000) in paragraph at lines 94--94
|[][]\TU/lmtt/b/n/9 int[] \TU/lmtt/m/n/9 x []=[] find(root, l []-[] []1[])[], y
 []=[] find(root, l []+[]

Underfull \hbox (badness 10000) in paragraph at lines 108--108
|[][]\TU/lmtt/b/n/9 int[] \TU/lmtt/m/n/9 x []=[] find(root, left)[], y []=[] fi
nd(root, left []+[]
[42]) (./source.out.pyg) (./source.out.pyg [43] [44]) (./source.out.pyg)
(./source.out.pyg [45]) (./source.out.pyg) (./source.out.pyg [46]
Underfull \hbox (badness 10000) in paragraph at lines 94--94
|[][]\TU/lmtt/m/n/9 Change([][]1[], []1[], n, dfn[now], mkp(d[now],
) (./source.out.pyg [47]) (./source.out.pyg
Underfull \hbox (badness 10000) in paragraph at lines 65--65
|[]\TU/lmtt/m/n/9 ans[]=[]min(ans,abs(x[]-[]p[now].d[[]0[]])[][]+[]abs([]
[48]) (./source.out.pyg
Underfull \hbox (badness 10000) in paragraph at lines 25--25
|            \TU/lmtt/m/n/9 j[]->[]up[]->[]down[]=[]j[]->[]down[]->[]up[]=[]j, 
[]++[]([]
))
Chapter 6.
(./others.tex (./source.out.pyg) (./source.out.pyg) (./source.out.pyg)
(./source.out.pyg) (./source.out.pyg [49]) (./source.out.pyg
Underfull \hbox (badness 10000) in paragraph at lines 49--49
|        \TU/lmtt/m/n/9 BigDecimal x []=[] []\TU/lmtt/b/n/9 new[] \TU/lmtt/m/n/
9 BigDecimal[]([]
[50]
Underfull \hbox (badness 10000) in paragraph at lines 108--108
|        \TU/lmtt/m/n/9 HashMap[]<[]String[],[] Integer[]>[] map []=[] []\TU/lm
tt/b/n/9 new[] \TU/lmtt/m/n/9 HashMap[]<>([]
) (./source.out.pyg
Underfull \hbox (badness 10000) in paragraph at lines 22--22
|[][][]\TU/lmtt/b/n/9 if[] \TU/lmtt/m/n/9 (delta []<[] []1e-9[] []||[][] exp([]
[]-[]delta []/[] T)[] []>[] rand01([]
) (./source.out.pyg [51]) (./source.out.pyg) (./Others/integral-table.tex

Package amsmath Warning: Cannot use `split' here;
(amsmath)                trying to recover with `aligned' on input line 188.


Package amsmath Warning: Cannot use `split' here;
(amsmath)                trying to recover with `aligned' on input line 188.

[52]))
Underfull \hbox (badness 10000) in paragraph at lines 123--124

[53] (./source.aux)

LaTeX Font Warning: Some font shapes were not available, defaults substituted.

 )
(see the transcript file for additional information)
Output written on source.pdf (54 pages).
Transcript written on source.log.
This is XeTeX, Version 3.14159265-2.6-0.99998 (TeX Live 2017/Debian) (preloaded format=xelatex)
 \write18 enabled.
entering extended mode
(./source.tex
LaTeX2e <2017-04-15>
Babel <3.18> and hyphenation patterns for 28 language(s) loaded.
(/usr/share/texlive/texmf-dist/tex/latex/base/book.cls
Document Class: book 2014/09/29 v1.4h Standard LaTeX document class
(/usr/share/texlive/texmf-dist/tex/latex/base/bk10.clo))
(/usr/share/texlive/texmf-dist/tex/latex/minted/minted.sty
(/usr/share/texlive/texmf-dist/tex/latex/graphics/keyval.sty)
(/usr/share/texlive/texmf-dist/tex/latex/oberdiek/kvoptions.sty
(/usr/share/texlive/texmf-dist/tex/generic/oberdiek/ltxcmds.sty)
(/usr/share/texlive/texmf-dist/tex/generic/oberdiek/kvsetkeys.sty
(/usr/share/texlive/texmf-dist/tex/generic/oberdiek/infwarerr.sty)
(/usr/share/texlive/texmf-dist/tex/generic/oberdiek/etexcmds.sty
(/usr/share/texlive/texmf-dist/tex/generic/oberdiek/ifluatex.sty))))
(/usr/share/texlive/texmf-dist/tex/latex/fvextra/fvextra.sty
(/usr/share/texlive/texmf-dist/tex/latex/base/ifthen.sty)
(/usr/share/texlive/texmf-dist/tex/latex/etoolbox/etoolbox.sty)
(/usr/share/texlive/texmf-dist/tex/latex/fancyvrb/fancyvrb.sty
Style option: `fancyvrb' v2.7a, with DG/SPQR fixes, and firstline=lastline fix 
<2008/02/07> (tvz))
(/usr/share/texlive/texmf-dist/tex/latex/upquote/upquote.sty
(/usr/share/texlive/texmf-dist/tex/latex/base/textcomp.sty
(/usr/share/texlive/texmf-dist/tex/latex/base/ts1enc.def)))
(/usr/share/texlive/texmf-dist/tex/latex/lineno/lineno.sty))
(/usr/share/texlive/texmf-dist/tex/latex/tools/calc.sty)
(/usr/share/texlive/texmf-dist/tex/latex/tools/shellesc.sty)
(/usr/share/texlive/texmf-dist/tex/latex/ifplatform/ifplatform.sty
(/usr/share/texlive/texmf-dist/tex/generic/oberdiek/pdftexcmds.sty
(/usr/share/texlive/texmf-dist/tex/generic/oberdiek/ifpdf.sty))
(/usr/share/texlive/texmf-dist/tex/generic/oberdiek/catchfile.sty)
(./source.w18)) (/usr/share/texlive/texmf-dist/tex/generic/xstring/xstring.sty
(/usr/share/texlive/texmf-dist/tex/generic/xstring/xstring.tex))
(/usr/share/texlive/texmf-dist/tex/latex/framed/framed.sty)
(/usr/share/texlive/texmf-dist/tex/latex/float/float.sty))
(/usr/share/texlive/texmf-dist/tex/xelatex/xecjk/xeCJK.sty
(/usr/share/texlive/texmf-dist/tex/latex/l3kernel/expl3.sty
(/usr/share/texlive/texmf-dist/tex/latex/l3kernel/expl3-code.tex)
(/usr/share/texlive/texmf-dist/tex/latex/l3kernel/l3xdvipdfmx.def))
(/usr/share/texlive/texmf-dist/tex/latex/l3packages/xtemplate/xtemplate.sty)
(/usr/share/texlive/texmf-dist/tex/latex/l3packages/xparse/xparse.sty)
(/usr/share/texlive/texmf-dist/tex/latex/l3packages/l3keys2e/l3keys2e.sty)
(/usr/share/texlive/texmf-dist/tex/latex/fontspec/fontspec.sty
(/usr/share/texlive/texmf-dist/tex/latex/fontspec/fontspec-xetex.sty
(/usr/share/texlive/texmf-dist/tex/latex/base/fontenc.sty
(/usr/share/texlive/texmf-dist/tex/latex/base/tuenc.def))
(/usr/share/texlive/texmf-dist/tex/latex/fontspec/fontspec.cfg)))
(/usr/share/texlive/texmf-dist/tex/xelatex/xecjk/xunicode-addon.sty
(/usr/share/texlive/texmf-dist/tex/xelatex/xunicode/xunicode.sty
(/usr/share/texmf/tex/latex/tipa/t3enc.def)
(/usr/share/texlive/texmf-dist/tex/latex/graphics/graphicx.sty
(/usr/share/texlive/texmf-dist/tex/latex/graphics/graphics.sty
(/usr/share/texlive/texmf-dist/tex/latex/graphics/trig.sty)
(/usr/share/texlive/texmf-dist/tex/latex/graphics-cfg/graphics.cfg)
(/usr/share/texlive/texmf-dist/tex/latex/graphics-def/xetex.def)))))
(/usr/share/texlive/texmf-dist/tex/xelatex/xunicode/xunicode.sty
*** Reloading Xunicode for encoding 'TU' ***
) (/usr/share/texlive/texmf-dist/tex/xelatex/xecjk/xunicode-extra.def)
(/usr/share/texlive/texmf-dist/tex/xelatex/xecjk/xeCJK.cfg))
(/usr/share/texlive/texmf-dist/tex/latex/geometry/geometry.sty
(/usr/share/texlive/texmf-dist/tex/generic/oberdiek/ifvtex.sty)
(/usr/share/texlive/texmf-dist/tex/generic/ifxetex/ifxetex.sty))
(/usr/share/texlive/texmf-dist/tex/latex/titlesec/titlesec.sty)
(/usr/share/texlive/texmf-dist/tex/latex/amsmath/amsmath.sty
For additional information on amsmath, use the `?' option.
(/usr/share/texlive/texmf-dist/tex/latex/amsmath/amstext.sty
(/usr/share/texlive/texmf-dist/tex/latex/amsmath/amsgen.sty))
(/usr/share/texlive/texmf-dist/tex/latex/amsmath/amsbsy.sty)
(/usr/share/texlive/texmf-dist/tex/latex/amsmath/amsopn.sty))
(/usr/share/texlive/texmf-dist/tex/latex/amsfonts/amsfonts.sty)
(/usr/share/texlive/texmf-dist/tex/latex/ms/ragged2e.sty
(/usr/share/texlive/texmf-dist/tex/latex/ms/everysel.sty))
(/usr/share/texlive/texmf-dist/tex/latex/tools/multicol.sty)
(/usr/share/texlive/texmf-dist/tex/latex/fancyhdr/fancyhdr.sty)
(/usr/share/texlive/texmf-dist/tex/latex/emptypage/emptypage.sty)
(/usr/share/texlive/texmf-dist/tex/latex/enumitem/enumitem.sty)
(/usr/share/texlive/texmf-dist/tex/latex/pdfpages/pdfpages.sty
(/usr/share/texlive/texmf-dist/tex/latex/eso-pic/eso-pic.sty
(/usr/share/texlive/texmf-dist/tex/generic/oberdiek/atbegshi.sty)
(/usr/share/texlive/texmf-dist/tex/latex/xcolor/xcolor.sty
(/usr/share/texlive/texmf-dist/tex/latex/graphics-cfg/color.cfg)))
(/usr/share/texlive/texmf-dist/tex/latex/pdfpages/ppxetex.def))
(/usr/share/texlive/texmf-dist/tex/latex/tocloft/tocloft.sty)
(/usr/share/texlive/texmf-dist/tex/latex/sectsty/sectsty.sty)
(/usr/share/texlive/texmf-dist/tex/latex/lipsum/lipsum.sty)
(/usr/share/texlive/texmf-dist/tex/latex/xpatch/xpatch.sty)
(/usr/share/texlive/texmf-dist/tex/latex/mdframed/mdframed.sty
(/usr/share/texlive/texmf-dist/tex/latex/oberdiek/zref-abspage.sty
(/usr/share/texlive/texmf-dist/tex/latex/oberdiek/zref-base.sty
(/usr/share/texlive/texmf-dist/tex/generic/oberdiek/kvdefinekeys.sty)
(/usr/share/texlive/texmf-dist/tex/latex/oberdiek/auxhook.sty)))
(/usr/share/texlive/texmf-dist/tex/latex/needspace/needspace.sty)
(/usr/share/texlive/texmf-dist/tex/latex/mdframed/md-frame-0.mdf))/usr/bin/pygmentize

*************************************************
* xeCJK warning: "fandol"
* 
* Fandol is being set as the default font for CJK text.
* Please make sure it has been properly installed.
*************************************************
*************************************************
* fontspec warning: "script-not-exist"
* 
* Font 'FandolSong-Regular' does not contain script 'CJK'.
*************************************************
(./source.aux) (/usr/share/texlive/texmf-dist/tex/latex/base/ts1cmr.fd)
(/usr/share/texmf/tex/latex/tipa/t3cmr.fd)
*geometry* driver: auto-detecting
*geometry* detected driver: xetex
ABD: EverySelectfont initializing macros
(/usr/share/texlive/texmf-dist/tex/latex/oberdiek/pdflscape.sty
(/usr/share/texlive/texmf-dist/tex/latex/graphics/lscape.sty)) [1]
(./source.toc (/usr/share/texlive/texmf-dist/tex/latex/amsfonts/umsa.fd)
(/usr/share/texlive/texmf-dist/tex/latex/amsfonts/umsb.fd)) [1]
Chapter 1.
(./graph_theory.tex (./source.out.pyg) (./source.out.pyg) (./source.out.pyg
*************************************************
* fontspec warning: "script-not-exist"
* 
* Font 'FandolFang-Regular' does not contain script 'CJK'.
*************************************************
*************************************************
* fontspec warning: "script-not-exist"
* 
* Font 'FandolHei-Regular' does not contain script 'CJK'.
*************************************************
) (./source.out.pyg) (./source.out.pyg) (./source.out.pyg [2])
(./source.out.pyg [3]
Underfull \hbox (badness 10000) in paragraph at lines 170--170
|[][][][][]\TU/lmtt/m/n/9 hp[[]++[]cnt] []=[] Heap(w[p], p, []0[], []0[],
) (./source.out.pyg [4]
Underfull \hbox (badness 10000) in paragraph at lines 36--36
|            []\TU/lmtt/b/n/9 for[] \TU/lmtt/m/n/9 ([][]\TU/lmtt/b/n/9 int[] \T
U/lmtt/m/n/9 i []=[] []0[]; i []<[] ([][]\TU/lmtt/b/n/9 int[]\TU/lmtt/m/n/9 )[]
C[k].size()[];

LaTeX Font Warning: Font shape `TU/FandolFang-Regular(0)/m/it' undefined
(Font)              using `TU/FandolFang-Regular(0)/m/n' instead on input line 
64.

) (./source.out.pyg) (./source.out.pyg [5]) (./source.out.pyg
Underfull \hbox (badness 10000) in paragraph at lines 66--66
|[][][][][]\TU/lmtt/b/n/9 else[] []if[]\TU/lmtt/m/n/9 (tp[y] []^[] []1[] []&&[]
[] find(x)[] []^[] find([]
) (./source.out.pyg [6]) (./source.out.pyg
Underfull \hbox (badness 10000) in paragraph at lines 41--41
|                \TU/lmtt/m/n/9 G[pe[j][]->[]x].push_back({pe[j][]->[]y,
) (./source.out.pyg [7]) (./source.out.pyg) (./source.out.pyg [8])
(./source.out.pyg) (./source.out.pyg [9]) (./source.out.pyg [10])
(./source.out.pyg
Underfull \hbox (badness 10000) in paragraph at lines 21--21
|[][][][][]\TU/lmtt/b/n/9 for[] \TU/lmtt/m/n/9 ([][]\TU/lmtt/b/n/9 int[] \TU/lm
tt/m/n/9 i []=[] top []+[] []1[]; i []<=[] elder;
) (./source.out.pyg) (./source.out.pyg [11]) (./source.out.pyg
Underfull \hbox (badness 10000) in paragraph at lines 12--12
|[][][]\TU/lmtt/b/n/9 for[]\TU/lmtt/m/n/9 ([][]\TU/lmtt/b/n/9 int[] \TU/lmtt/m/
n/9 i []=[] now[x]; i []!=[] []-[][]1[]; i []=[]

Underfull \hbox (badness 10000) in paragraph at lines 38--38
|[][][]\TU/lmtt/b/n/9 for[]\TU/lmtt/m/n/9 ([][]\TU/lmtt/b/n/9 int[] \TU/lmtt/m/
n/9 i []=[] son[x]; i []!=[] []-[][]1[]; i []=[]
) (./source.out.pyg) (./source.out.pyg [12]) [13])
Chapter 2.
(./math.tex (./source.out.pyg) (./source.out.pyg
Overfull \vbox (2.53741pt too high) has occurred while \output is active
Overfull \vbox (2.53741pt too high) has occurred while \output is active
[14]) (./source.out.pyg) (./source.out.pyg
Underfull \hbox (badness 10000) in paragraph at lines 5--5
|    []\TU/lmtt/b/n/9 if[] \TU/lmtt/m/n/9 (d []*[] []2[] []>[] m)[] []\TU/lmtt/
b/n/9 return[] \TU/lmtt/m/n/9 calc(m []-[] d, m, m []-[] r, m []-[]
) (./source.out.pyg) (./source.out.pyg [15]) (./source.out.pyg
Underfull \hbox (badness 10000) in paragraph at lines 7--7
|    []\TU/lmtt/b/n/9 for[] \TU/lmtt/m/n/9 ([][]\TU/lmtt/b/n/9 int[] \TU/lmtt/m
/n/9 i []=[] []1[], now []=[] []1[]; i []<=[] n []&&[][] now []<=[] m;
) (./source.out.pyg
Underfull \hbox (badness 10000) in paragraph at lines 43--43
|        []\TU/lmtt/b/n/9 if[] \TU/lmtt/m/n/9 ([][]![]miller_rabin_check(number
,
[16]) (./source.out.pyg
Underfull \hbox (badness 10000) in paragraph at lines 30--30
|[][][]\TU/lmtt/m/n/9 bin.push_back(add(bin[i []-[] []1[]], bin[i []-[]
) (./source.out.pyg) (./source.out.pyg [17]) (./source.out.pyg)
(./source.out.pyg) (./source.out.pyg [18]) (./source.out.pyg [19])
(./source.out.pyg) (./source.out.pyg) (./source.out.pyg [20]) (./source.out.pyg
) (./source.out.pyg) (./source.out.pyg [21]
Underfull \hbox (badness 10000) in paragraph at lines 70--70
|        []\TU/lmtt/b/n/9 return[] []\TU/lmtt/m/it/9 /* no solution */[] \TU/lm
tt/m/n/9 std[]::[]vector[]<[][]\TU/lmtt/b/n/9 double[][]\TU/lmtt/m/n/9 >[]([]
)

Package amsmath Warning: Foreign command \atopwithdelims;
(amsmath)                \frac or \genfrac should be used instead
(amsmath)                 on input line 120.

[22])
Chapter 3.
(./geometry.tex (./source.out.pyg [23]
Underfull \hbox (badness 10000) in paragraph at lines 96--96
|    []\TU/lmtt/b/n/9 if[] \TU/lmtt/m/n/9 (point_on_seg(a.a, b)[] []||[][] poin
t_on_seg(a.b, b)[]
[24]
Underfull \hbox (badness 10000) in paragraph at lines 165--165
|        \TU/lmtt/m/n/9 l1 []=[] l2 []=[] line(p1, p1 []+[] (a.o []-[] p1)[].ro
tate90([]

Underfull \hbox (badness 10000) in paragraph at lines 189--189
|        \TU/lmtt/m/n/9 l1 []=[] l2 []=[] line(p1, p1 []+[] (a.o []-[] p1)[].ro
tate90([]
) (./source.out.pyg) (./source.out.pyg [25]
Underfull \hbox (badness 10000) in paragraph at lines 55--55
|[][][]\TU/lmtt/b/n/9 int[] \TU/lmtt/m/n/9 id []=[] lower_bound(lower.begin()[]

) (./source.out.pyg [26]) (./source.out.pyg) (./source.out.pyg)
(./source.out.pyg [27]) (./source.out.pyg [28]) (./source.out.pyg [29])
(./source.out.pyg [30]
Overfull \hbox (10.1682pt too wide) in paragraph at lines 61--61
\TU/lmtt/m/n/9 root[]->[]children[i][]->[]contains([] 

Overfull \hbox (19.61826pt too wide) in paragraph at lines 78--78
\TU/lmtt/m/n/9 tri[]->[]p[[]0[]],tri[]->[]p[[]1[]],tri[]->[]p[[]2[]],trj[]->[]p
[pj]))[] 
) (./source.out.pyg [31]) (./source.out.pyg
Overfull \hbox (71.59306pt too wide) in paragraph at lines 58--58
\TU/lmtt/m/n/9 info[face[i][[]0[]]][]+[]info[face[i][[]1[]]][]+[]info[face[i][[
]2[]]][]+[]first)[] 
) (./source.out.pyg
Underfull \hbox (badness 10000) in paragraph at lines 4--4
|[][]\TU/lmtt/b/n/9 double[] \TU/lmtt/m/n/9 s1 []=[] x []*[] x []+[] y []*[] y 
[]+[] z []*[] z, ss1 []=[] msqrt([]
[32])
Underfull \hbox (badness 5893) in paragraph at lines 56--102
\TU/FandolSong-Regular(0)/m/n/10 内 切 圆 半 径 $\OML/cmm/m/it/10 r \OT1/cmr/m/n/10 
= [] = 4\OML/cmm/m/it/10 R [] [] [] [] [] [] \OT1/cmr/m/n/10 =
)
Chapter 4.
(./string.tex (./source.out.pyg
Overfull \vbox (64.91812pt too high) has occurred while \output is active
Overfull \vbox (64.91812pt too high) has occurred while \output is active
[33]) (./source.out.pyg) (./source.out.pyg)
Underfull \hbox (badness 10000) in paragraph at lines 9--9
[]\TU/lmr/bx/n/14.4 Lydon Word Decomposition
(./source.out.pyg) (./source.out.pyg [34]) (./source.out.pyg) (./source.out.pyg
) (./source.out.pyg [35]) (./source.out.pyg) (./source.out.pyg [36])
(./source.out.pyg))
Chapter 5.
(./data_structure.tex (./source.out.pyg) (./source.out.pyg [37])
(./source.out.pyg) (./source.out.pyg) (./source.out.pyg) (./source.out.pyg
[38]
Underfull \hbox (badness 10000) in paragraph at lines 87--87
|    \TU/lmtt/m/n/9 cmin(ret, dis[pos[dmax(ql, l)[]]] []*[] o []->[] k []+[] o 
[]->[]

Underfull \hbox (badness 10000) in paragraph at lines 88--88
|    \TU/lmtt/m/n/9 cmin(ret, dis[pos[dmin(qr, r)[]]] []*[] o []->[] k []+[] o 
[]->[]
[39]) (./source.out.pyg [40]) (./source.out.pyg) (./source.out.pyg [41]
Underfull \hbox (badness 10000) in paragraph at lines 94--94
|[][]\TU/lmtt/b/n/9 int[] \TU/lmtt/m/n/9 x []=[] find(root, l []-[] []1[])[], y
 []=[] find(root, l []+[]

Underfull \hbox (badness 10000) in paragraph at lines 108--108
|[][]\TU/lmtt/b/n/9 int[] \TU/lmtt/m/n/9 x []=[] find(root, left)[], y []=[] fi
nd(root, left []+[]
[42]) (./source.out.pyg) (./source.out.pyg [43] [44]) (./source.out.pyg)
(./source.out.pyg [45]) (./source.out.pyg) (./source.out.pyg [46]
Underfull \hbox (badness 10000) in paragraph at lines 94--94
|[][]\TU/lmtt/m/n/9 Change([][]1[], []1[], n, dfn[now], mkp(d[now],
) (./source.out.pyg [47]) (./source.out.pyg
Underfull \hbox (badness 10000) in paragraph at lines 65--65
|[]\TU/lmtt/m/n/9 ans[]=[]min(ans,abs(x[]-[]p[now].d[[]0[]])[][]+[]abs([]
[48]) (./source.out.pyg
Underfull \hbox (badness 10000) in paragraph at lines 25--25
|            \TU/lmtt/m/n/9 j[]->[]up[]->[]down[]=[]j[]->[]down[]->[]up[]=[]j, 
[]++[]([]
))
Chapter 6.
(./others.tex (./source.out.pyg) (./source.out.pyg) (./source.out.pyg)
(./source.out.pyg) (./source.out.pyg [49]) (./source.out.pyg
Underfull \hbox (badness 10000) in paragraph at lines 49--49
|        \TU/lmtt/m/n/9 BigDecimal x []=[] []\TU/lmtt/b/n/9 new[] \TU/lmtt/m/n/
9 BigDecimal[]([]
[50]
Underfull \hbox (badness 10000) in paragraph at lines 108--108
|        \TU/lmtt/m/n/9 HashMap[]<[]String[],[] Integer[]>[] map []=[] []\TU/lm
tt/b/n/9 new[] \TU/lmtt/m/n/9 HashMap[]<>([]
) (./source.out.pyg
Underfull \hbox (badness 10000) in paragraph at lines 22--22
|[][][]\TU/lmtt/b/n/9 if[] \TU/lmtt/m/n/9 (delta []<[] []1e-9[] []||[][] exp([]
[]-[]delta []/[] T)[] []>[] rand01([]
) (./source.out.pyg [51]) (./source.out.pyg) (./Others/integral-table.tex

Package amsmath Warning: Cannot use `split' here;
(amsmath)                trying to recover with `aligned' on input line 188.


Package amsmath Warning: Cannot use `split' here;
(amsmath)                trying to recover with `aligned' on input line 188.

[52]))
Underfull \hbox (badness 10000) in paragraph at lines 123--124

[53] (./source.aux)

LaTeX Font Warning: Some font shapes were not available, defaults substituted.

 )
(see the transcript file for additional information)
Output written on source.pdf (54 pages).
Transcript written on source.log.
This is XeTeX, Version 3.14159265-2.6-0.99998 (TeX Live 2017/Debian) (preloaded format=xelatex)
 \write18 enabled.
entering extended mode
(./source.tex
LaTeX2e <2017-04-15>
Babel <3.18> and hyphenation patterns for 28 language(s) loaded.
(/usr/share/texlive/texmf-dist/tex/latex/base/book.cls
Document Class: book 2014/09/29 v1.4h Standard LaTeX document class
(/usr/share/texlive/texmf-dist/tex/latex/base/bk10.clo))
(/usr/share/texlive/texmf-dist/tex/latex/minted/minted.sty
(/usr/share/texlive/texmf-dist/tex/latex/graphics/keyval.sty)
(/usr/share/texlive/texmf-dist/tex/latex/oberdiek/kvoptions.sty
(/usr/share/texlive/texmf-dist/tex/generic/oberdiek/ltxcmds.sty)
(/usr/share/texlive/texmf-dist/tex/generic/oberdiek/kvsetkeys.sty
(/usr/share/texlive/texmf-dist/tex/generic/oberdiek/infwarerr.sty)
(/usr/share/texlive/texmf-dist/tex/generic/oberdiek/etexcmds.sty
(/usr/share/texlive/texmf-dist/tex/generic/oberdiek/ifluatex.sty))))
(/usr/share/texlive/texmf-dist/tex/latex/fvextra/fvextra.sty
(/usr/share/texlive/texmf-dist/tex/latex/base/ifthen.sty)
(/usr/share/texlive/texmf-dist/tex/latex/etoolbox/etoolbox.sty)
(/usr/share/texlive/texmf-dist/tex/latex/fancyvrb/fancyvrb.sty
Style option: `fancyvrb' v2.7a, with DG/SPQR fixes, and firstline=lastline fix 
<2008/02/07> (tvz))
(/usr/share/texlive/texmf-dist/tex/latex/upquote/upquote.sty
(/usr/share/texlive/texmf-dist/tex/latex/base/textcomp.sty
(/usr/share/texlive/texmf-dist/tex/latex/base/ts1enc.def)))
(/usr/share/texlive/texmf-dist/tex/latex/lineno/lineno.sty))
(/usr/share/texlive/texmf-dist/tex/latex/tools/calc.sty)
(/usr/share/texlive/texmf-dist/tex/latex/tools/shellesc.sty)
(/usr/share/texlive/texmf-dist/tex/latex/ifplatform/ifplatform.sty
(/usr/share/texlive/texmf-dist/tex/generic/oberdiek/pdftexcmds.sty
(/usr/share/texlive/texmf-dist/tex/generic/oberdiek/ifpdf.sty))
(/usr/share/texlive/texmf-dist/tex/generic/oberdiek/catchfile.sty)
(./source.w18)) (/usr/share/texlive/texmf-dist/tex/generic/xstring/xstring.sty
(/usr/share/texlive/texmf-dist/tex/generic/xstring/xstring.tex))
(/usr/share/texlive/texmf-dist/tex/latex/framed/framed.sty)
(/usr/share/texlive/texmf-dist/tex/latex/float/float.sty))
(/usr/share/texlive/texmf-dist/tex/xelatex/xecjk/xeCJK.sty
(/usr/share/texlive/texmf-dist/tex/latex/l3kernel/expl3.sty
(/usr/share/texlive/texmf-dist/tex/latex/l3kernel/expl3-code.tex)
(/usr/share/texlive/texmf-dist/tex/latex/l3kernel/l3xdvipdfmx.def))
(/usr/share/texlive/texmf-dist/tex/latex/l3packages/xtemplate/xtemplate.sty)
(/usr/share/texlive/texmf-dist/tex/latex/l3packages/xparse/xparse.sty)
(/usr/share/texlive/texmf-dist/tex/latex/l3packages/l3keys2e/l3keys2e.sty)
(/usr/share/texlive/texmf-dist/tex/latex/fontspec/fontspec.sty
(/usr/share/texlive/texmf-dist/tex/latex/fontspec/fontspec-xetex.sty
(/usr/share/texlive/texmf-dist/tex/latex/base/fontenc.sty
(/usr/share/texlive/texmf-dist/tex/latex/base/tuenc.def))
(/usr/share/texlive/texmf-dist/tex/latex/fontspec/fontspec.cfg)))
(/usr/share/texlive/texmf-dist/tex/xelatex/xecjk/xunicode-addon.sty
(/usr/share/texlive/texmf-dist/tex/xelatex/xunicode/xunicode.sty
(/usr/share/texmf/tex/latex/tipa/t3enc.def)
(/usr/share/texlive/texmf-dist/tex/latex/graphics/graphicx.sty
(/usr/share/texlive/texmf-dist/tex/latex/graphics/graphics.sty
(/usr/share/texlive/texmf-dist/tex/latex/graphics/trig.sty)
(/usr/share/texlive/texmf-dist/tex/latex/graphics-cfg/graphics.cfg)
(/usr/share/texlive/texmf-dist/tex/latex/graphics-def/xetex.def)))))
(/usr/share/texlive/texmf-dist/tex/xelatex/xunicode/xunicode.sty
*** Reloading Xunicode for encoding 'TU' ***
) (/usr/share/texlive/texmf-dist/tex/xelatex/xecjk/xunicode-extra.def)
(/usr/share/texlive/texmf-dist/tex/xelatex/xecjk/xeCJK.cfg))
(/usr/share/texlive/texmf-dist/tex/latex/geometry/geometry.sty
(/usr/share/texlive/texmf-dist/tex/generic/oberdiek/ifvtex.sty)
(/usr/share/texlive/texmf-dist/tex/generic/ifxetex/ifxetex.sty))
(/usr/share/texlive/texmf-dist/tex/latex/titlesec/titlesec.sty)
(/usr/share/texlive/texmf-dist/tex/latex/amsmath/amsmath.sty
For additional information on amsmath, use the `?' option.
(/usr/share/texlive/texmf-dist/tex/latex/amsmath/amstext.sty
(/usr/share/texlive/texmf-dist/tex/latex/amsmath/amsgen.sty))
(/usr/share/texlive/texmf-dist/tex/latex/amsmath/amsbsy.sty)
(/usr/share/texlive/texmf-dist/tex/latex/amsmath/amsopn.sty))
(/usr/share/texlive/texmf-dist/tex/latex/amsfonts/amsfonts.sty)
(/usr/share/texlive/texmf-dist/tex/latex/ms/ragged2e.sty
(/usr/share/texlive/texmf-dist/tex/latex/ms/everysel.sty))
(/usr/share/texlive/texmf-dist/tex/latex/tools/multicol.sty)
(/usr/share/texlive/texmf-dist/tex/latex/fancyhdr/fancyhdr.sty)
(/usr/share/texlive/texmf-dist/tex/latex/emptypage/emptypage.sty)
(/usr/share/texlive/texmf-dist/tex/latex/enumitem/enumitem.sty)
(/usr/share/texlive/texmf-dist/tex/latex/pdfpages/pdfpages.sty
(/usr/share/texlive/texmf-dist/tex/latex/eso-pic/eso-pic.sty
(/usr/share/texlive/texmf-dist/tex/generic/oberdiek/atbegshi.sty)
(/usr/share/texlive/texmf-dist/tex/latex/xcolor/xcolor.sty
(/usr/share/texlive/texmf-dist/tex/latex/graphics-cfg/color.cfg)))
(/usr/share/texlive/texmf-dist/tex/latex/pdfpages/ppxetex.def))
(/usr/share/texlive/texmf-dist/tex/latex/tocloft/tocloft.sty)
(/usr/share/texlive/texmf-dist/tex/latex/sectsty/sectsty.sty)
(/usr/share/texlive/texmf-dist/tex/latex/lipsum/lipsum.sty)
(/usr/share/texlive/texmf-dist/tex/latex/xpatch/xpatch.sty)
(/usr/share/texlive/texmf-dist/tex/latex/mdframed/mdframed.sty
(/usr/share/texlive/texmf-dist/tex/latex/oberdiek/zref-abspage.sty
(/usr/share/texlive/texmf-dist/tex/latex/oberdiek/zref-base.sty
(/usr/share/texlive/texmf-dist/tex/generic/oberdiek/kvdefinekeys.sty)
(/usr/share/texlive/texmf-dist/tex/latex/oberdiek/auxhook.sty)))
(/usr/share/texlive/texmf-dist/tex/latex/needspace/needspace.sty)
(/usr/share/texlive/texmf-dist/tex/latex/mdframed/md-frame-0.mdf))/usr/bin/pygmentize

*************************************************
* xeCJK warning: "fandol"
* 
* Fandol is being set as the default font for CJK text.
* Please make sure it has been properly installed.
*************************************************
*************************************************
* fontspec warning: "script-not-exist"
* 
* Font 'FandolSong-Regular' does not contain script 'CJK'.
*************************************************
(./source.aux) (/usr/share/texlive/texmf-dist/tex/latex/base/ts1cmr.fd)
(/usr/share/texmf/tex/latex/tipa/t3cmr.fd)
*geometry* driver: auto-detecting
*geometry* detected driver: xetex
ABD: EverySelectfont initializing macros
(/usr/share/texlive/texmf-dist/tex/latex/oberdiek/pdflscape.sty
(/usr/share/texlive/texmf-dist/tex/latex/graphics/lscape.sty)) [1]
(./source.toc (/usr/share/texlive/texmf-dist/tex/latex/amsfonts/umsa.fd)
(/usr/share/texlive/texmf-dist/tex/latex/amsfonts/umsb.fd)) [1]
Chapter 1.
(./graph_theory.tex (./source.out.pyg) (./source.out.pyg) (./source.out.pyg
*************************************************
* fontspec warning: "script-not-exist"
* 
* Font 'FandolFang-Regular' does not contain script 'CJK'.
*************************************************
*************************************************
* fontspec warning: "script-not-exist"
* 
* Font 'FandolHei-Regular' does not contain script 'CJK'.
*************************************************
) (./source.out.pyg) (./source.out.pyg) (./source.out.pyg [2])
(./source.out.pyg [3]
Underfull \hbox (badness 10000) in paragraph at lines 170--170
|[][][][][]\TU/lmtt/m/n/9 hp[[]++[]cnt] []=[] Heap(w[p], p, []0[], []0[],
) (./source.out.pyg [4]
Underfull \hbox (badness 10000) in paragraph at lines 36--36
|            []\TU/lmtt/b/n/9 for[] \TU/lmtt/m/n/9 ([][]\TU/lmtt/b/n/9 int[] \T
U/lmtt/m/n/9 i []=[] []0[]; i []<[] ([][]\TU/lmtt/b/n/9 int[]\TU/lmtt/m/n/9 )[]
C[k].size()[];

LaTeX Font Warning: Font shape `TU/FandolFang-Regular(0)/m/it' undefined
(Font)              using `TU/FandolFang-Regular(0)/m/n' instead on input line 
64.

) (./source.out.pyg) (./source.out.pyg [5]) (./source.out.pyg
Underfull \hbox (badness 10000) in paragraph at lines 66--66
|[][][][][]\TU/lmtt/b/n/9 else[] []if[]\TU/lmtt/m/n/9 (tp[y] []^[] []1[] []&&[]
[] find(x)[] []^[] find([]
) (./source.out.pyg [6]) (./source.out.pyg
Underfull \hbox (badness 10000) in paragraph at lines 41--41
|                \TU/lmtt/m/n/9 G[pe[j][]->[]x].push_back({pe[j][]->[]y,
) (./source.out.pyg [7]) (./source.out.pyg) (./source.out.pyg [8])
(./source.out.pyg) (./source.out.pyg [9]) (./source.out.pyg [10])
(./source.out.pyg
Underfull \hbox (badness 10000) in paragraph at lines 21--21
|[][][][][]\TU/lmtt/b/n/9 for[] \TU/lmtt/m/n/9 ([][]\TU/lmtt/b/n/9 int[] \TU/lm
tt/m/n/9 i []=[] top []+[] []1[]; i []<=[] elder;
) (./source.out.pyg) (./source.out.pyg [11]) (./source.out.pyg
Underfull \hbox (badness 10000) in paragraph at lines 12--12
|[][][]\TU/lmtt/b/n/9 for[]\TU/lmtt/m/n/9 ([][]\TU/lmtt/b/n/9 int[] \TU/lmtt/m/
n/9 i []=[] now[x]; i []!=[] []-[][]1[]; i []=[]

Underfull \hbox (badness 10000) in paragraph at lines 38--38
|[][][]\TU/lmtt/b/n/9 for[]\TU/lmtt/m/n/9 ([][]\TU/lmtt/b/n/9 int[] \TU/lmtt/m/
n/9 i []=[] son[x]; i []!=[] []-[][]1[]; i []=[]
) (./source.out.pyg) (./source.out.pyg [12]) [13])
Chapter 2.
(./math.tex (./source.out.pyg) (./source.out.pyg
Overfull \vbox (2.53741pt too high) has occurred while \output is active
Overfull \vbox (2.53741pt too high) has occurred while \output is active
[14]) (./source.out.pyg) (./source.out.pyg
Underfull \hbox (badness 10000) in paragraph at lines 5--5
|    []\TU/lmtt/b/n/9 if[] \TU/lmtt/m/n/9 (d []*[] []2[] []>[] m)[] []\TU/lmtt/
b/n/9 return[] \TU/lmtt/m/n/9 calc(m []-[] d, m, m []-[] r, m []-[]
) (./source.out.pyg) (./source.out.pyg [15]) (./source.out.pyg
Underfull \hbox (badness 10000) in paragraph at lines 7--7
|    []\TU/lmtt/b/n/9 for[] \TU/lmtt/m/n/9 ([][]\TU/lmtt/b/n/9 int[] \TU/lmtt/m
/n/9 i []=[] []1[], now []=[] []1[]; i []<=[] n []&&[][] now []<=[] m;
) (./source.out.pyg
Underfull \hbox (badness 10000) in paragraph at lines 43--43
|        []\TU/lmtt/b/n/9 if[] \TU/lmtt/m/n/9 ([][]![]miller_rabin_check(number
,
[16]) (./source.out.pyg
Underfull \hbox (badness 10000) in paragraph at lines 30--30
|[][][]\TU/lmtt/m/n/9 bin.push_back(add(bin[i []-[] []1[]], bin[i []-[]
) (./source.out.pyg) (./source.out.pyg [17]) (./source.out.pyg)
(./source.out.pyg) (./source.out.pyg [18]) (./source.out.pyg [19])
(./source.out.pyg) (./source.out.pyg) (./source.out.pyg [20]) (./source.out.pyg
) (./source.out.pyg) (./source.out.pyg [21]
Underfull \hbox (badness 10000) in paragraph at lines 70--70
|        []\TU/lmtt/b/n/9 return[] []\TU/lmtt/m/it/9 /* no solution */[] \TU/lm
tt/m/n/9 std[]::[]vector[]<[][]\TU/lmtt/b/n/9 double[][]\TU/lmtt/m/n/9 >[]([]
)

Package amsmath Warning: Foreign command \atopwithdelims;
(amsmath)                \frac or \genfrac should be used instead
(amsmath)                 on input line 120.

[22])
Chapter 3.
(./geometry.tex (./source.out.pyg [23]
Underfull \hbox (badness 10000) in paragraph at lines 96--96
|    []\TU/lmtt/b/n/9 if[] \TU/lmtt/m/n/9 (point_on_seg(a.a, b)[] []||[][] poin
t_on_seg(a.b, b)[]
[24]
Underfull \hbox (badness 10000) in paragraph at lines 165--165
|        \TU/lmtt/m/n/9 l1 []=[] l2 []=[] line(p1, p1 []+[] (a.o []-[] p1)[].ro
tate90([]

Underfull \hbox (badness 10000) in paragraph at lines 189--189
|        \TU/lmtt/m/n/9 l1 []=[] l2 []=[] line(p1, p1 []+[] (a.o []-[] p1)[].ro
tate90([]
) (./source.out.pyg) (./source.out.pyg [25]
Underfull \hbox (badness 10000) in paragraph at lines 55--55
|[][][]\TU/lmtt/b/n/9 int[] \TU/lmtt/m/n/9 id []=[] lower_bound(lower.begin()[]

) (./source.out.pyg [26]) (./source.out.pyg) (./source.out.pyg)
(./source.out.pyg [27]) (./source.out.pyg [28]) (./source.out.pyg [29])
(./source.out.pyg [30]
Overfull \hbox (10.1682pt too wide) in paragraph at lines 61--61
\TU/lmtt/m/n/9 root[]->[]children[i][]->[]contains([] 

Overfull \hbox (19.61826pt too wide) in paragraph at lines 78--78
\TU/lmtt/m/n/9 tri[]->[]p[[]0[]],tri[]->[]p[[]1[]],tri[]->[]p[[]2[]],trj[]->[]p
[pj]))[] 
) (./source.out.pyg [31]) (./source.out.pyg
Overfull \hbox (71.59306pt too wide) in paragraph at lines 58--58
\TU/lmtt/m/n/9 info[face[i][[]0[]]][]+[]info[face[i][[]1[]]][]+[]info[face[i][[
]2[]]][]+[]first)[] 
) (./source.out.pyg
Underfull \hbox (badness 10000) in paragraph at lines 4--4
|[][]\TU/lmtt/b/n/9 double[] \TU/lmtt/m/n/9 s1 []=[] x []*[] x []+[] y []*[] y 
[]+[] z []*[] z, ss1 []=[] msqrt([]
[32])
Underfull \hbox (badness 5893) in paragraph at lines 56--102
\TU/FandolSong-Regular(0)/m/n/10 内 切 圆 半 径 $\OML/cmm/m/it/10 r \OT1/cmr/m/n/10 
= [] = 4\OML/cmm/m/it/10 R [] [] [] [] [] [] \OT1/cmr/m/n/10 =
)
Chapter 4.
(./string.tex (./source.out.pyg
Overfull \vbox (64.91812pt too high) has occurred while \output is active
Overfull \vbox (64.91812pt too high) has occurred while \output is active
[33]) (./source.out.pyg) (./source.out.pyg)
Underfull \hbox (badness 10000) in paragraph at lines 9--9
[]\TU/lmr/bx/n/14.4 Lydon Word Decomposition
(./source.out.pyg) (./source.out.pyg [34]) (./source.out.pyg) (./source.out.pyg
) (./source.out.pyg [35]) (./source.out.pyg) (./source.out.pyg [36])
(./source.out.pyg))
Chapter 5.
(./data_structure.tex (./source.out.pyg) (./source.out.pyg [37])
(./source.out.pyg) (./source.out.pyg) (./source.out.pyg) (./source.out.pyg
[38]
Underfull \hbox (badness 10000) in paragraph at lines 87--87
|    \TU/lmtt/m/n/9 cmin(ret, dis[pos[dmax(ql, l)[]]] []*[] o []->[] k []+[] o 
[]->[]

Underfull \hbox (badness 10000) in paragraph at lines 88--88
|    \TU/lmtt/m/n/9 cmin(ret, dis[pos[dmin(qr, r)[]]] []*[] o []->[] k []+[] o 
[]->[]
[39]) (./source.out.pyg [40]) (./source.out.pyg) (./source.out.pyg [41]
Underfull \hbox (badness 10000) in paragraph at lines 94--94
|[][]\TU/lmtt/b/n/9 int[] \TU/lmtt/m/n/9 x []=[] find(root, l []-[] []1[])[], y
 []=[] find(root, l []+[]

Underfull \hbox (badness 10000) in paragraph at lines 108--108
|[][]\TU/lmtt/b/n/9 int[] \TU/lmtt/m/n/9 x []=[] find(root, left)[], y []=[] fi
nd(root, left []+[]
[42]) (./source.out.pyg) (./source.out.pyg [43] [44]) (./source.out.pyg)
(./source.out.pyg [45]) (./source.out.pyg) (./source.out.pyg [46]
Underfull \hbox (badness 10000) in paragraph at lines 94--94
|[][]\TU/lmtt/m/n/9 Change([][]1[], []1[], n, dfn[now], mkp(d[now],
) (./source.out.pyg [47]) (./source.out.pyg
Underfull \hbox (badness 10000) in paragraph at lines 65--65
|[]\TU/lmtt/m/n/9 ans[]=[]min(ans,abs(x[]-[]p[now].d[[]0[]])[][]+[]abs([]
[48]) (./source.out.pyg
Underfull \hbox (badness 10000) in paragraph at lines 25--25
|            \TU/lmtt/m/n/9 j[]->[]up[]->[]down[]=[]j[]->[]down[]->[]up[]=[]j, 
[]++[]([]
))
Chapter 6.
(./others.tex (./source.out.pyg) (./source.out.pyg) (./source.out.pyg)
(./source.out.pyg) (./source.out.pyg [49]) (./source.out.pyg
Underfull \hbox (badness 10000) in paragraph at lines 49--49
|        \TU/lmtt/m/n/9 BigDecimal x []=[] []\TU/lmtt/b/n/9 new[] \TU/lmtt/m/n/
9 BigDecimal[]([]
[50]
Underfull \hbox (badness 10000) in paragraph at lines 108--108
|        \TU/lmtt/m/n/9 HashMap[]<[]String[],[] Integer[]>[] map []=[] []\TU/lm
tt/b/n/9 new[] \TU/lmtt/m/n/9 HashMap[]<>([]
) (./source.out.pyg
Underfull \hbox (badness 10000) in paragraph at lines 22--22
|[][][]\TU/lmtt/b/n/9 if[] \TU/lmtt/m/n/9 (delta []<[] []1e-9[] []||[][] exp([]
[]-[]delta []/[] T)[] []>[] rand01([]
) (./source.out.pyg [51]) (./source.out.pyg) (./Others/integral-table.tex

Package amsmath Warning: Cannot use `split' here;
(amsmath)                trying to recover with `aligned' on input line 188.


Package amsmath Warning: Cannot use `split' here;
(amsmath)                trying to recover with `aligned' on input line 188.

[52]))
Underfull \hbox (badness 10000) in paragraph at lines 123--124

[53] (./source.aux)

LaTeX Font Warning: Some font shapes were not available, defaults substituted.

 )
(see the transcript file for additional information)
Output written on source.pdf (54 pages).
Transcript written on source.log.
This is XeTeX, Version 3.14159265-2.6-0.99998 (TeX Live 2017/Debian) (preloaded format=xelatex)
 \write18 enabled.
entering extended mode
(./source.tex
LaTeX2e <2017-04-15>
Babel <3.18> and hyphenation patterns for 28 language(s) loaded.
(/usr/share/texlive/texmf-dist/tex/latex/base/book.cls
Document Class: book 2014/09/29 v1.4h Standard LaTeX document class
(/usr/share/texlive/texmf-dist/tex/latex/base/bk10.clo))
(/usr/share/texlive/texmf-dist/tex/latex/minted/minted.sty
(/usr/share/texlive/texmf-dist/tex/latex/graphics/keyval.sty)
(/usr/share/texlive/texmf-dist/tex/latex/oberdiek/kvoptions.sty
(/usr/share/texlive/texmf-dist/tex/generic/oberdiek/ltxcmds.sty)
(/usr/share/texlive/texmf-dist/tex/generic/oberdiek/kvsetkeys.sty
(/usr/share/texlive/texmf-dist/tex/generic/oberdiek/infwarerr.sty)
(/usr/share/texlive/texmf-dist/tex/generic/oberdiek/etexcmds.sty
(/usr/share/texlive/texmf-dist/tex/generic/oberdiek/ifluatex.sty))))
(/usr/share/texlive/texmf-dist/tex/latex/fvextra/fvextra.sty
(/usr/share/texlive/texmf-dist/tex/latex/base/ifthen.sty)
(/usr/share/texlive/texmf-dist/tex/latex/etoolbox/etoolbox.sty)
(/usr/share/texlive/texmf-dist/tex/latex/fancyvrb/fancyvrb.sty
Style option: `fancyvrb' v2.7a, with DG/SPQR fixes, and firstline=lastline fix 
<2008/02/07> (tvz))
(/usr/share/texlive/texmf-dist/tex/latex/upquote/upquote.sty
(/usr/share/texlive/texmf-dist/tex/latex/base/textcomp.sty
(/usr/share/texlive/texmf-dist/tex/latex/base/ts1enc.def)))
(/usr/share/texlive/texmf-dist/tex/latex/lineno/lineno.sty))
(/usr/share/texlive/texmf-dist/tex/latex/tools/calc.sty)
(/usr/share/texlive/texmf-dist/tex/latex/tools/shellesc.sty)
(/usr/share/texlive/texmf-dist/tex/latex/ifplatform/ifplatform.sty
(/usr/share/texlive/texmf-dist/tex/generic/oberdiek/pdftexcmds.sty
(/usr/share/texlive/texmf-dist/tex/generic/oberdiek/ifpdf.sty))
(/usr/share/texlive/texmf-dist/tex/generic/oberdiek/catchfile.sty)
(./source.w18)) (/usr/share/texlive/texmf-dist/tex/generic/xstring/xstring.sty
(/usr/share/texlive/texmf-dist/tex/generic/xstring/xstring.tex))
(/usr/share/texlive/texmf-dist/tex/latex/framed/framed.sty)
(/usr/share/texlive/texmf-dist/tex/latex/float/float.sty))
(/usr/share/texlive/texmf-dist/tex/xelatex/xecjk/xeCJK.sty
(/usr/share/texlive/texmf-dist/tex/latex/l3kernel/expl3.sty
(/usr/share/texlive/texmf-dist/tex/latex/l3kernel/expl3-code.tex)
(/usr/share/texlive/texmf-dist/tex/latex/l3kernel/l3xdvipdfmx.def))
(/usr/share/texlive/texmf-dist/tex/latex/l3packages/xtemplate/xtemplate.sty)
(/usr/share/texlive/texmf-dist/tex/latex/l3packages/xparse/xparse.sty)
(/usr/share/texlive/texmf-dist/tex/latex/l3packages/l3keys2e/l3keys2e.sty)
(/usr/share/texlive/texmf-dist/tex/latex/fontspec/fontspec.sty
(/usr/share/texlive/texmf-dist/tex/latex/fontspec/fontspec-xetex.sty
(/usr/share/texlive/texmf-dist/tex/latex/base/fontenc.sty
(/usr/share/texlive/texmf-dist/tex/latex/base/tuenc.def))
(/usr/share/texlive/texmf-dist/tex/latex/fontspec/fontspec.cfg)))
(/usr/share/texlive/texmf-dist/tex/xelatex/xecjk/xunicode-addon.sty
(/usr/share/texlive/texmf-dist/tex/xelatex/xunicode/xunicode.sty
(/usr/share/texmf/tex/latex/tipa/t3enc.def)
(/usr/share/texlive/texmf-dist/tex/latex/graphics/graphicx.sty
(/usr/share/texlive/texmf-dist/tex/latex/graphics/graphics.sty
(/usr/share/texlive/texmf-dist/tex/latex/graphics/trig.sty)
(/usr/share/texlive/texmf-dist/tex/latex/graphics-cfg/graphics.cfg)
(/usr/share/texlive/texmf-dist/tex/latex/graphics-def/xetex.def)))))
(/usr/share/texlive/texmf-dist/tex/xelatex/xunicode/xunicode.sty
*** Reloading Xunicode for encoding 'TU' ***
) (/usr/share/texlive/texmf-dist/tex/xelatex/xecjk/xunicode-extra.def)
(/usr/share/texlive/texmf-dist/tex/xelatex/xecjk/xeCJK.cfg))
(/usr/share/texlive/texmf-dist/tex/latex/geometry/geometry.sty
(/usr/share/texlive/texmf-dist/tex/generic/oberdiek/ifvtex.sty)
(/usr/share/texlive/texmf-dist/tex/generic/ifxetex/ifxetex.sty))
(/usr/share/texlive/texmf-dist/tex/latex/titlesec/titlesec.sty)
(/usr/share/texlive/texmf-dist/tex/latex/amsmath/amsmath.sty
For additional information on amsmath, use the `?' option.
(/usr/share/texlive/texmf-dist/tex/latex/amsmath/amstext.sty
(/usr/share/texlive/texmf-dist/tex/latex/amsmath/amsgen.sty))
(/usr/share/texlive/texmf-dist/tex/latex/amsmath/amsbsy.sty)
(/usr/share/texlive/texmf-dist/tex/latex/amsmath/amsopn.sty))
(/usr/share/texlive/texmf-dist/tex/latex/amsfonts/amsfonts.sty)
(/usr/share/texlive/texmf-dist/tex/latex/ms/ragged2e.sty
(/usr/share/texlive/texmf-dist/tex/latex/ms/everysel.sty))
(/usr/share/texlive/texmf-dist/tex/latex/tools/multicol.sty)
(/usr/share/texlive/texmf-dist/tex/latex/fancyhdr/fancyhdr.sty)
(/usr/share/texlive/texmf-dist/tex/latex/emptypage/emptypage.sty)
(/usr/share/texlive/texmf-dist/tex/latex/enumitem/enumitem.sty)
(/usr/share/texlive/texmf-dist/tex/latex/pdfpages/pdfpages.sty
(/usr/share/texlive/texmf-dist/tex/latex/eso-pic/eso-pic.sty
(/usr/share/texlive/texmf-dist/tex/generic/oberdiek/atbegshi.sty)
(/usr/share/texlive/texmf-dist/tex/latex/xcolor/xcolor.sty
(/usr/share/texlive/texmf-dist/tex/latex/graphics-cfg/color.cfg)))
(/usr/share/texlive/texmf-dist/tex/latex/pdfpages/ppxetex.def))
(/usr/share/texlive/texmf-dist/tex/latex/tocloft/tocloft.sty)
(/usr/share/texlive/texmf-dist/tex/latex/sectsty/sectsty.sty)
(/usr/share/texlive/texmf-dist/tex/latex/lipsum/lipsum.sty)
(/usr/share/texlive/texmf-dist/tex/latex/xpatch/xpatch.sty)
(/usr/share/texlive/texmf-dist/tex/latex/mdframed/mdframed.sty
(/usr/share/texlive/texmf-dist/tex/latex/oberdiek/zref-abspage.sty
(/usr/share/texlive/texmf-dist/tex/latex/oberdiek/zref-base.sty
(/usr/share/texlive/texmf-dist/tex/generic/oberdiek/kvdefinekeys.sty)
(/usr/share/texlive/texmf-dist/tex/latex/oberdiek/auxhook.sty)))
(/usr/share/texlive/texmf-dist/tex/latex/needspace/needspace.sty)
(/usr/share/texlive/texmf-dist/tex/latex/mdframed/md-frame-0.mdf))/usr/bin/pygmentize

*************************************************
* xeCJK warning: "fandol"
* 
* Fandol is being set as the default font for CJK text.
* Please make sure it has been properly installed.
*************************************************
*************************************************
* fontspec warning: "script-not-exist"
* 
* Font 'FandolSong-Regular' does not contain script 'CJK'.
*************************************************
(./source.aux) (/usr/share/texlive/texmf-dist/tex/latex/base/ts1cmr.fd)
(/usr/share/texmf/tex/latex/tipa/t3cmr.fd)
*geometry* driver: auto-detecting
*geometry* detected driver: xetex
ABD: EverySelectfont initializing macros
(/usr/share/texlive/texmf-dist/tex/latex/oberdiek/pdflscape.sty
(/usr/share/texlive/texmf-dist/tex/latex/graphics/lscape.sty)) [1]
(./source.toc (/usr/share/texlive/texmf-dist/tex/latex/amsfonts/umsa.fd)
(/usr/share/texlive/texmf-dist/tex/latex/amsfonts/umsb.fd)) [1]
Chapter 1.
(./graph_theory.tex (./source.out.pyg) (./source.out.pyg) (./source.out.pyg
*************************************************
* fontspec warning: "script-not-exist"
* 
* Font 'FandolFang-Regular' does not contain script 'CJK'.
*************************************************
*************************************************
* fontspec warning: "script-not-exist"
* 
* Font 'FandolHei-Regular' does not contain script 'CJK'.
*************************************************
) (./source.out.pyg) (./source.out.pyg) (./source.out.pyg [2])
(./source.out.pyg [3]
Underfull \hbox (badness 10000) in paragraph at lines 170--170
|[][][][][]\TU/lmtt/m/n/9 hp[[]++[]cnt] []=[] Heap(w[p], p, []0[], []0[],
) (./source.out.pyg [4]
Underfull \hbox (badness 10000) in paragraph at lines 36--36
|            []\TU/lmtt/b/n/9 for[] \TU/lmtt/m/n/9 ([][]\TU/lmtt/b/n/9 int[] \T
U/lmtt/m/n/9 i []=[] []0[]; i []<[] ([][]\TU/lmtt/b/n/9 int[]\TU/lmtt/m/n/9 )[]
C[k].size()[];

LaTeX Font Warning: Font shape `TU/FandolFang-Regular(0)/m/it' undefined
(Font)              using `TU/FandolFang-Regular(0)/m/n' instead on input line 
64.

) (./source.out.pyg) (./source.out.pyg [5]) (./source.out.pyg
Underfull \hbox (badness 10000) in paragraph at lines 66--66
|[][][][][]\TU/lmtt/b/n/9 else[] []if[]\TU/lmtt/m/n/9 (tp[y] []^[] []1[] []&&[]
[] find(x)[] []^[] find([]
) (./source.out.pyg [6]) (./source.out.pyg
Underfull \hbox (badness 10000) in paragraph at lines 41--41
|                \TU/lmtt/m/n/9 G[pe[j][]->[]x].push_back({pe[j][]->[]y,
) (./source.out.pyg [7]) (./source.out.pyg) (./source.out.pyg [8])
(./source.out.pyg) (./source.out.pyg [9]) (./source.out.pyg [10])
(./source.out.pyg
Underfull \hbox (badness 10000) in paragraph at lines 21--21
|[][][][][]\TU/lmtt/b/n/9 for[] \TU/lmtt/m/n/9 ([][]\TU/lmtt/b/n/9 int[] \TU/lm
tt/m/n/9 i []=[] top []+[] []1[]; i []<=[] elder;
) (./source.out.pyg) (./source.out.pyg [11]) (./source.out.pyg
Underfull \hbox (badness 10000) in paragraph at lines 12--12
|[][][]\TU/lmtt/b/n/9 for[]\TU/lmtt/m/n/9 ([][]\TU/lmtt/b/n/9 int[] \TU/lmtt/m/
n/9 i []=[] now[x]; i []!=[] []-[][]1[]; i []=[]

Underfull \hbox (badness 10000) in paragraph at lines 38--38
|[][][]\TU/lmtt/b/n/9 for[]\TU/lmtt/m/n/9 ([][]\TU/lmtt/b/n/9 int[] \TU/lmtt/m/
n/9 i []=[] son[x]; i []!=[] []-[][]1[]; i []=[]
) (./source.out.pyg) (./source.out.pyg [12]) [13])
Chapter 2.
(./math.tex (./source.out.pyg) (./source.out.pyg
Overfull \vbox (2.53741pt too high) has occurred while \output is active
Overfull \vbox (2.53741pt too high) has occurred while \output is active
[14]) (./source.out.pyg) (./source.out.pyg
Underfull \hbox (badness 10000) in paragraph at lines 5--5
|    []\TU/lmtt/b/n/9 if[] \TU/lmtt/m/n/9 (d []*[] []2[] []>[] m)[] []\TU/lmtt/
b/n/9 return[] \TU/lmtt/m/n/9 calc(m []-[] d, m, m []-[] r, m []-[]
) (./source.out.pyg) (./source.out.pyg [15]) (./source.out.pyg
Underfull \hbox (badness 10000) in paragraph at lines 7--7
|    []\TU/lmtt/b/n/9 for[] \TU/lmtt/m/n/9 ([][]\TU/lmtt/b/n/9 int[] \TU/lmtt/m
/n/9 i []=[] []1[], now []=[] []1[]; i []<=[] n []&&[][] now []<=[] m;
) (./source.out.pyg
Underfull \hbox (badness 10000) in paragraph at lines 43--43
|        []\TU/lmtt/b/n/9 if[] \TU/lmtt/m/n/9 ([][]![]miller_rabin_check(number
,
[16]) (./source.out.pyg
Underfull \hbox (badness 10000) in paragraph at lines 30--30
|[][][]\TU/lmtt/m/n/9 bin.push_back(add(bin[i []-[] []1[]], bin[i []-[]
) (./source.out.pyg) (./source.out.pyg [17]) (./source.out.pyg)
(./source.out.pyg) (./source.out.pyg [18]) (./source.out.pyg [19])
(./source.out.pyg) (./source.out.pyg) (./source.out.pyg [20]) (./source.out.pyg
) (./source.out.pyg) (./source.out.pyg [21]
Underfull \hbox (badness 10000) in paragraph at lines 70--70
|        []\TU/lmtt/b/n/9 return[] []\TU/lmtt/m/it/9 /* no solution */[] \TU/lm
tt/m/n/9 std[]::[]vector[]<[][]\TU/lmtt/b/n/9 double[][]\TU/lmtt/m/n/9 >[]([]
)

Package amsmath Warning: Foreign command \atopwithdelims;
(amsmath)                \frac or \genfrac should be used instead
(amsmath)                 on input line 120.

[22])
Chapter 3.
(./geometry.tex (./source.out.pyg [23]
Underfull \hbox (badness 10000) in paragraph at lines 96--96
|    []\TU/lmtt/b/n/9 if[] \TU/lmtt/m/n/9 (point_on_seg(a.a, b)[] []||[][] poin
t_on_seg(a.b, b)[]
[24]
Underfull \hbox (badness 10000) in paragraph at lines 165--165
|        \TU/lmtt/m/n/9 l1 []=[] l2 []=[] line(p1, p1 []+[] (a.o []-[] p1)[].ro
tate90([]

Underfull \hbox (badness 10000) in paragraph at lines 189--189
|        \TU/lmtt/m/n/9 l1 []=[] l2 []=[] line(p1, p1 []+[] (a.o []-[] p1)[].ro
tate90([]
) (./source.out.pyg) (./source.out.pyg [25]
Underfull \hbox (badness 10000) in paragraph at lines 55--55
|[][][]\TU/lmtt/b/n/9 int[] \TU/lmtt/m/n/9 id []=[] lower_bound(lower.begin()[]

) (./source.out.pyg [26]) (./source.out.pyg) (./source.out.pyg)
(./source.out.pyg [27]) (./source.out.pyg [28]) (./source.out.pyg [29])
(./source.out.pyg [30]
Overfull \hbox (10.1682pt too wide) in paragraph at lines 61--61
\TU/lmtt/m/n/9 root[]->[]children[i][]->[]contains([] 

Overfull \hbox (19.61826pt too wide) in paragraph at lines 78--78
\TU/lmtt/m/n/9 tri[]->[]p[[]0[]],tri[]->[]p[[]1[]],tri[]->[]p[[]2[]],trj[]->[]p
[pj]))[] 
) (./source.out.pyg [31]) (./source.out.pyg
Overfull \hbox (71.59306pt too wide) in paragraph at lines 58--58
\TU/lmtt/m/n/9 info[face[i][[]0[]]][]+[]info[face[i][[]1[]]][]+[]info[face[i][[
]2[]]][]+[]first)[] 
) (./source.out.pyg
Underfull \hbox (badness 10000) in paragraph at lines 4--4
|[][]\TU/lmtt/b/n/9 double[] \TU/lmtt/m/n/9 s1 []=[] x []*[] x []+[] y []*[] y 
[]+[] z []*[] z, ss1 []=[] msqrt([]
[32])
Underfull \hbox (badness 5893) in paragraph at lines 56--102
\TU/FandolSong-Regular(0)/m/n/10 内 切 圆 半 径 $\OML/cmm/m/it/10 r \OT1/cmr/m/n/10 
= [] = 4\OML/cmm/m/it/10 R [] [] [] [] [] [] \OT1/cmr/m/n/10 =
)
Chapter 4.
(./string.tex (./source.out.pyg
Overfull \vbox (64.91812pt too high) has occurred while \output is active
Overfull \vbox (64.91812pt too high) has occurred while \output is active
[33]) (./source.out.pyg) (./source.out.pyg)
Underfull \hbox (badness 10000) in paragraph at lines 9--9
[]\TU/lmr/bx/n/14.4 Lydon Word Decomposition
(./source.out.pyg) (./source.out.pyg [34]) (./source.out.pyg) (./source.out.pyg
) (./source.out.pyg [35]) (./source.out.pyg) (./source.out.pyg [36])
(./source.out.pyg))
Chapter 5.
(./data_structure.tex (./source.out.pyg) (./source.out.pyg [37])
(./source.out.pyg) (./source.out.pyg) (./source.out.pyg) (./source.out.pyg
[38]
Underfull \hbox (badness 10000) in paragraph at lines 87--87
|    \TU/lmtt/m/n/9 cmin(ret, dis[pos[dmax(ql, l)[]]] []*[] o []->[] k []+[] o 
[]->[]

Underfull \hbox (badness 10000) in paragraph at lines 88--88
|    \TU/lmtt/m/n/9 cmin(ret, dis[pos[dmin(qr, r)[]]] []*[] o []->[] k []+[] o 
[]->[]
[39]) (./source.out.pyg [40]) (./source.out.pyg) (./source.out.pyg [41]
Underfull \hbox (badness 10000) in paragraph at lines 94--94
|[][]\TU/lmtt/b/n/9 int[] \TU/lmtt/m/n/9 x []=[] find(root, l []-[] []1[])[], y
 []=[] find(root, l []+[]

Underfull \hbox (badness 10000) in paragraph at lines 108--108
|[][]\TU/lmtt/b/n/9 int[] \TU/lmtt/m/n/9 x []=[] find(root, left)[], y []=[] fi
nd(root, left []+[]
[42]) (./source.out.pyg) (./source.out.pyg [43] [44]) (./source.out.pyg)
(./source.out.pyg [45]) (./source.out.pyg) (./source.out.pyg [46]
Underfull \hbox (badness 10000) in paragraph at lines 94--94
|[][]\TU/lmtt/m/n/9 Change([][]1[], []1[], n, dfn[now], mkp(d[now],
) (./source.out.pyg [47]) (./source.out.pyg
Underfull \hbox (badness 10000) in paragraph at lines 65--65
|[]\TU/lmtt/m/n/9 ans[]=[]min(ans,abs(x[]-[]p[now].d[[]0[]])[][]+[]abs([]
[48]) (./source.out.pyg
Underfull \hbox (badness 10000) in paragraph at lines 25--25
|            \TU/lmtt/m/n/9 j[]->[]up[]->[]down[]=[]j[]->[]down[]->[]up[]=[]j, 
[]++[]([]
))
Chapter 6.
(./others.tex (./source.out.pyg) (./source.out.pyg) (./source.out.pyg)
(./source.out.pyg) (./source.out.pyg [49]) (./source.out.pyg
Underfull \hbox (badness 10000) in paragraph at lines 49--49
|        \TU/lmtt/m/n/9 BigDecimal x []=[] []\TU/lmtt/b/n/9 new[] \TU/lmtt/m/n/
9 BigDecimal[]([]
[50]
Underfull \hbox (badness 10000) in paragraph at lines 108--108
|        \TU/lmtt/m/n/9 HashMap[]<[]String[],[] Integer[]>[] map []=[] []\TU/lm
tt/b/n/9 new[] \TU/lmtt/m/n/9 HashMap[]<>([]
) (./source.out.pyg
Underfull \hbox (badness 10000) in paragraph at lines 22--22
|[][][]\TU/lmtt/b/n/9 if[] \TU/lmtt/m/n/9 (delta []<[] []1e-9[] []||[][] exp([]
[]-[]delta []/[] T)[] []>[] rand01([]
) (./source.out.pyg [51]) (./source.out.pyg) (./Others/integral-table.tex

Package amsmath Warning: Cannot use `split' here;
(amsmath)                trying to recover with `aligned' on input line 188.


Package amsmath Warning: Cannot use `split' here;
(amsmath)                trying to recover with `aligned' on input line 188.

[52]))
Underfull \hbox (badness 10000) in paragraph at lines 123--124

[53] (./source.aux)

LaTeX Font Warning: Some font shapes were not available, defaults substituted.

 )
(see the transcript file for additional information)
Output written on source.pdf (54 pages).
Transcript written on source.log.
