This is XeTeX, Version 3.14159265-2.6-0.99998 (TeX Live 2017/Debian) (preloaded format=xelatex)
 \write18 enabled.
entering extended mode
(./source.tex
LaTeX2e <2017-04-15>
Babel <3.18> and hyphenation patterns for 28 language(s) loaded.
(/usr/share/texlive/texmf-dist/tex/latex/base/book.cls
Document Class: book 2014/09/29 v1.4h Standard LaTeX document class
(/usr/share/texlive/texmf-dist/tex/latex/base/bk10.clo))
(/usr/share/texlive/texmf-dist/tex/latex/minted/minted.sty
(/usr/share/texlive/texmf-dist/tex/latex/graphics/keyval.sty)
(/usr/share/texlive/texmf-dist/tex/latex/oberdiek/kvoptions.sty
(/usr/share/texlive/texmf-dist/tex/generic/oberdiek/ltxcmds.sty)
(/usr/share/texlive/texmf-dist/tex/generic/oberdiek/kvsetkeys.sty
(/usr/share/texlive/texmf-dist/tex/generic/oberdiek/infwarerr.sty)
(/usr/share/texlive/texmf-dist/tex/generic/oberdiek/etexcmds.sty
(/usr/share/texlive/texmf-dist/tex/generic/oberdiek/ifluatex.sty))))
(/usr/share/texlive/texmf-dist/tex/latex/fvextra/fvextra.sty
(/usr/share/texlive/texmf-dist/tex/latex/base/ifthen.sty)
(/usr/share/texlive/texmf-dist/tex/latex/etoolbox/etoolbox.sty)
(/usr/share/texlive/texmf-dist/tex/latex/fancyvrb/fancyvrb.sty
Style option: `fancyvrb' v2.7a, with DG/SPQR fixes, and firstline=lastline fix 
<2008/02/07> (tvz))
(/usr/share/texlive/texmf-dist/tex/latex/upquote/upquote.sty
(/usr/share/texlive/texmf-dist/tex/latex/base/textcomp.sty
(/usr/share/texlive/texmf-dist/tex/latex/base/ts1enc.def)))
(/usr/share/texlive/texmf-dist/tex/latex/lineno/lineno.sty))
(/usr/share/texlive/texmf-dist/tex/latex/tools/calc.sty)
(/usr/share/texlive/texmf-dist/tex/latex/tools/shellesc.sty)
(/usr/share/texlive/texmf-dist/tex/latex/ifplatform/ifplatform.sty
(/usr/share/texlive/texmf-dist/tex/generic/oberdiek/pdftexcmds.sty
(/usr/share/texlive/texmf-dist/tex/generic/oberdiek/ifpdf.sty))
(/usr/share/texlive/texmf-dist/tex/generic/oberdiek/catchfile.sty)
(./source.w18)) (/usr/share/texlive/texmf-dist/tex/generic/xstring/xstring.sty
(/usr/share/texlive/texmf-dist/tex/generic/xstring/xstring.tex))
(/usr/share/texlive/texmf-dist/tex/latex/framed/framed.sty)
(/usr/share/texlive/texmf-dist/tex/latex/float/float.sty))
(/usr/share/texlive/texmf-dist/tex/xelatex/xecjk/xeCJK.sty
(/usr/share/texlive/texmf-dist/tex/latex/l3kernel/expl3.sty
(/usr/share/texlive/texmf-dist/tex/latex/l3kernel/expl3-code.tex)
(/usr/share/texlive/texmf-dist/tex/latex/l3kernel/l3xdvipdfmx.def))
(/usr/share/texlive/texmf-dist/tex/latex/l3packages/xtemplate/xtemplate.sty)
(/usr/share/texlive/texmf-dist/tex/latex/l3packages/xparse/xparse.sty)
(/usr/share/texlive/texmf-dist/tex/latex/l3packages/l3keys2e/l3keys2e.sty)
(/usr/share/texlive/texmf-dist/tex/latex/fontspec/fontspec.sty
(/usr/share/texlive/texmf-dist/tex/latex/fontspec/fontspec-xetex.sty
(/usr/share/texlive/texmf-dist/tex/latex/base/fontenc.sty
(/usr/share/texlive/texmf-dist/tex/latex/base/tuenc.def))
(/usr/share/texlive/texmf-dist/tex/latex/fontspec/fontspec.cfg)))
(/usr/share/texlive/texmf-dist/tex/xelatex/xecjk/xunicode-addon.sty
(/usr/share/texlive/texmf-dist/tex/xelatex/xunicode/xunicode.sty
(/usr/share/texmf/tex/latex/tipa/t3enc.def)
(/usr/share/texlive/texmf-dist/tex/latex/graphics/graphicx.sty
(/usr/share/texlive/texmf-dist/tex/latex/graphics/graphics.sty
(/usr/share/texlive/texmf-dist/tex/latex/graphics/trig.sty)
(/usr/share/texlive/texmf-dist/tex/latex/graphics-cfg/graphics.cfg)
(/usr/share/texlive/texmf-dist/tex/latex/graphics-def/xetex.def)))))
(/usr/share/texlive/texmf-dist/tex/xelatex/xunicode/xunicode.sty
*** Reloading Xunicode for encoding 'TU' ***
) (/usr/share/texlive/texmf-dist/tex/xelatex/xecjk/xunicode-extra.def)
(/usr/share/texlive/texmf-dist/tex/xelatex/xecjk/xeCJK.cfg))
(/usr/share/texlive/texmf-dist/tex/latex/geometry/geometry.sty
(/usr/share/texlive/texmf-dist/tex/generic/oberdiek/ifvtex.sty)
(/usr/share/texlive/texmf-dist/tex/generic/ifxetex/ifxetex.sty))
(/usr/share/texlive/texmf-dist/tex/latex/titlesec/titlesec.sty)
(/usr/share/texlive/texmf-dist/tex/latex/amsmath/amsmath.sty
For additional information on amsmath, use the `?' option.
(/usr/share/texlive/texmf-dist/tex/latex/amsmath/amstext.sty
(/usr/share/texlive/texmf-dist/tex/latex/amsmath/amsgen.sty))
(/usr/share/texlive/texmf-dist/tex/latex/amsmath/amsbsy.sty)
(/usr/share/texlive/texmf-dist/tex/latex/amsmath/amsopn.sty))
(/usr/share/texlive/texmf-dist/tex/latex/amsfonts/amsfonts.sty)
(/usr/share/texlive/texmf-dist/tex/latex/ms/ragged2e.sty
(/usr/share/texlive/texmf-dist/tex/latex/ms/everysel.sty))
(/usr/share/texlive/texmf-dist/tex/latex/tools/multicol.sty)
(/usr/share/texlive/texmf-dist/tex/latex/fancyhdr/fancyhdr.sty)
(/usr/share/texlive/texmf-dist/tex/latex/emptypage/emptypage.sty)
(/usr/share/texlive/texmf-dist/tex/latex/enumitem/enumitem.sty)
(/usr/share/texlive/texmf-dist/tex/latex/pdfpages/pdfpages.sty
(/usr/share/texlive/texmf-dist/tex/latex/eso-pic/eso-pic.sty
(/usr/share/texlive/texmf-dist/tex/generic/oberdiek/atbegshi.sty)
(/usr/share/texlive/texmf-dist/tex/latex/xcolor/xcolor.sty
(/usr/share/texlive/texmf-dist/tex/latex/graphics-cfg/color.cfg)))
(/usr/share/texlive/texmf-dist/tex/latex/pdfpages/ppxetex.def))
(/usr/share/texlive/texmf-dist/tex/latex/tocloft/tocloft.sty)
(/usr/share/texlive/texmf-dist/tex/latex/lipsum/lipsum.sty)
(/usr/share/texlive/texmf-dist/tex/latex/xpatch/xpatch.sty)
(/usr/share/texlive/texmf-dist/tex/latex/mdframed/mdframed.sty
(/usr/share/texlive/texmf-dist/tex/latex/oberdiek/zref-abspage.sty
(/usr/share/texlive/texmf-dist/tex/latex/oberdiek/zref-base.sty
(/usr/share/texlive/texmf-dist/tex/generic/oberdiek/kvdefinekeys.sty)
(/usr/share/texlive/texmf-dist/tex/latex/oberdiek/auxhook.sty)))
(/usr/share/texlive/texmf-dist/tex/latex/needspace/needspace.sty)
(/usr/share/texlive/texmf-dist/tex/latex/mdframed/md-frame-0.mdf))/usr/bin/pygmentize

*************************************************
* xeCJK warning: "fandol"
* 
* Fandol is being set as the default font for CJK text.
* Please make sure it has been properly installed.
*************************************************
*************************************************
* fontspec warning: "script-not-exist"
* 
* Font 'FandolSong-Regular' does not contain script 'CJK'.
*************************************************
No file source.aux.
(/usr/share/texlive/texmf-dist/tex/latex/base/ts1cmr.fd)
(/usr/share/texmf/tex/latex/tipa/t3cmr.fd)
*geometry* driver: auto-detecting
*geometry* detected driver: xetex
ABD: EverySelectfont initializing macros
(/usr/share/texlive/texmf-dist/tex/latex/oberdiek/pdflscape.sty
(/usr/share/texlive/texmf-dist/tex/latex/graphics/lscape.sty)) [1]
No file source.toc.
Chapter 1.
(./graph_theory.tex (./source.out.pyg) (./source.out.pyg) (./source.out.pyg
*************************************************
* fontspec warning: "script-not-exist"
* 
* Font 'FandolFang-Regular' does not contain script 'CJK'.
*************************************************
*************************************************
* fontspec warning: "script-not-exist"
* 
* Font 'FandolHei-Regular' does not contain script 'CJK'.
*************************************************
(/usr/share/texlive/texmf-dist/tex/latex/amsfonts/umsa.fd)
(/usr/share/texlive/texmf-dist/tex/latex/amsfonts/umsb.fd)) (./source.out.pyg)
(./source.out.pyg) (./source.out.pyg) (./source.out.pyg [1] [2])
(./source.out.pyg [3]) (./source.out.pyg) (./source.out.pyg) (./source.out.pyg
[4]) (./source.out.pyg) (./source.out.pyg [5]) (./source.out.pyg)
(./source.out.pyg [6]) (./source.out.pyg) (./source.out.pyg [7])
(./source.out.pyg [8]) (./source.out.pyg) (./source.out.pyg) (./source.out.pyg)
 [9] [10])
Chapter 2.
(./math.tex (./source.out.pyg) (./source.out.pyg) (./source.out.pyg)
(./source.out.pyg) (./source.out.pyg) (./source.out.pyg [11]) (./source.out.pyg

Overfull \hbox (12.96217pt too wide) in paragraph at lines 20--1
[][] 
) (./source.out.pyg) (./source.out.pyg [12]) (./source.out.pyg)
(./source.out.pyg [13]) (./source.out.pyg) (./source.out.pyg) (./source.out.pyg
 [14]) (./source.out.pyg) (./source.out.pyg [15]) (./source.out.pyg)
(./source.out.pyg) (./source.out.pyg [16])

Package amsmath Warning: Foreign command \atopwithdelims;
(amsmath)                \frac or \genfrac should be used instead
(amsmath)                 on input line 113.

[17]
Overfull \hbox (8.09122pt too wide) in paragraph at lines 181--191
[]$\OML/cmm/m/it/10 ^^V\OT1/cmr/m/n/10 (\OML/cmm/m/it/10 n\OT1/cmr/m/n/10 ) = [
]$ 
)
Chapter 3.
(./geometry.tex (./source.out.pyg [18]) (./source.out.pyg) (./source.out.pyg
[19]) (./source.out.pyg) (./source.out.pyg) (./source.out.pyg [20])
(./source.out.pyg [21]) (./source.out.pyg [22]
Overfull \hbox (24.34332pt too wide) in paragraph at lines 148--148
\TU/lmtt/m/n/9 .sqrlen([] 

Overfull \hbox (5.4433pt too wide) in paragraph at lines 148--148
\TU/lmtt/m/n/9 ))))[] 
) (./source.out.pyg [23]) (./source.out.pyg [24]) (./source.out.pyg)
(./source.out.pyg [25]) (./source.out.pyg)
Underfull \hbox (badness 5893) in paragraph at lines 56--102
\TU/FandolSong-Regular(0)/m/n/10 内 切 圆 半 径 $\OML/cmm/m/it/10 r \OT1/cmr/m/n/10 
= [] = 4\OML/cmm/m/it/10 R [] [] [] [] [] [] \OT1/cmr/m/n/10 =
[26])
Chapter 4.
(./string.tex (./source.out.pyg) (./source.out.pyg) (./source.out.pyg [27])
(./source.out.pyg) (./source.out.pyg [28]) (./source.out.pyg) (./source.out.pyg
) (./source.out.pyg) (./source.out.pyg [29]))
Chapter 5.
(./data_structure.tex (./source.out.pyg) (./source.out.pyg) (./source.out.pyg)
(./source.out.pyg [30]) (./source.out.pyg [31]) (./source.out.pyg [32])
(./source.out.pyg) (./source.out.pyg [33]) (./source.out.pyg
Overfull \hbox (127.57338pt too wide) in paragraph at lines 3--3
\TU/lmtt/m/n/9 dep[maxn],fa[maxn],son[maxn],dfn[maxn],timer,pos[maxn],size[maxn
],n,top[maxn];|  
) (./source.out.pyg [34]) (./source.out.pyg [35]) (./source.out.pyg)) [36]
Chapter 6.
(./others.tex (./source.out.pyg) (./source.out.pyg) (./source.out.pyg)
(./source.out.pyg) (./source.out.pyg) (./source.out.pyg) (./source.out.pyg)
(./source.out.pyg) (./Others/integral-table.tex [37]

Package amsmath Warning: Cannot use `split' here;
(amsmath)                trying to recover with `aligned' on input line 188.


Package amsmath Warning: Cannot use `split' here;
(amsmath)                trying to recover with `aligned' on input line 188.

[38])) [39] (./source.aux)

LaTeX Warning: Label(s) may have changed. Rerun to get cross-references right.

 )
(see the transcript file for additional information)
Output written on source.pdf (40 pages).
Transcript written on source.log.
This is XeTeX, Version 3.14159265-2.6-0.99998 (TeX Live 2017/Debian) (preloaded format=xelatex)
 \write18 enabled.
entering extended mode
(./source.tex
LaTeX2e <2017-04-15>
Babel <3.18> and hyphenation patterns for 28 language(s) loaded.
(/usr/share/texlive/texmf-dist/tex/latex/base/book.cls
Document Class: book 2014/09/29 v1.4h Standard LaTeX document class
(/usr/share/texlive/texmf-dist/tex/latex/base/bk10.clo))
(/usr/share/texlive/texmf-dist/tex/latex/minted/minted.sty
(/usr/share/texlive/texmf-dist/tex/latex/graphics/keyval.sty)
(/usr/share/texlive/texmf-dist/tex/latex/oberdiek/kvoptions.sty
(/usr/share/texlive/texmf-dist/tex/generic/oberdiek/ltxcmds.sty)
(/usr/share/texlive/texmf-dist/tex/generic/oberdiek/kvsetkeys.sty
(/usr/share/texlive/texmf-dist/tex/generic/oberdiek/infwarerr.sty)
(/usr/share/texlive/texmf-dist/tex/generic/oberdiek/etexcmds.sty
(/usr/share/texlive/texmf-dist/tex/generic/oberdiek/ifluatex.sty))))
(/usr/share/texlive/texmf-dist/tex/latex/fvextra/fvextra.sty
(/usr/share/texlive/texmf-dist/tex/latex/base/ifthen.sty)
(/usr/share/texlive/texmf-dist/tex/latex/etoolbox/etoolbox.sty)
(/usr/share/texlive/texmf-dist/tex/latex/fancyvrb/fancyvrb.sty
Style option: `fancyvrb' v2.7a, with DG/SPQR fixes, and firstline=lastline fix 
<2008/02/07> (tvz))
(/usr/share/texlive/texmf-dist/tex/latex/upquote/upquote.sty
(/usr/share/texlive/texmf-dist/tex/latex/base/textcomp.sty
(/usr/share/texlive/texmf-dist/tex/latex/base/ts1enc.def)))
(/usr/share/texlive/texmf-dist/tex/latex/lineno/lineno.sty))
(/usr/share/texlive/texmf-dist/tex/latex/tools/calc.sty)
(/usr/share/texlive/texmf-dist/tex/latex/tools/shellesc.sty)
(/usr/share/texlive/texmf-dist/tex/latex/ifplatform/ifplatform.sty
(/usr/share/texlive/texmf-dist/tex/generic/oberdiek/pdftexcmds.sty
(/usr/share/texlive/texmf-dist/tex/generic/oberdiek/ifpdf.sty))
(/usr/share/texlive/texmf-dist/tex/generic/oberdiek/catchfile.sty)
(./source.w18)) (/usr/share/texlive/texmf-dist/tex/generic/xstring/xstring.sty
(/usr/share/texlive/texmf-dist/tex/generic/xstring/xstring.tex))
(/usr/share/texlive/texmf-dist/tex/latex/framed/framed.sty)
(/usr/share/texlive/texmf-dist/tex/latex/float/float.sty))
(/usr/share/texlive/texmf-dist/tex/xelatex/xecjk/xeCJK.sty
(/usr/share/texlive/texmf-dist/tex/latex/l3kernel/expl3.sty
(/usr/share/texlive/texmf-dist/tex/latex/l3kernel/expl3-code.tex)
(/usr/share/texlive/texmf-dist/tex/latex/l3kernel/l3xdvipdfmx.def))
(/usr/share/texlive/texmf-dist/tex/latex/l3packages/xtemplate/xtemplate.sty)
(/usr/share/texlive/texmf-dist/tex/latex/l3packages/xparse/xparse.sty)
(/usr/share/texlive/texmf-dist/tex/latex/l3packages/l3keys2e/l3keys2e.sty)
(/usr/share/texlive/texmf-dist/tex/latex/fontspec/fontspec.sty
(/usr/share/texlive/texmf-dist/tex/latex/fontspec/fontspec-xetex.sty
(/usr/share/texlive/texmf-dist/tex/latex/base/fontenc.sty
(/usr/share/texlive/texmf-dist/tex/latex/base/tuenc.def))
(/usr/share/texlive/texmf-dist/tex/latex/fontspec/fontspec.cfg)))
(/usr/share/texlive/texmf-dist/tex/xelatex/xecjk/xunicode-addon.sty
(/usr/share/texlive/texmf-dist/tex/xelatex/xunicode/xunicode.sty
(/usr/share/texmf/tex/latex/tipa/t3enc.def)
(/usr/share/texlive/texmf-dist/tex/latex/graphics/graphicx.sty
(/usr/share/texlive/texmf-dist/tex/latex/graphics/graphics.sty
(/usr/share/texlive/texmf-dist/tex/latex/graphics/trig.sty)
(/usr/share/texlive/texmf-dist/tex/latex/graphics-cfg/graphics.cfg)
(/usr/share/texlive/texmf-dist/tex/latex/graphics-def/xetex.def)))))
(/usr/share/texlive/texmf-dist/tex/xelatex/xunicode/xunicode.sty
*** Reloading Xunicode for encoding 'TU' ***
) (/usr/share/texlive/texmf-dist/tex/xelatex/xecjk/xunicode-extra.def)
(/usr/share/texlive/texmf-dist/tex/xelatex/xecjk/xeCJK.cfg))
(/usr/share/texlive/texmf-dist/tex/latex/geometry/geometry.sty
(/usr/share/texlive/texmf-dist/tex/generic/oberdiek/ifvtex.sty)
(/usr/share/texlive/texmf-dist/tex/generic/ifxetex/ifxetex.sty))
(/usr/share/texlive/texmf-dist/tex/latex/titlesec/titlesec.sty)
(/usr/share/texlive/texmf-dist/tex/latex/amsmath/amsmath.sty
For additional information on amsmath, use the `?' option.
(/usr/share/texlive/texmf-dist/tex/latex/amsmath/amstext.sty
(/usr/share/texlive/texmf-dist/tex/latex/amsmath/amsgen.sty))
(/usr/share/texlive/texmf-dist/tex/latex/amsmath/amsbsy.sty)
(/usr/share/texlive/texmf-dist/tex/latex/amsmath/amsopn.sty))
(/usr/share/texlive/texmf-dist/tex/latex/amsfonts/amsfonts.sty)
(/usr/share/texlive/texmf-dist/tex/latex/ms/ragged2e.sty
(/usr/share/texlive/texmf-dist/tex/latex/ms/everysel.sty))
(/usr/share/texlive/texmf-dist/tex/latex/tools/multicol.sty)
(/usr/share/texlive/texmf-dist/tex/latex/fancyhdr/fancyhdr.sty)
(/usr/share/texlive/texmf-dist/tex/latex/emptypage/emptypage.sty)
(/usr/share/texlive/texmf-dist/tex/latex/enumitem/enumitem.sty)
(/usr/share/texlive/texmf-dist/tex/latex/pdfpages/pdfpages.sty
(/usr/share/texlive/texmf-dist/tex/latex/eso-pic/eso-pic.sty
(/usr/share/texlive/texmf-dist/tex/generic/oberdiek/atbegshi.sty)
(/usr/share/texlive/texmf-dist/tex/latex/xcolor/xcolor.sty
(/usr/share/texlive/texmf-dist/tex/latex/graphics-cfg/color.cfg)))
(/usr/share/texlive/texmf-dist/tex/latex/pdfpages/ppxetex.def))
(/usr/share/texlive/texmf-dist/tex/latex/tocloft/tocloft.sty)
(/usr/share/texlive/texmf-dist/tex/latex/lipsum/lipsum.sty)
(/usr/share/texlive/texmf-dist/tex/latex/xpatch/xpatch.sty)
(/usr/share/texlive/texmf-dist/tex/latex/mdframed/mdframed.sty
(/usr/share/texlive/texmf-dist/tex/latex/oberdiek/zref-abspage.sty
(/usr/share/texlive/texmf-dist/tex/latex/oberdiek/zref-base.sty
(/usr/share/texlive/texmf-dist/tex/generic/oberdiek/kvdefinekeys.sty)
(/usr/share/texlive/texmf-dist/tex/latex/oberdiek/auxhook.sty)))
(/usr/share/texlive/texmf-dist/tex/latex/needspace/needspace.sty)
(/usr/share/texlive/texmf-dist/tex/latex/mdframed/md-frame-0.mdf))/usr/bin/pygmentize

*************************************************
* xeCJK warning: "fandol"
* 
* Fandol is being set as the default font for CJK text.
* Please make sure it has been properly installed.
*************************************************
*************************************************
* fontspec warning: "script-not-exist"
* 
* Font 'FandolSong-Regular' does not contain script 'CJK'.
*************************************************
(./source.aux) (/usr/share/texlive/texmf-dist/tex/latex/base/ts1cmr.fd)
(/usr/share/texmf/tex/latex/tipa/t3cmr.fd)
*geometry* driver: auto-detecting
*geometry* detected driver: xetex
ABD: EverySelectfont initializing macros
(/usr/share/texlive/texmf-dist/tex/latex/oberdiek/pdflscape.sty
(/usr/share/texlive/texmf-dist/tex/latex/graphics/lscape.sty)) [1]
(./source.toc (/usr/share/texlive/texmf-dist/tex/latex/amsfonts/umsa.fd)
(/usr/share/texlive/texmf-dist/tex/latex/amsfonts/umsb.fd))
Chapter 1.
(./graph_theory.tex (./source.out.pyg) (./source.out.pyg) (./source.out.pyg
*************************************************
* fontspec warning: "script-not-exist"
* 
* Font 'FandolFang-Regular' does not contain script 'CJK'.
*************************************************
*************************************************
* fontspec warning: "script-not-exist"
* 
* Font 'FandolHei-Regular' does not contain script 'CJK'.
*************************************************
[1]) (./source.out.pyg) (./source.out.pyg) (./source.out.pyg) (./source.out.pyg
 [2] [3]) (./source.out.pyg) (./source.out.pyg [4]) (./source.out.pyg)
(./source.out.pyg) (./source.out.pyg [5]) (./source.out.pyg) (./source.out.pyg
[6]) (./source.out.pyg) (./source.out.pyg [7]) (./source.out.pyg) [8]
(./source.out.pyg) (./source.out.pyg) (./source.out.pyg [9]) (./source.out.pyg)
 [10])
Chapter 2.
(./math.tex (./source.out.pyg) (./source.out.pyg [11]) (./source.out.pyg)
(./source.out.pyg) (./source.out.pyg) (./source.out.pyg) (./source.out.pyg
Overfull \hbox (12.96217pt too wide) in paragraph at lines 20--1
[][] 
[12]) (./source.out.pyg) (./source.out.pyg) (./source.out.pyg [13])
(./source.out.pyg) (./source.out.pyg [14]) (./source.out.pyg) (./source.out.pyg
[15]) (./source.out.pyg) (./source.out.pyg) (./source.out.pyg)
(./source.out.pyg [16]) (./source.out.pyg) [17]

Package amsmath Warning: Foreign command \atopwithdelims;
(amsmath)                \frac or \genfrac should be used instead
(amsmath)                 on input line 113.


Overfull \hbox (8.09122pt too wide) in paragraph at lines 181--191
[]$\OML/cmm/m/it/10 ^^V\OT1/cmr/m/n/10 (\OML/cmm/m/it/10 n\OT1/cmr/m/n/10 ) = [
]$ 
[18])
Chapter 3.
(./geometry.tex (./source.out.pyg) (./source.out.pyg [19]) (./source.out.pyg
[20]) (./source.out.pyg) (./source.out.pyg) (./source.out.pyg)
(./source.out.pyg [21]) (./source.out.pyg [22]
Overfull \hbox (24.34332pt too wide) in paragraph at lines 148--148
\TU/lmtt/m/n/9 .sqrlen([] 

Overfull \hbox (5.4433pt too wide) in paragraph at lines 148--148
\TU/lmtt/m/n/9 ))))[] 
[23]) (./source.out.pyg) (./source.out.pyg [24] [25]) (./source.out.pyg)
(./source.out.pyg [26]) (./source.out.pyg)
Underfull \hbox (badness 5893) in paragraph at lines 56--102
\TU/FandolSong-Regular(0)/m/n/10 内 切 圆 半 径 $\OML/cmm/m/it/10 r \OT1/cmr/m/n/10 
= [] = 4\OML/cmm/m/it/10 R [] [] [] [] [] [] \OT1/cmr/m/n/10 =
[27])
Chapter 4.
(./string.tex (./source.out.pyg) (./source.out.pyg) (./source.out.pyg)
(./source.out.pyg [28]) (./source.out.pyg) (./source.out.pyg [29])
(./source.out.pyg) (./source.out.pyg) (./source.out.pyg)) [30]
Chapter 5.
(./data_structure.tex (./source.out.pyg) (./source.out.pyg) (./source.out.pyg)
(./source.out.pyg) (./source.out.pyg [31] [32]) (./source.out.pyg [33])
(./source.out.pyg) (./source.out.pyg) (./source.out.pyg
Overfull \hbox (127.57338pt too wide) in paragraph at lines 3--3
\TU/lmtt/m/n/9 dep[maxn],fa[maxn],son[maxn],dfn[maxn],timer,pos[maxn],size[maxn
],n,top[maxn];|  
[34]) (./source.out.pyg [35]) (./source.out.pyg [36]) (./source.out.pyg))
Chapter 6.
(./others.tex (./source.out.pyg) (./source.out.pyg) (./source.out.pyg)
(./source.out.pyg) (./source.out.pyg [37]) (./source.out.pyg) (./source.out.pyg
) (./source.out.pyg) (./Others/integral-table.tex [38]

Package amsmath Warning: Cannot use `split' here;
(amsmath)                trying to recover with `aligned' on input line 188.


Package amsmath Warning: Cannot use `split' here;
(amsmath)                trying to recover with `aligned' on input line 188.

)) [39] (./source.aux)

LaTeX Warning: Label(s) may have changed. Rerun to get cross-references right.

 )
(see the transcript file for additional information)
Output written on source.pdf (40 pages).
Transcript written on source.log.
This is XeTeX, Version 3.14159265-2.6-0.99998 (TeX Live 2017/Debian) (preloaded format=xelatex)
 \write18 enabled.
entering extended mode
(./source.tex
LaTeX2e <2017-04-15>
Babel <3.18> and hyphenation patterns for 28 language(s) loaded.
(/usr/share/texlive/texmf-dist/tex/latex/base/book.cls
Document Class: book 2014/09/29 v1.4h Standard LaTeX document class
(/usr/share/texlive/texmf-dist/tex/latex/base/bk10.clo))
(/usr/share/texlive/texmf-dist/tex/latex/minted/minted.sty
(/usr/share/texlive/texmf-dist/tex/latex/graphics/keyval.sty)
(/usr/share/texlive/texmf-dist/tex/latex/oberdiek/kvoptions.sty
(/usr/share/texlive/texmf-dist/tex/generic/oberdiek/ltxcmds.sty)
(/usr/share/texlive/texmf-dist/tex/generic/oberdiek/kvsetkeys.sty
(/usr/share/texlive/texmf-dist/tex/generic/oberdiek/infwarerr.sty)
(/usr/share/texlive/texmf-dist/tex/generic/oberdiek/etexcmds.sty
(/usr/share/texlive/texmf-dist/tex/generic/oberdiek/ifluatex.sty))))
(/usr/share/texlive/texmf-dist/tex/latex/fvextra/fvextra.sty
(/usr/share/texlive/texmf-dist/tex/latex/base/ifthen.sty)
(/usr/share/texlive/texmf-dist/tex/latex/etoolbox/etoolbox.sty)
(/usr/share/texlive/texmf-dist/tex/latex/fancyvrb/fancyvrb.sty
Style option: `fancyvrb' v2.7a, with DG/SPQR fixes, and firstline=lastline fix 
<2008/02/07> (tvz))
(/usr/share/texlive/texmf-dist/tex/latex/upquote/upquote.sty
(/usr/share/texlive/texmf-dist/tex/latex/base/textcomp.sty
(/usr/share/texlive/texmf-dist/tex/latex/base/ts1enc.def)))
(/usr/share/texlive/texmf-dist/tex/latex/lineno/lineno.sty))
(/usr/share/texlive/texmf-dist/tex/latex/tools/calc.sty)
(/usr/share/texlive/texmf-dist/tex/latex/tools/shellesc.sty)
(/usr/share/texlive/texmf-dist/tex/latex/ifplatform/ifplatform.sty
(/usr/share/texlive/texmf-dist/tex/generic/oberdiek/pdftexcmds.sty
(/usr/share/texlive/texmf-dist/tex/generic/oberdiek/ifpdf.sty))
(/usr/share/texlive/texmf-dist/tex/generic/oberdiek/catchfile.sty)
(./source.w18)) (/usr/share/texlive/texmf-dist/tex/generic/xstring/xstring.sty
(/usr/share/texlive/texmf-dist/tex/generic/xstring/xstring.tex))
(/usr/share/texlive/texmf-dist/tex/latex/framed/framed.sty)
(/usr/share/texlive/texmf-dist/tex/latex/float/float.sty))
(/usr/share/texlive/texmf-dist/tex/xelatex/xecjk/xeCJK.sty
(/usr/share/texlive/texmf-dist/tex/latex/l3kernel/expl3.sty
(/usr/share/texlive/texmf-dist/tex/latex/l3kernel/expl3-code.tex)
(/usr/share/texlive/texmf-dist/tex/latex/l3kernel/l3xdvipdfmx.def))
(/usr/share/texlive/texmf-dist/tex/latex/l3packages/xtemplate/xtemplate.sty)
(/usr/share/texlive/texmf-dist/tex/latex/l3packages/xparse/xparse.sty)
(/usr/share/texlive/texmf-dist/tex/latex/l3packages/l3keys2e/l3keys2e.sty)
(/usr/share/texlive/texmf-dist/tex/latex/fontspec/fontspec.sty
(/usr/share/texlive/texmf-dist/tex/latex/fontspec/fontspec-xetex.sty
(/usr/share/texlive/texmf-dist/tex/latex/base/fontenc.sty
(/usr/share/texlive/texmf-dist/tex/latex/base/tuenc.def))
(/usr/share/texlive/texmf-dist/tex/latex/fontspec/fontspec.cfg)))
(/usr/share/texlive/texmf-dist/tex/xelatex/xecjk/xunicode-addon.sty
(/usr/share/texlive/texmf-dist/tex/xelatex/xunicode/xunicode.sty
(/usr/share/texmf/tex/latex/tipa/t3enc.def)
(/usr/share/texlive/texmf-dist/tex/latex/graphics/graphicx.sty
(/usr/share/texlive/texmf-dist/tex/latex/graphics/graphics.sty
(/usr/share/texlive/texmf-dist/tex/latex/graphics/trig.sty)
(/usr/share/texlive/texmf-dist/tex/latex/graphics-cfg/graphics.cfg)
(/usr/share/texlive/texmf-dist/tex/latex/graphics-def/xetex.def)))))
(/usr/share/texlive/texmf-dist/tex/xelatex/xunicode/xunicode.sty
*** Reloading Xunicode for encoding 'TU' ***
) (/usr/share/texlive/texmf-dist/tex/xelatex/xecjk/xunicode-extra.def)
(/usr/share/texlive/texmf-dist/tex/xelatex/xecjk/xeCJK.cfg))
(/usr/share/texlive/texmf-dist/tex/latex/geometry/geometry.sty
(/usr/share/texlive/texmf-dist/tex/generic/oberdiek/ifvtex.sty)
(/usr/share/texlive/texmf-dist/tex/generic/ifxetex/ifxetex.sty))
(/usr/share/texlive/texmf-dist/tex/latex/titlesec/titlesec.sty)
(/usr/share/texlive/texmf-dist/tex/latex/amsmath/amsmath.sty
For additional information on amsmath, use the `?' option.
(/usr/share/texlive/texmf-dist/tex/latex/amsmath/amstext.sty
(/usr/share/texlive/texmf-dist/tex/latex/amsmath/amsgen.sty))
(/usr/share/texlive/texmf-dist/tex/latex/amsmath/amsbsy.sty)
(/usr/share/texlive/texmf-dist/tex/latex/amsmath/amsopn.sty))
(/usr/share/texlive/texmf-dist/tex/latex/amsfonts/amsfonts.sty)
(/usr/share/texlive/texmf-dist/tex/latex/ms/ragged2e.sty
(/usr/share/texlive/texmf-dist/tex/latex/ms/everysel.sty))
(/usr/share/texlive/texmf-dist/tex/latex/tools/multicol.sty)
(/usr/share/texlive/texmf-dist/tex/latex/fancyhdr/fancyhdr.sty)
(/usr/share/texlive/texmf-dist/tex/latex/emptypage/emptypage.sty)
(/usr/share/texlive/texmf-dist/tex/latex/enumitem/enumitem.sty)
(/usr/share/texlive/texmf-dist/tex/latex/pdfpages/pdfpages.sty
(/usr/share/texlive/texmf-dist/tex/latex/eso-pic/eso-pic.sty
(/usr/share/texlive/texmf-dist/tex/generic/oberdiek/atbegshi.sty)
(/usr/share/texlive/texmf-dist/tex/latex/xcolor/xcolor.sty
(/usr/share/texlive/texmf-dist/tex/latex/graphics-cfg/color.cfg)))
(/usr/share/texlive/texmf-dist/tex/latex/pdfpages/ppxetex.def))
(/usr/share/texlive/texmf-dist/tex/latex/tocloft/tocloft.sty)
(/usr/share/texlive/texmf-dist/tex/latex/lipsum/lipsum.sty)
(/usr/share/texlive/texmf-dist/tex/latex/xpatch/xpatch.sty)
(/usr/share/texlive/texmf-dist/tex/latex/mdframed/mdframed.sty
(/usr/share/texlive/texmf-dist/tex/latex/oberdiek/zref-abspage.sty
(/usr/share/texlive/texmf-dist/tex/latex/oberdiek/zref-base.sty
(/usr/share/texlive/texmf-dist/tex/generic/oberdiek/kvdefinekeys.sty)
(/usr/share/texlive/texmf-dist/tex/latex/oberdiek/auxhook.sty)))
(/usr/share/texlive/texmf-dist/tex/latex/needspace/needspace.sty)
(/usr/share/texlive/texmf-dist/tex/latex/mdframed/md-frame-0.mdf))/usr/bin/pygmentize

*************************************************
* xeCJK warning: "fandol"
* 
* Fandol is being set as the default font for CJK text.
* Please make sure it has been properly installed.
*************************************************
*************************************************
* fontspec warning: "script-not-exist"
* 
* Font 'FandolSong-Regular' does not contain script 'CJK'.
*************************************************
(./source.aux) (/usr/share/texlive/texmf-dist/tex/latex/base/ts1cmr.fd)
(/usr/share/texmf/tex/latex/tipa/t3cmr.fd)
*geometry* driver: auto-detecting
*geometry* detected driver: xetex
ABD: EverySelectfont initializing macros
(/usr/share/texlive/texmf-dist/tex/latex/oberdiek/pdflscape.sty
(/usr/share/texlive/texmf-dist/tex/latex/graphics/lscape.sty)) [1]
(./source.toc (/usr/share/texlive/texmf-dist/tex/latex/amsfonts/umsa.fd)
(/usr/share/texlive/texmf-dist/tex/latex/amsfonts/umsb.fd))
Chapter 1.
(./graph_theory.tex (./source.out.pyg) (./source.out.pyg) (./source.out.pyg
*************************************************
* fontspec warning: "script-not-exist"
* 
* Font 'FandolFang-Regular' does not contain script 'CJK'.
*************************************************
*************************************************
* fontspec warning: "script-not-exist"
* 
* Font 'FandolHei-Regular' does not contain script 'CJK'.
*************************************************
[1]) (./source.out.pyg) (./source.out.pyg) (./source.out.pyg) (./source.out.pyg
 [2] [3]) (./source.out.pyg) (./source.out.pyg [4]) (./source.out.pyg)
(./source.out.pyg) (./source.out.pyg [5]) (./source.out.pyg) (./source.out.pyg
[6]) (./source.out.pyg) (./source.out.pyg [7]) (./source.out.pyg) [8This is XeTeX, Version 3.14159265-2.6-0.99998 (TeX Live 2017/Debian) (preloaded format=xelatex)
 \write18 enabled.
entering extended mode
(./source.tex
LaTeX2e <2017-04-15>
Babel <3.18> and hyphenation patterns for 28 language(s) loaded.
(/usr/share/texlive/texmf-dist/tex/latex/base/book.cls
Document Class: book 2014/09/29 v1.4h Standard LaTeX document class
(/usr/share/texlive/texmf-dist/tex/latex/base/bk10.clo))
(/usr/share/texlive/texmf-dist/tex/latex/minted/minted.sty
(/usr/share/texlive/texmf-dist/tex/latex/graphics/keyval.sty)
(/usr/share/texlive/texmf-dist/tex/latex/oberdiek/kvoptions.sty
(/usr/share/texlive/texmf-dist/tex/generic/oberdiek/ltxcmds.sty)
(/usr/share/texlive/texmf-dist/tex/generic/oberdiek/kvsetkeys.sty
(/usr/share/texlive/texmf-dist/tex/generic/oberdiek/infwarerr.sty)
(/usr/share/texlive/texmf-dist/tex/generic/oberdiek/etexcmds.sty
(/usr/share/texlive/texmf-dist/tex/generic/oberdiek/ifluatex.sty))))
(/usr/share/texlive/texmf-dist/tex/latex/fvextra/fvextra.sty
(/usr/share/texlive/texmf-dist/tex/latex/base/ifthen.sty)
(/usr/share/texlive/texmf-dist/tex/latex/etoolbox/etoolbox.sty)
(/usr/share/texlive/texmf-dist/tex/latex/fancyvrb/fancyvrb.sty
Style option: `fancyvrb' v2.7a, with DG/SPQR fixes, and firstline=lastline fix 
<2008/02/07> (tvz))
(/usr/share/texlive/texmf-dist/tex/latex/upquote/upquote.sty
(/usr/share/texlive/texmf-dist/tex/latex/base/textcomp.sty
(/usr/share/texlive/texmf-dist/tex/latex/base/ts1enc.def)))
(/usr/share/texlive/texmf-dist/tex/latex/lineno/lineno.sty))
(/usr/share/texlive/texmf-dist/tex/latex/tools/calc.sty)
(/usr/share/texlive/texmf-dist/tex/latex/tools/shellesc.sty)
(/usr/share/texlive/texmf-dist/tex/latex/ifplatform/ifplatform.sty
(/usr/share/texlive/texmf-dist/tex/generic/oberdiek/pdftexcmds.sty
(/usr/share/texlive/texmf-dist/tex/generic/oberdiek/ifpdf.sty))
(/usr/share/texlive/texmf-dist/tex/generic/oberdiek/catchfile.sty)
(./source.w18)) (/usr/share/texlive/texmf-dist/tex/generic/xstring/xstring.sty
(/usr/share/texlive/texmf-dist/tex/generic/xstring/xstring.tex))
(/usr/share/texlive/texmf-dist/tex/latex/framed/framed.sty)
(/usr/share/texlive/texmf-dist/tex/latex/float/float.sty))
(/usr/share/texlive/texmf-dist/tex/xelatex/xecjk/xeCJK.sty
(/usr/share/texlive/texmf-dist/tex/latex/l3kernel/expl3.sty
(/usr/share/texlive/texmf-dist/tex/latex/l3kernel/expl3-code.tex)
(/usr/share/texlive/texmf-dist/tex/latex/l3kernel/l3xdvipdfmx.def))
(/usr/share/texlive/texmf-dist/tex/latex/l3packages/xtemplate/xtemplate.sty)
(/usr/share/texlive/texmf-dist/tex/latex/l3packages/xparse/xparse.sty)
(/usr/share/texlive/texmf-dist/tex/latex/l3packages/l3keys2e/l3keys2e.sty)
(/usr/share/texlive/texmf-dist/tex/latex/fontspec/fontspec.sty
(/usr/share/texlive/texmf-dist/tex/latex/fontspec/fontspec-xetex.sty
(/usr/share/texlive/texmf-dist/tex/latex/base/fontenc.sty
(/usr/share/texlive/texmf-dist/tex/latex/base/tuenc.def))
(/usr/share/texlive/texmf-dist/tex/latex/fontspec/fontspec.cfg)))
(/usr/share/texlive/texmf-dist/tex/xelatex/xecjk/xunicode-addon.sty
(/usr/share/texlive/texmf-dist/tex/xelatex/xunicode/xunicode.sty
(/usr/share/texmf/tex/latex/tipa/t3enc.def)
(/usr/share/texlive/texmf-dist/tex/latex/graphics/graphicx.sty
(/usr/share/texlive/texmf-dist/tex/latex/graphics/graphics.sty
(/usr/share/texlive/texmf-dist/tex/latex/graphics/trig.sty)
(/usr/share/texlive/texmf-dist/tex/latex/graphics-cfg/graphics.cfg)
(/usr/share/texlive/texmf-dist/tex/latex/graphics-def/xetex.def)))))
(/usr/share/texlive/texmf-dist/tex/xelatex/xunicode/xunicode.sty
*** Reloading Xunicode for encoding 'TU' ***
) (/usr/share/texlive/texmf-dist/tex/xelatex/xecjk/xunicode-extra.def)
(/usr/share/texlive/texmf-dist/tex/xelatex/xecjk/xeCJK.cfg))
(/usr/share/texlive/texmf-dist/tex/latex/geometry/geometry.sty
(/usr/share/texlive/texmf-dist/tex/generic/oberdiek/ifvtex.sty)
(/usr/share/texlive/texmf-dist/tex/generic/ifxetex/ifxetex.sty))
(/usr/share/texlive/texmf-dist/tex/latex/titlesec/titlesec.sty)
(/usr/share/texlive/texmf-dist/tex/latex/amsmath/amsmath.sty
For additional information on amsmath, use the `?' option.
(/usr/share/texlive/texmf-dist/tex/latex/amsmath/amstext.sty
(/usr/share/texlive/texmf-dist/tex/latex/amsmath/amsgen.sty))
(/usr/share/texlive/texmf-dist/tex/latex/amsmath/amsbsy.sty)
(/usr/share/texlive/texmf-dist/tex/latex/amsmath/amsopn.sty))
(/usr/share/texlive/texmf-dist/tex/latex/amsfonts/amsfonts.sty)
(/usr/share/texlive/texmf-dist/tex/latex/ms/ragged2e.sty
(/usr/share/texlive/texmf-dist/tex/latex/ms/everysel.sty))
(/usr/share/texlive/texmf-dist/tex/latex/tools/multicol.sty)
(/usr/share/texlive/texmf-dist/tex/latex/fancyhdr/fancyhdr.sty)
(/usr/share/texlive/texmf-dist/tex/latex/emptypage/emptypage.sty)
(/usr/share/texlive/texmf-dist/tex/latex/enumitem/enumitem.sty)
(/usr/share/texlive/texmf-dist/tex/latex/pdfpages/pdfpages.sty
(/usr/share/texlive/texmf-dist/tex/latex/eso-pic/eso-pic.sty
(/usr/share/texlive/texmf-dist/tex/generic/oberdiek/atbegshi.sty)
(/usr/share/texlive/texmf-dist/tex/latex/xcolor/xcolor.sty
(/usr/share/texlive/texmf-dist/tex/latex/graphics-cfg/color.cfg)))
(/usr/share/texlive/texmf-dist/tex/latex/pdfpages/ppxetex.def))
(/usr/share/texlive/texmf-dist/tex/latex/tocloft/tocloft.sty)
(/usr/share/texlive/texmf-dist/tex/latex/lipsum/lipsum.sty)
(/usr/share/texlive/texmf-dist/tex/latex/xpatch/xpatch.sty)
(/usr/share/texlive/texmf-dist/tex/latex/mdframed/mdframed.sty
(/usr/share/texlive/texmf-dist/tex/latex/oberdiek/zref-abspage.sty
(/usr/share/texlive/texmf-dist/tex/latex/oberdiek/zref-base.sty
(/usr/share/texlive/texmf-dist/tex/generic/oberdiek/kvdefinekeys.sty)
(/usr/share/texlive/texmf-dist/tex/latex/oberdiek/auxhook.sty)))
(/usr/share/texlive/texmf-dist/tex/latex/needspace/needspace.sty)
(/usr/share/texlive/texmf-dist/tex/latex/mdframed/md-frame-0.mdf))/usr/bin/pygmentize

*************************************************
* xeCJK warning: "fandol"
* 
* Fandol is being set as the default font for CJK text.
* Please make sure it has been properly installed.
*************************************************
*************************************************
* fontspec warning: "script-not-exist"
* 
* Font 'FandolSong-Regular' does not contain script 'CJK'.
*************************************************
(./source.aux)
Runaway argument?
{\contentsline {section}{\numberline {1.12}虚树\ \relax \fontsize {\ETC.
! File ended while scanning use of \@writefile.
<inserted text> 
                \par 
l.94 \begin{document}
                     
(/usr/share/texlive/texmf-dist/tex/latex/base/ts1cmr.fd)
(/usr/share/texmf/tex/latex/tipa/t3cmr.fd)
*geometry* driver: auto-detecting
*geometry* detected driver: xetex
ABD: EverySelectfont initializing macros
(/usr/share/texlive/texmf-dist/tex/latex/oberdiek/pdflscape.sty
(/usr/share/texlive/texmf-dist/tex/latex/graphics/lscape.sty)) [1]
(./source.toc)
Chapter 1.
(./graph_theory.tex (./source.out.pyg) (./source.out.pyg) (./source.out.pyg
*************************************************
* fontspec warning: "script-not-exist"
* 
* Font 'FandolFang-Regular' does not contain script 'CJK'.
*************************************************
*************************************************
* fontspec warning: "script-not-exist"
* 
* Font 'FandolHei-Regular' does not contain script 'CJK'.
*************************************************
(/usr/share/texlive/texmf-dist/tex/latex/amsfonts/umsa.fd)
(/usr/share/texlive/texmf-dist/tex/latex/amsfonts/umsb.fd)) (./source.out.pyg)
(./source.out.pyg) (./source.out.pyg) (./source.out.pyg [1] [2])
(./source.out.pyg [3]) (./source.out.pyg) (./source.out.pyg) (./source.out.pyg
[4]) (./source.out.pyg) (./source.out.pyg [5]) (./source.out.pyg)
(./source.out.pyg [6]) (./source.out.pyg) (./source.out.pyg [7])
(./source.out.pyg [8]) (./source.out.pyg) (./source.out.pyg) (./source.out.pyg)
 [9] [10])
Chapter 2.
(./math.tex (./source.out.pyg) (./source.out.pyg) (./source.out.pyg)
(./source.out.pyg) (./source.out.pyg) (./source.out.pyg [11]) (./source.out.pyg

Overfull \hbox (12.96217pt too wide) in paragraph at lines 20--1
[][] 
) (./source.out.pyg) (./source.out.pyg [12]) (./source.out.pyg)
(./source.out.pyg [13]) (./source.out.pyg) (./source.out.pyg) (./source.out.pyg
 [14]) (./source.out.pyg) (./source.out.pyg [15]) (./source.out.pyg)
(./source.out.pyg) (./source.out.pyg [16])

Package amsmath Warning: Foreign command \atopwithdelims;
(amsmath)                \frac or \genfrac should be used instead
(amsmath)                 on input line 113.

[17]
Overfull \hbox (8.09122pt too wide) in paragraph at lines 181--191
[]$\OML/cmm/m/it/10 ^^V\OT1/cmr/m/n/10 (\OML/cmm/m/it/10 n\OT1/cmr/m/n/10 ) = [
]$ 
)
Chapter 3.
(./geometry.tex (./source.out.pyg [18]) (./source.out.pyg) (./source.out.pyg
[19]) (./source.out.pyg) (./source.out.pyg) (./source.out.pyg [20])
(./source.out.pyg [21]) (./source.out.pyg [22]
Overfull \hbox (24.34332pt too wide) in paragraph at lines 148--148
\TU/lmtt/m/n/9 .sqrlen([] 

Overfull \hbox (5.4433pt too wide) in paragraph at lines 148--148
\TU/lmtt/m/n/9 ))))[] 
) (./source.out.pyg [23]) (./source.out.pyg [24]) (./source.out.pyg)
(./source.out.pyg [25]) (./source.out.pyg)
Underfull \hbox (badness 5893) in paragraph at lines 56--102
\TU/FandolSong-Regular(0)/m/n/10 内 切 圆 半 径 $\OML/cmm/m/it/10 r \OT1/cmr/m/n/10 
= [] = 4\OML/cmm/m/it/10 R [] [] [] [] [] [] \OT1/cmr/m/n/10 =
[26])
Chapter 4.
(./string.tex (./source.out.pyg) (./source.out.pyg) (./source.out.pyg [27])
(./source.out.pyg) (./source.out.pyg) (./source.out.pyg [28]) (./source.out.pyg
))
Chapter 5.
(./data_structure.tex (./source.out.pyg) (./source.out.pyg [29])
(./source.out.pyg) (./source.out.pyg) (./source.out.pyg [30]) [31]
(./source.out.pyg) (./source.out.pyg) (./source.out.pyg [32]) (./source.out.pyg

Overfull \hbox (127.57338pt too wide) in paragraph at lines 3--3
\TU/lmtt/m/n/9 dep[maxn],fa[maxn],son[maxn],dfn[maxn],timer,pos[maxn],size[maxn
],n,top[maxn];|  
[33]) (./source.out.pyg) (./source.out.pyg [34]) (./source.out.pyg [35]))
Chapter 6.
(./others.tex (./source.out.pyg) (./source.out.pyg) (./source.out.pyg)
(./source.out.pyg) (./source.out.pyg) (./source.out.pyg) (./source.out.pyg)
(./source.out.pyg) [36] (./Others/integral-table.tex

Package amsmath Warning: Cannot use `split' here;
(amsmath)                trying to recover with `aligned' on input line 188.


Package amsmath Warning: Cannot use `split' here;
(amsmath)                trying to recover with `aligned' on input line 188.

[37])) [38] (./source.aux)

LaTeX Warning: Label(s) may have changed. Rerun to get cross-references right.

 )
(see the transcript file for additional information)
Output written on source.pdf (39 pages).
Transcript written on source.log.
This is XeTeX, Version 3.14159265-2.6-0.99998 (TeX Live 2017/Debian) (preloaded format=xelatex)
 \write18 enabled.
entering extended mode
(./source.tex
LaTeX2e <2017-04-15>
Babel <3.18> and hyphenation patterns for 28 language(s) loaded.
(/usr/share/texlive/texmf-dist/tex/latex/base/book.cls
Document Class: book 2014/09/29 v1.4h Standard LaTeX document class
(/usr/share/texlive/texmf-dist/tex/latex/base/bk10.clo))
(/usr/share/texlive/texmf-dist/tex/latex/minted/minted.sty
(/usr/share/texlive/texmf-dist/tex/latex/graphics/keyval.sty)
(/usr/share/texlive/texmf-dist/tex/latex/oberdiek/kvoptions.sty
(/usr/share/texlive/texmf-dist/tex/generic/oberdiek/ltxcmds.sty)
(/usr/share/texlive/texmf-dist/tex/generic/oberdiek/kvsetkeys.sty
(/usr/share/texlive/texmf-dist/tex/generic/oberdiek/infwarerr.sty)
(/usr/share/texlive/texmf-dist/tex/generic/oberdiek/etexcmds.sty
(/usr/share/texlive/texmf-dist/tex/generic/oberdiek/ifluatex.sty))))
(/usr/share/texlive/texmf-dist/tex/latex/fvextra/fvextra.sty
(/usr/share/texlive/texmf-dist/tex/latex/base/ifthen.sty)
(/usr/share/texlive/texmf-dist/tex/latex/etoolbox/etoolbox.sty)
(/usr/share/texlive/texmf-dist/tex/latex/fancyvrb/fancyvrb.sty
Style option: `fancyvrb' v2.7a, with DG/SPQR fixes, and firstline=lastline fix 
<2008/02/07> (tvz))
(/usr/share/texlive/texmf-dist/tex/latex/upquote/upquote.sty
(/usr/share/texlive/texmf-dist/tex/latex/base/textcomp.sty
(/usr/share/texlive/texmf-dist/tex/latex/base/ts1enc.def)))
(/usr/share/texlive/texmf-dist/tex/latex/lineno/lineno.sty))
(/usr/share/texlive/texmf-dist/tex/latex/tools/calc.sty)
(/usr/share/texlive/texmf-dist/tex/latex/tools/shellesc.sty)
(/usr/share/texlive/texmf-dist/tex/latex/ifplatform/ifplatform.sty
(/usr/share/texlive/texmf-dist/tex/generic/oberdiek/pdftexcmds.sty
(/usr/share/texlive/texmf-dist/tex/generic/oberdiek/ifpdf.sty))
(/usr/share/texlive/texmf-dist/tex/generic/oberdiek/catchfile.sty)
(./source.w18)) (/usr/share/texlive/texmf-dist/tex/generic/xstring/xstring.sty
(/usr/share/texlive/texmf-dist/tex/generic/xstring/xstring.tex))
(/usr/share/texlive/texmf-dist/tex/latex/framed/framed.sty)
(/usr/share/texlive/texmf-dist/tex/latex/float/float.sty))
(/usr/share/texlive/texmf-dist/tex/xelatex/xecjk/xeCJK.sty
(/usr/share/texlive/texmf-dist/tex/latex/l3kernel/expl3.sty
(/usr/share/texlive/texmf-dist/tex/latex/l3kernel/expl3-code.tex)
(/usr/share/texlive/texmf-dist/tex/latex/l3kernel/l3xdvipdfmx.def))
(/usr/share/texlive/texmf-dist/tex/latex/l3packages/xtemplate/xtemplate.sty)
(/usr/share/texlive/texmf-dist/tex/latex/l3packages/xparse/xparse.sty)
(/usr/share/texlive/texmf-dist/tex/latex/l3packages/l3keys2e/l3keys2e.sty)
(/usr/share/texlive/texmf-dist/tex/latex/fontspec/fontspec.sty
(/usr/share/texlive/texmf-dist/tex/latex/fontspec/fontspec-xetex.sty
(/usr/share/texlive/texmf-dist/tex/latex/base/fontenc.sty
(/usr/share/texlive/texmf-dist/tex/latex/base/tuenc.def))
(/usr/share/texlive/texmf-dist/tex/latex/fontspec/fontspec.cfg)))
(/usr/share/texlive/texmf-dist/tex/xelatex/xecjk/xunicode-addon.sty
(/usr/share/texlive/texmf-dist/tex/xelatex/xunicode/xunicode.sty
(/usr/share/texmf/tex/latex/tipa/t3enc.def)
(/usr/share/texlive/texmf-dist/tex/latex/graphics/graphicx.sty
(/usr/share/texlive/texmf-dist/tex/latex/graphics/graphics.sty
(/usr/share/texlive/texmf-dist/tex/latex/graphics/trig.sty)
(/usr/share/texlive/texmf-dist/tex/latex/graphics-cfg/graphics.cfg)
(/usr/share/texlive/texmf-dist/tex/latex/graphics-def/xetex.def)))))
(/usr/share/texlive/texmf-dist/tex/xelatex/xunicode/xunicode.sty
*** Reloading Xunicode for encoding 'TU' ***
) (/usr/share/texlive/texmf-dist/tex/xelatex/xecjk/xunicode-extra.def)
(/usr/share/texlive/texmf-dist/tex/xelatex/xecjk/xeCJK.cfg))
(/usr/share/texlive/texmf-dist/tex/latex/geometry/geometry.sty
(/usr/share/texlive/texmf-dist/tex/generic/oberdiek/ifvtex.sty)
(/usr/share/texlive/texmf-dist/tex/generic/ifxetex/ifxetex.sty))
(/usr/share/texlive/texmf-dist/tex/latex/titlesec/titlesec.sty)
(/usr/share/texlive/texmf-dist/tex/latex/amsmath/amsmath.sty
For additional information on amsmath, use the `?' option.
(/usr/share/texlive/texmf-dist/tex/latex/amsmath/amstext.sty
(/usr/share/texlive/texmf-dist/tex/latex/amsmath/amsgen.sty))
(/usr/share/texlive/texmf-dist/tex/latex/amsmath/amsbsy.sty)
(/usr/share/texlive/texmf-dist/tex/latex/amsmath/amsopn.sty))
(/usr/share/texlive/texmf-dist/tex/latex/amsfonts/amsfonts.sty)
(/usr/share/texlive/texmf-dist/tex/latex/ms/ragged2e.sty
(/usr/share/texlive/texmf-dist/tex/latex/ms/everysel.sty))
(/usr/share/texlive/texmf-dist/tex/latex/tools/multicol.sty)
(/usr/share/texlive/texmf-dist/tex/latex/fancyhdr/fancyhdr.sty)
(/usr/share/texlive/texmf-dist/tex/latex/emptypage/emptypage.sty)
(/usr/share/texlive/texmf-dist/tex/latex/enumitem/enumitem.sty)
(/usr/share/texlive/texmf-dist/tex/latex/pdfpages/pdfpages.sty
(/usr/share/texlive/texmf-dist/tex/latex/eso-pic/eso-pic.sty
(/usr/share/texlive/texmf-dist/tex/generic/oberdiek/atbegshi.sty)
(/usr/share/texlive/texmf-dist/tex/latex/xcolor/xcolor.sty
(/usr/share/texlive/texmf-dist/tex/latex/graphics-cfg/color.cfg)))
(/usr/share/texlive/texmf-dist/tex/latex/pdfpages/ppxetex.def))
(/usr/share/texlive/texmf-dist/tex/latex/tocloft/tocloft.sty)
(/usr/share/texlive/texmf-dist/tex/latex/lipsum/lipsum.sty)
(/usr/share/texlive/texmf-dist/tex/latex/xpatch/xpatch.sty)
(/usr/share/texlive/texmf-dist/tex/latex/mdframed/mdframed.sty
(/usr/share/texlive/texmf-dist/tex/latex/oberdiek/zref-abspage.sty
(/usr/share/texlive/texmf-dist/tex/latex/oberdiek/zref-base.sty
(/usr/share/texlive/texmf-dist/tex/generic/oberdiek/kvdefinekeys.sty)
(/usr/share/texlive/texmf-dist/tex/latex/oberdiek/auxhook.sty)))
(/usr/share/texlive/texmf-dist/tex/latex/needspace/needspace.sty)
(/usr/share/texlive/texmf-dist/tex/latex/mdframed/md-frame-0.mdf))/usr/bin/pygmentize

*************************************************
* xeCJK warning: "fandol"
* 
* Fandol is being set as the default font for CJK text.
* Please make sure it has been properly installed.
*************************************************
*************************************************
* fontspec warning: "script-not-exist"
* 
* Font 'FandolSong-Regular' does not contain script 'CJK'.
*************************************************
(./source.aux) (/usr/share/texlive/texmf-dist/tex/latex/base/ts1cmr.fd)
(/usr/share/texmf/tex/latex/tipa/t3cmr.fd)
*geometry* driver: auto-detecting
*geometry* detected driver: xetex
ABD: EverySelectfont initializing macros
(/usr/share/texlive/texmf-dist/tex/latex/oberdiek/pdflscape.sty
(/usr/share/texlive/texmf-dist/tex/latex/graphics/lscape.sty)) [1]
(./source.toc (/usr/share/texlive/texmf-dist/tex/latex/amsfonts/umsa.fd)
(/usr/share/texlive/texmf-dist/tex/latex/amsfonts/umsb.fd))
Chapter 1.
(./graph_theory.tex (./source.out.pyg) (./source.out.pyg) (./source.out.pyg
*************************************************
* fontspec warning: "script-not-exist"
* 
* Font 'FandolFang-Regular' does not contain script 'CJK'.
*************************************************
*************************************************
* fontspec warning: "script-not-exist"
* 
* Font 'FandolHei-Regular' does not contain script 'CJK'.
*************************************************
[1]) (./source.out.pyg) (./source.out.pyg) (./source.out.pyg) (./source.out.pyg
 [2] [3]) (./source.out.pyg) (./source.out.pyg [4]) (./source.out.pyg)
(./source.out.pyg) (./source.out.pyg [5]) (./source.out.pyg) (./source.out.pyg
[6]) (./source.out.pyg) (./source.out.pyg [7]) (./source.out.pyg) [8]
(./source.out.pyg) (./source.out.pyg) (./source.out.pyg [9]) (./source.out.pyg)
 [10])
Chapter 2.
(./math.tex (./source.out.pyg) (./source.out.pyg [11]) (./source.out.pyg)
(./source.out.pyg) (./source.out.pyg) (./source.out.pyg) (./source.out.pyg
Overfull \hbox (12.96217pt too wide) in paragraph at lines 20--1
[][] 
[12]) (./source.out.pyg) (./source.out.pyg) (./source.out.pyg [13])
(./source.out.pyg) (./source.out.pyg [14]) (./source.out.pyg) (./source.out.pyg
[15]) (./source.out.pyg) (./source.out.pyg) (./source.out.pyg)
(./source.out.pyg [16]) (./source.out.pyg) [17]

Package amsmath Warning: Foreign command \atopwithdelims;
(amsmath)                \frac or \genfrac should be used instead
(amsmath)                 on input line 113.


Overfull \hbox (8.09122pt too wide) in paragraph at lines 181--191
[]$\OML/cmm/m/it/10 ^^V\OT1/cmr/m/n/10 (\OML/cmm/m/it/10 n\OT1/cmr/m/n/10 ) = [
]$ 
[18])
Chapter 3.
(./geometry.tex (./source.out.pyg) (./source.out.pyg [19]) (./source.out.pyg
[20]) (./source.out.pyg) (./source.out.pyg) (./source.out.pyg)
(./source.out.pyg [21]) (./source.out.pyg [22]
Overfull \hbox (24.34332pt too wide) in paragraph at lines 148--148
\TU/lmtt/m/n/9 .sqrlen([] 

Overfull \hbox (5.4433pt too wide) in paragraph at lines 148--148
\TU/lmtt/m/n/9 ))))[] 
[23]) (./source.out.pyg) (./source.out.pyg [24] [25]) (./source.out.pyg)
(./source.out.pyg [26]) (./source.out.pyg)
Underfull \hbox (badness 5893) in paragraph at lines 56--102
\TU/FandolSong-Regular(0)/m/n/10 内 切 圆 半 径 $\OML/cmm/m/it/10 r \OT1/cmr/m/n/10 
= [] = 4\OML/cmm/m/it/10 R [] [] [] [] [] [] \OT1/cmr/m/n/10 =
[27])
Chapter 4.
(./string.tex (./source.out.pyg) (./source.out.pyg) (./source.out.pyg)
(./source.out.pyg [28]) (./source.out.pyg) (./source.out.pyg) (./source.out.pyg
 [29]))
Chapter 5.
(./data_structure.tex (./source.out.pyg) (./source.out.pyg) (./source.out.pyg)
(./source.out.pyg [30]) (./source.out.pyg [31]) (./source.out.pyg [32])
(./source.out.pyg) (./source.out.pyg) (./source.out.pyg
Overfull \hbox (127.57338pt too wide) in paragraph at lines 3--3
\TU/lmtt/m/n/9 dep[maxn],fa[maxn],son[maxn],dfn[maxn],timer,pos[maxn],size[maxn
],n,top[maxn];|  
[33]) (./source.out.pyg [34]) (./source.out.pyg [35]) (./source.out.pyg))
Chapter 6.
(./others.tex (./source.out.pyg) (./source.out.pyg [36]) (./source.out.pyg)
(./source.out.pyg) (./source.out.pyg) (./source.out.pyg) (./source.out.pyg)
(./source.out.pyg) (./Others/integral-table.tex [37]

Package amsmath Warning: Cannot use `split' here;
(amsmath)                trying to recover with `aligned' on input line 188.


Package amsmath Warning: Cannot use `split' here;
(amsmath)                trying to recover with `aligned' on input line 188.

))
Overfull \vbox (5.6249pt too high) has occurred while \output is active
[38] (./source.aux)

LaTeX Warning: Label(s) may have changed. Rerun to get cross-references right.

 )
(see the transcript file for additional information)
Output written on source.pdf (39 pages).
Transcript written on source.log.
This is XeTeX, Version 3.14159265-2.6-0.99998 (TeX Live 2017/Debian) (preloaded format=xelatex)
 \write18 enabled.
entering extended mode
(./source.tex
LaTeX2e <2017-04-15>
Babel <3.18> and hyphenation patterns for 28 language(s) loaded.
(/usr/share/texlive/texmf-dist/tex/latex/base/book.cls
Document Class: book 2014/09/29 v1.4h Standard LaTeX document class
(/usr/share/texlive/texmf-dist/tex/latex/base/bk10.clo))
(/usr/share/texlive/texmf-dist/tex/latex/minted/minted.sty
(/usr/share/texlive/texmf-dist/tex/latex/graphics/keyval.sty)
(/usr/share/texlive/texmf-dist/tex/latex/oberdiek/kvoptions.sty
(/usr/share/texlive/texmf-dist/tex/generic/oberdiek/ltxcmds.sty)
(/usr/share/texlive/texmf-dist/tex/generic/oberdiek/kvsetkeys.sty
(/usr/share/texlive/texmf-dist/tex/generic/oberdiek/infwarerr.sty)
(/usr/share/texlive/texmf-dist/tex/generic/oberdiek/etexcmds.sty
(/usr/share/texlive/texmf-dist/tex/generic/oberdiek/ifluatex.sty))))
(/usr/share/texlive/texmf-dist/tex/latex/fvextra/fvextra.sty
(/usr/share/texlive/texmf-dist/tex/latex/base/ifthen.sty)
(/usr/share/texlive/texmf-dist/tex/latex/etoolbox/etoolbox.sty)
(/usr/share/texlive/texmf-dist/tex/latex/fancyvrb/fancyvrb.sty
Style option: `fancyvrb' v2.7a, with DG/SPQR fixes, and firstline=lastline fix 
<2008/02/07> (tvz))
(/usr/share/texlive/texmf-dist/tex/latex/upquote/upquote.sty
(/usr/share/texlive/texmf-dist/tex/latex/base/textcomp.sty
(/usr/share/texlive/texmf-dist/tex/latex/base/ts1enc.def)))
(/usr/share/texlive/texmf-dist/tex/latex/lineno/lineno.sty))
(/usr/share/texlive/texmf-dist/tex/latex/tools/calc.sty)
(/usr/share/texlive/texmf-dist/tex/latex/tools/shellesc.sty)
(/usr/share/texlive/texmf-dist/tex/latex/ifplatform/ifplatform.sty
(/usr/share/texlive/texmf-dist/tex/generic/oberdiek/pdftexcmds.sty
(/usr/share/texlive/texmf-dist/tex/generic/oberdiek/ifpdf.sty))
(/usr/share/texlive/texmf-dist/tex/generic/oberdiek/catchfile.sty)
(./source.w18)) (/usr/share/texlive/texmf-dist/tex/generic/xstring/xstring.sty
(/usr/share/texlive/texmf-dist/tex/generic/xstring/xstring.tex))
(/usr/share/texlive/texmf-dist/tex/latex/framed/framed.sty)
(/usr/share/texlive/texmf-dist/tex/latex/float/float.sty))
(/usr/share/texlive/texmf-dist/tex/xelatex/xecjk/xeCJK.sty
(/usr/share/texlive/texmf-dist/tex/latex/l3kernel/expl3.sty
(/usr/share/texlive/texmf-dist/tex/latex/l3kernel/expl3-code.tex)
(/usr/share/texlive/texmf-dist/tex/latex/l3kernel/l3xdvipdfmx.def))
(/usr/share/texlive/texmf-dist/tex/latex/l3packages/xtemplate/xtemplate.sty)
(/usr/share/texlive/texmf-dist/tex/latex/l3packages/xparse/xparse.sty)
(/usr/share/texlive/texmf-dist/tex/latex/l3packages/l3keys2e/l3keys2e.sty)
(/usr/share/texlive/texmf-dist/tex/latex/fontspec/fontspec.sty
(/usr/share/texlive/texmf-dist/tex/latex/fontspec/fontspec-xetex.sty
(/usr/share/texlive/texmf-dist/tex/latex/base/fontenc.sty
(/usr/share/texlive/texmf-dist/tex/latex/base/tuenc.def))
(/usr/share/texlive/texmf-dist/tex/latex/fontspec/fontspec.cfg)))
(/usr/share/texlive/texmf-dist/tex/xelatex/xecjk/xunicode-addon.sty
(/usr/share/texlive/texmf-dist/tex/xelatex/xunicode/xunicode.sty
(/usr/share/texmf/tex/latex/tipa/t3enc.def)
(/usr/share/texlive/texmf-dist/tex/latex/graphics/graphicx.sty
(/usr/share/texlive/texmf-dist/tex/latex/graphics/graphics.sty
(/usr/share/texlive/texmf-dist/tex/latex/graphics/trig.sty)
(/usr/share/texlive/texmf-dist/tex/latex/graphics-cfg/graphics.cfg)
(/usr/share/texlive/texmf-dist/tex/latex/graphics-def/xetex.def)))))
(/usr/share/texlive/texmf-dist/tex/xelatex/xunicode/xunicode.sty
*** Reloading Xunicode for encoding 'TU' ***
) (/usr/share/texlive/texmf-dist/tex/xelatex/xecjk/xunicode-extra.def)
(/usr/share/texlive/texmf-dist/tex/xelatex/xecjk/xeCJK.cfg))
(/usr/share/texlive/texmf-dist/tex/latex/geometry/geometry.sty
(/usr/share/texlive/texmf-dist/tex/generic/oberdiek/ifvtex.sty)
(/usr/share/texlive/texmf-dist/tex/generic/ifxetex/ifxetex.sty))
(/usr/share/texlive/texmf-dist/tex/latex/titlesec/titlesec.sty)
(/usr/share/texlive/texmf-dist/tex/latex/amsmath/amsmath.sty
For additional information on amsmath, use the `?' option.
(/usr/share/texlive/texmf-dist/tex/latex/amsmath/amstext.sty
(/usr/share/texlive/texmf-dist/tex/latex/amsmath/amsgen.sty))
(/usr/share/texlive/texmf-dist/tex/latex/amsmath/amsbsy.sty)
(/usr/share/texlive/texmf-dist/tex/latex/amsmath/amsopn.sty))
(/usr/share/texlive/texmf-dist/tex/latex/amsfonts/amsfonts.sty)
(/usr/share/texlive/texmf-dist/tex/latex/ms/ragged2e.sty
(/usr/share/texlive/texmf-dist/tex/latex/ms/everysel.sty))
(/usr/share/texlive/texmf-dist/tex/latex/tools/multicol.sty)
(/usr/share/texlive/texmf-dist/tex/latex/fancyhdr/fancyhdr.sty)
(/usr/share/texlive/texmf-dist/tex/latex/emptypage/emptypage.sty)
(/usr/share/texlive/texmf-dist/tex/latex/enumitem/enumitem.sty)
(/usr/share/texlive/texmf-dist/tex/latex/pdfpages/pdfpages.sty
(/usr/share/texlive/texmf-dist/tex/latex/eso-pic/eso-pic.sty
(/usr/share/texlive/texmf-dist/tex/generic/oberdiek/atbegshi.sty)
(/usr/share/texlive/texmf-dist/tex/latex/xcolor/xcolor.sty
(/usr/share/texlive/texmf-dist/tex/latex/graphics-cfg/color.cfg)))
(/usr/share/texlive/texmf-dist/tex/latex/pdfpages/ppxetex.def))
(/usr/share/texlive/texmf-dist/tex/latex/tocloft/tocloft.sty)
(/usr/share/texlive/texmf-dist/tex/latex/lipsum/lipsum.sty)
(/usr/share/texlive/texmf-dist/tex/latex/xpatch/xpatch.sty)
(/usr/share/texlive/texmf-dist/tex/latex/mdframed/mdframed.sty
(/usr/share/texlive/texmf-dist/tex/latex/oberdiek/zref-abspage.sty
(/usr/share/texlive/texmf-dist/tex/latex/oberdiek/zref-base.sty
(/usr/share/texlive/texmf-dist/tex/generic/oberdiek/kvdefinekeys.sty)
(/usr/share/texlive/texmf-dist/tex/latex/oberdiek/auxhook.sty)))
(/usr/share/texlive/texmf-dist/tex/latex/needspace/needspace.sty)
(/usr/share/texlive/texmf-dist/tex/latex/mdframed/md-frame-0.mdf))/usr/bin/pygmentize

*************************************************
* xeCJK warning: "fandol"
* 
* Fandol is being set as the default font for CJK text.
* Please make sure it has been properly installed.
*************************************************
*************************************************
* fontspec warning: "script-not-exist"
* 
* Font 'FandolSong-Regular' does not contain script 'CJK'.
*************************************************
(./source.aux) (/usr/share/texlive/texmf-dist/tex/latex/base/ts1cmr.fd)
(/usr/share/texmf/tex/latex/tipa/t3cmr.fd)
*geometry* driver: auto-detecting
*geometry* detected driver: xetex
ABD: EverySelectfont initializing macros
(/usr/share/texlive/texmf-dist/tex/latex/oberdiek/pdflscape.sty
(/usr/share/texlive/texmf-dist/tex/latex/graphics/lscape.sty)) [1]
(./source.toc (/usr/share/texlive/texmf-dist/tex/latex/amsfonts/umsa.fd)
(/usr/share/texlive/texmf-dist/tex/latex/amsfonts/umsb.fd))
Chapter 1.
(./graph_theory.tex (./source.out.pyg) (./source.out.pyg) (./source.out.pyg
*************************************************
* fontspec warning: "script-not-exist"
* 
* Font 'FandolFang-Regular' does not contain script 'CJK'.
*************************************************
*************************************************
* fontspec warning: "script-not-exist"
* 
* Font 'FandolHei-Regular' does not contain script 'CJK'.
*************************************************
[1]) (./source.out.pyg) (./source.out.pyg) (./source.out.pyg) (./source.out.pyg
 [2] [3]) (./source.out.pyg) (./source.out.pyg [4]) (./source.out.pyg)
(./source.out.pyg) (./source.out.pyg [5]) (./source.out.pyg) (./source.out.pyg
[6]) (./source.out.pyg) (./source.out.pyg [7]) (./source.out.pyg) [8]
(./source.out.pyg) (./source.out.pyg) (./source.out.pyg [9]) (./source.out.pyg)
 [10])
Chapter 2.
(./math.tex (./source.out.pyg) (./source.out.pyg [11]) (./source.out.pyg)
(./source.out.pyg) (./source.out.pyg) (./source.out.pyg) (./source.out.pyg
Overfull \hbox (12.96217pt too wide) in paragraph at lines 20--1
[][] 
[12]) (./source.out.pyg) (./source.out.pyg) (./source.out.pyg [13])
(./source.out.pyg) (./source.out.pyg [14]) (./source.out.pyg) (./source.out.pyg
[15]) (./source.out.pyg) (./source.out.pyg) (./source.out.pyg)
(./source.out.pyg [16]) (./source.out.pyg) [17]

Package amsmath Warning: Foreign command \atopwithdelims;
(amsmath)                \frac or \genfrac should be used instead
(amsmath)                 on input line 113.


Overfull \hbox (8.09122pt too wide) in paragraph at lines 181--191
[]$\OML/cmm/m/it/10 ^^V\OT1/cmr/m/n/10 (\OML/cmm/m/it/10 n\OT1/cmr/m/n/10 ) = [
]$ 
[18])
Chapter 3.
(./geometry.tex (./source.out.pyg) (./source.out.pyg [19]) (./source.out.pyg
[20]) (./source.out.pyg) (./source.out.pyg) (./source.out.pyg)
(./source.out.pyg [21]) (./source.out.pyg [22]
Overfull \hbox (24.34332pt too wide) in paragraph at lines 148--148
\TU/lmtt/m/n/9 .sqrlen([] 

Overfull \hbox (5.4433pt too wide) in paragraph at lines 148--148
\TU/lmtt/m/n/9 ))))[] 
[23]) (./source.out.pyg) (./source.out.pyg [24] [25]) (./source.out.pyg)
(./source.out.pyg [26]) (./source.out.pyg)
Underfull \hbox (badness 5893) in paragraph at lines 56--102
\TU/FandolSong-Regular(0)/m/n/10 内 切 圆 半 径 $\OML/cmm/m/it/10 r \OT1/cmr/m/n/10 
= [] = 4\OML/cmm/m/it/10 R [] [] [] [] [] [] \OT1/cmr/m/n/10 =
[27])
Chapter 4.
(./string.tex (./source.out.pyg) (./source.out.pyg) (./source.out.pyg)
(./source.out.pyg [28]) (./source.out.pyg) (./source.out.pyg) (./source.out.pyg
 [29]))
Chapter 5.
(./data_structure.tex (./source.out.pyg) (./source.out.pyg) (./source.out.pyg)
(./source.out.pyg [30]) (./source.out.pyg [31]) (./source.out.pyg [32])
(./source.out.pyg) (./source.out.pyg) (./source.out.pyg
Overfull \hbox (127.57338pt too wide) in paragraph at lines 3--3
\TU/lmtt/m/n/9 dep[maxn],fa[maxn],son[maxn],dfn[maxn],timer,pos[maxn],size[maxn
],n,top[maxn];|  
[33]) (./source.out.pyg [34]) (./source.out.pyg [35]) (./source.out.pyg))
Chapter 6.
(./others.tex (./source.out.pyg) (./source.out.pyg [36]) (./source.out.pyg)
(./source.out.pyg) (./source.out.pyg) (./source.out.pyg) (./source.out.pyg)
(./source.out.pyg) (./Others/integral-table.tex [37]

Package amsmath Warning: Cannot use `split' here;
(amsmath)                trying to recover with `aligned' on input line 188.


Package amsmath Warning: Cannot use `split' here;
(amsmath)                trying to recover with `aligned' on input line 188.

))
Overfull \vbox (5.6249pt too high) has occurred while \output is active
[38] (./source.aux) )
(see the transcript file for additional information)
Output written on source.pdf (39 pages).
Transcript written on source.log.
This is XeTeX, Version 3.14159265-2.6-0.99998 (TeX Live 2017/Debian) (preloaded format=xelatex)
 \write18 enabled.
entering extended mode
(./source.tex
LaTeX2e <2017-04-15>
Babel <3.18> and hyphenation patterns for 28 language(s) loaded.
(/usr/share/texlive/texmf-dist/tex/latex/base/book.cls
Document Class: book 2014/09/29 v1.4h Standard LaTeX document class
(/usr/share/texlive/texmf-dist/tex/latex/base/bk10.clo))
(/usr/share/texlive/texmf-dist/tex/latex/minted/minted.sty
(/usr/share/texlive/texmf-dist/tex/latex/graphics/keyval.sty)
(/usr/share/texlive/texmf-dist/tex/latex/oberdiek/kvoptions.sty
(/usr/share/texlive/texmf-dist/tex/generic/oberdiek/ltxcmds.sty)
(/usr/share/texlive/texmf-dist/tex/generic/oberdiek/kvsetkeys.sty
(/usr/share/texlive/texmf-dist/tex/generic/oberdiek/infwarerr.sty)
(/usr/share/texlive/texmf-dist/tex/generic/oberdiek/etexcmds.sty
(/usr/share/texlive/texmf-dist/tex/generic/oberdiek/ifluatex.sty))))
(/usr/share/texlive/texmf-dist/tex/latex/fvextra/fvextra.sty
(/usr/share/texlive/texmf-dist/tex/latex/base/ifthen.sty)
(/usr/share/texlive/texmf-dist/tex/latex/etoolbox/etoolbox.sty)
(/usr/share/texlive/texmf-dist/tex/latex/fancyvrb/fancyvrb.sty
Style option: `fancyvrb' v2.7a, with DG/SPQR fixes, and firstline=lastline fix 
<2008/02/07> (tvz))
(/usr/share/texlive/texmf-dist/tex/latex/upquote/upquote.sty
(/usr/share/texlive/texmf-dist/tex/latex/base/textcomp.sty
(/usr/share/texlive/texmf-dist/tex/latex/base/ts1enc.def)))
(/usr/share/texlive/texmf-dist/tex/latex/lineno/lineno.sty))
(/usr/share/texlive/texmf-dist/tex/latex/tools/calc.sty)
(/usr/share/texlive/texmf-dist/tex/latex/tools/shellesc.sty)
(/usr/share/texlive/texmf-dist/tex/latex/ifplatform/ifplatform.sty
(/usr/share/texlive/texmf-dist/tex/generic/oberdiek/pdftexcmds.sty
(/usr/share/texlive/texmf-dist/tex/generic/oberdiek/ifpdf.sty))
(/usr/share/texlive/texmf-dist/tex/generic/oberdiek/catchfile.sty)
(./source.w18)) (/usr/share/texlive/texmf-dist/tex/generic/xstring/xstring.sty
(/usr/share/texlive/texmf-dist/tex/generic/xstring/xstring.tex))
(/usr/share/texlive/texmf-dist/tex/latex/framed/framed.sty)
(/usr/share/texlive/texmf-dist/tex/latex/float/float.sty))
(/usr/share/texlive/texmf-dist/tex/xelatex/xecjk/xeCJK.sty
(/usr/share/texlive/texmf-dist/tex/latex/l3kernel/expl3.sty
(/usr/share/texlive/texmf-dist/tex/latex/l3kernel/expl3-code.tex)
(/usr/share/texlive/texmf-dist/tex/latex/l3kernel/l3xdvipdfmx.def))
(/usr/share/texlive/texmf-dist/tex/latex/l3packages/xtemplate/xtemplate.sty)
(/usr/share/texlive/texmf-dist/tex/latex/l3packages/xparse/xparse.sty)
(/usr/share/texlive/texmf-dist/tex/latex/l3packages/l3keys2e/l3keys2e.sty)
(/usr/share/texlive/texmf-dist/tex/latex/fontspec/fontspec.sty
(/usr/share/texlive/texmf-dist/tex/latex/fontspec/fontspec-xetex.sty
(/usr/share/texlive/texmf-dist/tex/latex/base/fontenc.sty
(/usr/share/texlive/texmf-dist/tex/latex/base/tuenc.def))
(/usr/share/texlive/texmf-dist/tex/latex/fontspec/fontspec.cfg)))
(/usr/share/texlive/texmf-dist/tex/xelatex/xecjk/xunicode-addon.sty
(/usr/share/texlive/texmf-dist/tex/xelatex/xunicode/xunicode.sty
(/usr/share/texmf/tex/latex/tipa/t3enc.def)
(/usr/share/texlive/texmf-dist/tex/latex/graphics/graphicx.sty
(/usr/share/texlive/texmf-dist/tex/latex/graphics/graphics.sty
(/usr/share/texlive/texmf-dist/tex/latex/graphics/trig.sty)
(/usr/share/texlive/texmf-dist/tex/latex/graphics-cfg/graphics.cfg)
(/usr/share/texlive/texmf-dist/tex/latex/graphics-def/xetex.def)))))
(/usr/share/texlive/texmf-dist/tex/xelatex/xunicode/xunicode.sty
*** Reloading Xunicode for encoding 'TU' ***
) (/usr/share/texlive/texmf-dist/tex/xelatex/xecjk/xunicode-extra.def)
(/usr/share/texlive/texmf-dist/tex/xelatex/xecjk/xeCJK.cfg))
(/usr/share/texlive/texmf-dist/tex/latex/geometry/geometry.sty
(/usr/share/texlive/texmf-dist/tex/generic/oberdiek/ifvtex.sty)
(/usr/share/texlive/texmf-dist/tex/generic/ifxetex/ifxetex.sty))
(/usr/share/texlive/texmf-dist/tex/latex/titlesec/titlesec.sty)
(/usr/share/texlive/texmf-dist/tex/latex/amsmath/amsmath.sty
For additional information on amsmath, use the `?' option.
(/usr/share/texlive/texmf-dist/tex/latex/amsmath/amstext.sty
(/usr/share/texlive/texmf-dist/tex/latex/amsmath/amsgen.sty))
(/usr/share/texlive/texmf-dist/tex/latex/amsmath/amsbsy.sty)
(/usr/share/texlive/texmf-dist/tex/latex/amsmath/amsopn.sty))
(/usr/share/texlive/texmf-dist/tex/latex/amsfonts/amsfonts.sty)
(/usr/share/texlive/texmf-dist/tex/latex/ms/ragged2e.sty
(/usr/share/texlive/texmf-dist/tex/latex/ms/everysel.sty))
(/usr/share/texlive/texmf-dist/tex/latex/tools/multicol.sty)
(/usr/share/texlive/texmf-dist/tex/latex/fancyhdr/fancyhdr.sty)
(/usr/share/texlive/texmf-dist/tex/latex/emptypage/emptypage.sty)
(/usr/share/texlive/texmf-dist/tex/latex/enumitem/enumitem.sty)
(/usr/share/texlive/texmf-dist/tex/latex/pdfpages/pdfpages.sty
(/usr/share/texlive/texmf-dist/tex/latex/eso-pic/eso-pic.sty
(/usr/share/texlive/texmf-dist/tex/generic/oberdiek/atbegshi.sty)
(/usr/share/texlive/texmf-dist/tex/latex/xcolor/xcolor.sty
(/usr/share/texlive/texmf-dist/tex/latex/graphics-cfg/color.cfg)))
(/usr/share/texlive/texmf-dist/tex/latex/pdfpages/ppxetex.def))
(/usr/share/texlive/texmf-dist/tex/latex/tocloft/tocloft.sty)
(/usr/share/texlive/texmf-dist/tex/latex/lipsum/lipsum.sty)
(/usr/share/texlive/texmf-dist/tex/latex/xpatch/xpatch.sty)
(/usr/share/texlive/texmf-dist/tex/latex/mdframed/mdframed.sty
(/usr/share/texlive/texmf-dist/tex/latex/oberdiek/zref-abspage.sty
(/usr/share/texlive/texmf-dist/tex/latex/oberdiek/zref-base.sty
(/usr/share/texlive/texmf-dist/tex/generic/oberdiek/kvdefinekeys.sty)
(/usr/share/texlive/texmf-dist/tex/latex/oberdiek/auxhook.sty)))
(/usr/share/texlive/texmf-dist/tex/latex/needspace/needspace.sty)
(/usr/share/texlive/texmf-dist/tex/latex/mdframed/md-frame-0.mdf))/usr/bin/pygmentize

*************************************************
* xeCJK warning: "fandol"
* 
* Fandol is being set as the default font for CJK text.
* Please make sure it has been properly installed.
*************************************************
*************************************************
* fontspec warning: "script-not-exist"
* 
* Font 'FandolSong-Regular' does not contain script 'CJK'.
*************************************************
(./source.aux) (/usr/share/texlive/texmf-dist/tex/latex/base/ts1cmr.fd)
(/usr/share/texmf/tex/latex/tipa/t3cmr.fd)
*geometry* driver: auto-detecting
*geometry* detected driver: xetex
ABD: EverySelectfont initializing macros
(/usr/share/texlive/texmf-dist/tex/latex/oberdiek/pdflscape.sty
(/usr/share/texlive/texmf-dist/tex/latex/graphics/lscape.sty)) [1]
(./source.toc (/usr/share/texlive/texmf-dist/tex/latex/amsfonts/umsa.fd)
(/usr/share/texlive/texmf-dist/tex/latex/amsfonts/umsb.fd))
Chapter 1.
(./graph_theory.tex (./source.out.pyg) (./source.out.pyg) (./source.out.pyg
*************************************************
* fontspec warning: "script-not-exist"
* 
* Font 'FandolFang-Regular' does not contain script 'CJK'.
*************************************************
*************************************************
* fontspec warning: "script-not-exist"
* 
* Font 'FandolHei-Regular' does not contain script 'CJK'.
*************************************************
[1]) (./source.out.pyg) (./source.out.pyg) (./source.out.pyg) (./source.out.pyg
 [2] [3]) (./source.out.pyg) (./source.out.pyg [4]) (./source.out.pyg)
(./source.out.pyg) (./source.out.pyg [5]) (./source.out.pyg) (./source.out.pyg
[6]) (./source.out.pyg) (./source.out.pyg [7]) (./source.out.pyg) [8]
(./source.out.pyg) (./source.out.pyg) (./source.out.pyg [9]) (./source.out.pyg)
 [10])
Chapter 2.
(./math.tex (./source.out.pyg) (./source.out.pyg [11]) (./source.out.pyg)
(./source.out.pyg) (./source.out.pyg) (./source.out.pyg) (./source.out.pyg
Overfull \hbox (12.96217pt too wide) in paragraph at lines 20--1
[][] 
[12]) (./source.out.pyg) (./source.out.pyg) (./source.out.pyg [13])
(./source.out.pyg) (./source.out.pyg [14]) (./source.out.pyg) (./source.out.pyg
[15]) (./source.out.pyg) (./source.out.pyg) (./source.out.pyg)
(./source.out.pyg [16]) (./source.out.pyg) [17]

Package amsmath Warning: Foreign command \atopwithdelims;
(amsmath)                \frac or \genfrac should be used instead
(amsmath)                 on input line 113.


Overfull \hbox (8.09122pt too wide) in paragraph at lines 181--191
[]$\OML/cmm/m/it/10 ^^V\OT1/cmr/m/n/10 (\OML/cmm/m/it/10 n\OT1/cmr/m/n/10 ) = [
]$ 
[18])
Chapter 3.
(./geometry.tex (./source.out.pyg) (./source.out.pyg [19]) (./source.out.pyg
[20]) (./source.out.pyg) (./source.out.pyg) (./source.out.pyg)
(./source.out.pyg [21]) (./source.out.pyg [22]
Overfull \hbox (24.34332pt too wide) in paragraph at lines 148--148
\TU/lmtt/m/n/9 .sqrlen([] 

Overfull \hbox (5.4433pt too wide) in paragraph at lines 148--148
\TU/lmtt/m/n/9 ))))[] 
[23]) (./source.out.pyg) (./source.out.pyg [24] [25]) (./source.out.pyg)
(./source.out.pyg [26]) (./source.out.pyg)
Underfull \hbox (badness 5893) in paragraph at lines 56--102
\TU/FandolSong-Regular(0)/m/n/10 内 切 圆 半 径 $\OML/cmm/m/it/10 r \OT1/cmr/m/n/10 
= [] = 4\OML/cmm/m/it/10 R [] [] [] [] [] [] \OT1/cmr/m/n/10 =
[27])
Chapter 4.
(./string.tex (./source.out.pyg) (./source.out.pyg) (./source.out.pyg)
(./source.out.pyg [28]) (./source.out.pyg) (./source.out.pyg) (./source.out.pyg
 [29]))
Chapter 5.
(./data_structure.tex (./source.out.pyg) (./source.out.pyg) (./source.out.pyg)
(./source.out.pyg [30]) (./source.out.pyg [31]) (./source.out.pyg [32])
(./source.out.pyg) (./source.out.pyg) (./source.out.pyg
Overfull \hbox (127.57338pt too wide) in paragraph at lines 3--3
\TU/lmtt/m/n/9 dep[maxn],fa[maxn],son[maxn],dfn[maxn],timer,pos[maxn],size[maxn
],n,top[maxn];|  
[33]) (./source.out.pyg [34]) (./source.out.pyg [35]) (./source.out.pyg))
Chapter 6.
(./others.tex (./source.out.pyg) (./source.out.pyg [36]) (./source.out.pyg)
(./source.out.pyg) (./source.out.pyg) (./source.out.pyg) (./source.out.pyg)
(./source.out.pyg) (./Others/integral-table.tex [37]

Package amsmath Warning: Cannot use `split' here;
(amsmath)                trying to recover with `aligned' on input line 188.


Package amsmath Warning: Cannot use `split' here;
(amsmath)                trying to recover with `aligned' on input line 188.

))
Overfull \vbox (5.6249pt too high) has occurred while \output is active
[38] (./source.aux) )
(see the transcript file for additional information)
Output written on source.pdf (39 pages).
Transcript written on source.log.
This is XeTeX, Version 3.14159265-2.6-0.99998 (TeX Live 2017/Debian) (preloaded format=xelatex)
 \write18 enabled.
entering extended mode
(./source.tex
LaTeX2e <2017-04-15>
Babel <3.18> and hyphenation patterns for 28 language(s) loaded.
(/usr/share/texlive/texmf-dist/tex/latex/base/book.cls
Document Class: book 2014/09/29 v1.4h Standard LaTeX document class
(/usr/share/texlive/texmf-dist/tex/latex/base/bk10.clo))
(/usr/share/texlive/texmf-dist/tex/latex/minted/minted.sty
(/usr/share/texlive/texmf-dist/tex/latex/graphics/keyval.sty)
(/usr/share/texlive/texmf-dist/tex/latex/oberdiek/kvoptions.sty
(/usr/share/texlive/texmf-dist/tex/generic/oberdiek/ltxcmds.sty)
(/usr/share/texlive/texmf-dist/tex/generic/oberdiek/kvsetkeys.sty
(/usr/share/texlive/texmf-dist/tex/generic/oberdiek/infwarerr.sty)
(/usr/share/texlive/texmf-dist/tex/generic/oberdiek/etexcmds.sty
(/usr/share/texlive/texmf-dist/tex/generic/oberdiek/ifluatex.sty))))
(/usr/share/texlive/texmf-dist/tex/latex/fvextra/fvextra.sty
(/usr/share/texlive/texmf-dist/tex/latex/base/ifthen.sty)
(/usr/share/texlive/texmf-dist/tex/latex/etoolbox/etoolbox.sty)
(/usr/share/texlive/texmf-dist/tex/latex/fancyvrb/fancyvrb.sty
Style option: `fancyvrb' v2.7a, with DG/SPQR fixes, and firstline=lastline fix 
<2008/02/07> (tvz))
(/usr/share/texlive/texmf-dist/tex/latex/upquote/upquote.sty
(/usr/share/texlive/texmf-dist/tex/latex/base/textcomp.sty
(/usr/share/texlive/texmf-dist/tex/latex/base/ts1enc.def)))
(/usr/share/texlive/texmf-dist/tex/latex/lineno/lineno.sty))
(/usr/share/texlive/texmf-dist/tex/latex/tools/calc.sty)
(/usr/share/texlive/texmf-dist/tex/latex/tools/shellesc.sty)
(/usr/share/texlive/texmf-dist/tex/latex/ifplatform/ifplatform.sty
(/usr/share/texlive/texmf-dist/tex/generic/oberdiek/pdftexcmds.sty
(/usr/share/texlive/texmf-dist/tex/generic/oberdiek/ifpdf.sty))
(/usr/share/texlive/texmf-dist/tex/generic/oberdiek/catchfile.sty)
(./source.w18)) (/usr/share/texlive/texmf-dist/tex/generic/xstring/xstring.sty
(/usr/share/texlive/texmf-dist/tex/generic/xstring/xstring.tex))
(/usr/share/texlive/texmf-dist/tex/latex/framed/framed.sty)
(/usr/share/texlive/texmf-dist/tex/latex/float/float.sty))
(/usr/share/texlive/texmf-dist/tex/xelatex/xecjk/xeCJK.sty
(/usr/share/texlive/texmf-dist/tex/latex/l3kernel/expl3.sty
(/usr/share/texlive/texmf-dist/tex/latex/l3kernel/expl3-code.tex)
(/usr/share/texlive/texmf-dist/tex/latex/l3kernel/l3xdvipdfmx.def))
(/usr/share/texlive/texmf-dist/tex/latex/l3packages/xtemplate/xtemplate.sty)
(/usr/share/texlive/texmf-dist/tex/latex/l3packages/xparse/xparse.sty)
(/usr/share/texlive/texmf-dist/tex/latex/l3packages/l3keys2e/l3keys2e.sty)
(/usr/share/texlive/texmf-dist/tex/latex/fontspec/fontspec.sty
(/usr/share/texlive/texmf-dist/tex/latex/fontspec/fontspec-xetex.sty
(/usr/share/texlive/texmf-dist/tex/latex/base/fontenc.sty
(/usr/share/texlive/texmf-dist/tex/latex/base/tuenc.def))
(/usr/share/texlive/texmf-dist/tex/latex/fontspec/fontspec.cfg)))
(/usr/share/texlive/texmf-dist/tex/xelatex/xecjk/xunicode-addon.sty
(/usr/share/texlive/texmf-dist/tex/xelatex/xunicode/xunicode.sty
(/usr/share/texmf/tex/latex/tipa/t3enc.def)
(/usr/share/texlive/texmf-dist/tex/latex/graphics/graphicx.sty
(/usr/share/texlive/texmf-dist/tex/latex/graphics/graphics.sty
(/usr/share/texlive/texmf-dist/tex/latex/graphics/trig.sty)
(/usr/share/texlive/texmf-dist/tex/latex/graphics-cfg/graphics.cfg)
(/usr/share/texlive/texmf-dist/tex/latex/graphics-def/xetex.def)))))
(/usr/share/texlive/texmf-dist/tex/xelatex/xunicode/xunicode.sty
*** Reloading Xunicode for encoding 'TU' ***
) (/usr/share/texlive/texmf-dist/tex/xelatex/xecjk/xunicode-extra.def)
(/usr/share/texlive/texmf-dist/tex/xelatex/xecjk/xeCJK.cfg))
(/usr/share/texlive/texmf-dist/tex/latex/geometry/geometry.sty
(/usr/share/texlive/texmf-dist/tex/generic/oberdiek/ifvtex.sty)
(/usr/share/texlive/texmf-dist/tex/generic/ifxetex/ifxetex.sty))
(/usr/share/texlive/texmf-dist/tex/latex/titlesec/titlesec.sty)
(/usr/share/texlive/texmf-dist/tex/latex/amsmath/amsmath.sty
For additional information on amsmath, use the `?' option.
(/usr/share/texlive/texmf-dist/tex/latex/amsmath/amstext.sty
(/usr/share/texlive/texmf-dist/tex/latex/amsmath/amsgen.sty))
(/usr/share/texlive/texmf-dist/tex/latex/amsmath/amsbsy.sty)
(/usr/share/texlive/texmf-dist/tex/latex/amsmath/amsopn.sty))
(/usr/share/texlive/texmf-dist/tex/latex/amsfonts/amsfonts.sty)
(/usr/share/texlive/texmf-dist/tex/latex/ms/ragged2e.sty
(/usr/share/texlive/texmf-dist/tex/latex/ms/everysel.sty))
(/usr/share/texlive/texmf-dist/tex/latex/tools/multicol.sty)
(/usr/share/texlive/texmf-dist/tex/latex/fancyhdr/fancyhdr.sty)
(/usr/share/texlive/texmf-dist/tex/latex/emptypage/emptypage.sty)
(/usr/share/texlive/texmf-dist/tex/latex/enumitem/enumitem.sty)
(/usr/share/texlive/texmf-dist/tex/latex/pdfpages/pdfpages.sty
(/usr/share/texlive/texmf-dist/tex/latex/eso-pic/eso-pic.sty
(/usr/share/texlive/texmf-dist/tex/generic/oberdiek/atbegshi.sty)
(/usr/share/texlive/texmf-dist/tex/latex/xcolor/xcolor.sty
(/usr/share/texlive/texmf-dist/tex/latex/graphics-cfg/color.cfg)))
(/usr/share/texlive/texmf-dist/tex/latex/pdfpages/ppxetex.def))
(/usr/share/texlive/texmf-dist/tex/latex/tocloft/tocloft.sty)
(/usr/share/texlive/texmf-dist/tex/latex/lipsum/lipsum.sty)
(/usr/share/texlive/texmf-dist/tex/latex/xpatch/xpatch.sty)
(/usr/share/texlive/texmf-dist/tex/latex/mdframed/mdframed.sty
(/usr/share/texlive/texmf-dist/tex/latex/oberdiek/zref-abspage.sty
(/usr/share/texlive/texmf-dist/tex/latex/oberdiek/zref-base.sty
(/usr/share/texlive/texmf-dist/tex/generic/oberdiek/kvdefinekeys.sty)
(/usr/share/texlive/texmf-dist/tex/latex/oberdiek/auxhook.sty)))
(/usr/share/texlive/texmf-dist/tex/latex/needspace/needspace.sty)
(/usr/share/texlive/texmf-dist/tex/latex/mdframed/md-frame-0.mdf))/usr/bin/pygmentize

*************************************************
* xeCJK warning: "fandol"
* 
* Fandol is being set as the default font for CJK text.
* Please make sure it has been properly installed.
*************************************************
*************************************************
* fontspec warning: "script-not-exist"
* 
* Font 'FandolSong-Regular' does not contain script 'CJK'.
*************************************************
(./source.aux) (/usr/share/texlive/texmf-dist/tex/latex/base/ts1cmr.fd)
(/usr/share/texmf/tex/latex/tipa/t3cmr.fd)
*geometry* driver: auto-detecting
*geometry* detected driver: xetex
ABD: EverySelectfont initializing macros
(/usr/share/texlive/texmf-dist/tex/latex/oberdiek/pdflscape.sty
(/usr/share/texlive/texmf-dist/tex/latex/graphics/lscape.sty)) [1]
(./source.toc (/usr/share/texlive/texmf-dist/tex/latex/amsfonts/umsa.fd)
(/usr/share/texlive/texmf-dist/tex/latex/amsfonts/umsb.fd))
Chapter 1.
(./graph_theory.tex (./source.out.pyg) (./source.out.pyg) (./source.out.pyg
*************************************************
* fontspec warning: "script-not-exist"
* 
* Font 'FandolFang-Regular' does not contain script 'CJK'.
*************************************************
*************************************************
* fontspec warning: "script-not-exist"
* 
* Font 'FandolHei-Regular' does not contain script 'CJK'.
*************************************************
[1]) (./source.out.pyg) (./source.out.pyg) (./source.out.pyg) (./source.out.pyg
 [2] [3]) (./source.out.pyg) (./source.out.pyg [4]) (./source.out.pyg)
(./source.out.pyg) (./source.out.pyg [5]) (./source.out.pyg) (./source.out.pyg
[6]) (./source.out.pyg) (./source.out.pyg [7]) (./source.out.pyg) [8]
(./source.out.pyg) (./source.out.pyg) (./source.out.pyg [9]) (./source.out.pyg)
 [10])
Chapter 2.
(./math.tex (./source.out.pyg) (./source.out.pyg [11]) (./source.out.pyg)
(./source.out.pyg) (./source.out.pyg) (./source.out.pyg) (./source.out.pyg
Overfull \hbox (12.96217pt too wide) in paragraph at lines 20--1
[][] 
[12]) (./source.out.pyg) (./source.out.pyg) (./source.out.pyg [13])
(./source.out.pyg) (./source.out.pyg [14]) (./source.out.pyg) (./source.out.pyg
[15]) (./source.out.pyg) (./source.out.pyg) (./source.out.pyg)
(./source.out.pyg [16]) (./source.out.pyg) [17]

Package amsmath Warning: Foreign command \atopwithdelims;
(amsmath)                \frac or \genfrac should be used instead
(amsmath)                 on input line 113.


Overfull \hbox (8.09122pt too wide) in paragraph at lines 181--191
[]$\OML/cmm/m/it/10 ^^V\OT1/cmr/m/n/10 (\OML/cmm/m/it/10 n\OT1/cmr/m/n/10 ) = [
]$ 
[18])
Chapter 3.
(./geometry.tex (./source.out.pyg) (./source.out.pyg [19]) (./source.out.pyg
[20]) (./source.out.pyg) (./source.out.pyg) (./source.out.pyg)
(./source.out.pyg [21]) (./source.out.pyg [22]
Overfull \hbox (24.34332pt too wide) in paragraph at lines 148--148
\TU/lmtt/m/n/9 .sqrlen([] 

Overfull \hbox (5.4433pt too wide) in paragraph at lines 148--148
\TU/lmtt/m/n/9 ))))[] 
[23]) (./source.out.pyg) (./source.out.pyg [24] [25]) (./source.out.pyg)
(./source.out.pyg [26]) (./source.out.pyg)
Underfull \hbox (badness 5893) in paragraph at lines 56--102
\TU/FandolSong-Regular(0)/m/n/10 内 切 圆 半 径 $\OML/cmm/m/it/10 r \OT1/cmr/m/n/10 
= [] = 4\OML/cmm/m/it/10 R [] [] [] [] [] [] \OT1/cmr/m/n/10 =
[27])
Chapter 4.
(./string.tex (./source.out.pyg) (./source.out.pyg) (./source.out.pyg)
(./source.out.pyg [28]) (./source.out.pyg) (./source.out.pyg) (./source.out.pyg
 [29]))
Chapter 5.
(./data_structure.tex (./source.out.pyg) (./source.out.pyg) (./source.out.pyg)
(./source.out.pyg [30]) (./source.out.pyg [31]) (./source.out.pyg [32])
(./source.out.pyg) (./source.out.pyg) (./source.out.pyg
Overfull \hbox (127.57338pt too wide) in paragraph at lines 3--3
\TU/lmtt/m/n/9 dep[maxn],fa[maxn],son[maxn],dfn[maxn],timer,pos[maxn],size[maxn
],n,top[maxn];|  
[33]) (./source.out.pyg [34]) (./source.out.pyg [35]) (./source.out.pyg))
Chapter 6.
(./others.tex (./source.out.pyg) (./source.out.pyg [36]) (./source.out.pyg)
(./source.out.pyg) (./source.out.pyg) (./source.out.pyg) (./source.out.pyg)
(./source.out.pyg) (./Others/integral-table.tex [37]

Package amsmath Warning: Cannot use `split' here;
(amsmath)                trying to recover with `aligned' on input line 188.


Package amsmath Warning: Cannot use `split' here;
(amsmath)                trying to recover with `aligned' on input line 188.

))
Overfull \vbox (5.6249pt too high) has occurred while \output is active
[38] (./source.aux) )
(see the transcript file for additional information)
Output written on source.pdf (39 pages).
Transcript written on source.log.
